in write text: text
Writing 1 Text!
XPath Failed for Vol 1
	/*//milestone[@unit="page" and @n="1"]
in write text: text
Writing 2 Text!
in write text: text
Writing 3 Text!
in write text: text
Writing 4 Text!
in write text: text
Writing 5 Text!
in write text: text
Writing 6 Text!
in write text: text
Writing 7 Text!
in write text: text
Writing 8 Text!
in write text: text
Writing 9 Text!
in write text: text
Writing 10 Text!
in write text: text
Writing 11 Text!
in write text: text
Writing 12 Text!
in write text: text
Writing 13 Text!
in write text: text
Writing 14 Text!
in write text: text
Writing 15 Text!
in write text: text
Writing 16 Text!
in write text: text
Writing 17 Text!
None numeric n value: tbocrtifs/ngb_vol01/out_0636.tif
in write text: text
Writing 18 Text!
in write text: text
Writing 19 Text!
None numeric n value: tbocrtifs/ngb_vol01/out_0696.tif
None numeric n value: tbocrtifs/ngb_vol01/out_0697.tif
None numeric n value: tbocrtifs/ngb_vol01/out_0698.tif
None numeric n value: tbocrtifs/ngb_vol01/out_0699.tif
in write text: text
Writing 20 Text!
XPath Failed for Vol 2
	/*//milestone[@unit="page" and @n="1"]
in write text: text
Writing 21 Text!
in write text: text
Writing 22 Text!
in write text: text
Writing 23 Text!
None numeric n value: tbocrtifs/ngb_vol02/out_0362.tif
None numeric n value: tbocrtifs/ngb_vol02/out_0363.tif
in write text: text
Writing 24 Text!
XPath Failed for Vol 2
	/*//milestone[@unit="page" and @n="363"]
in write text: text
Writing 25 Text!
None numeric n value: tbocrtifs/ngb_vol02/out_0753.tif
None numeric n value: tbocrtifs/ngb_vol02/out_0754.tif
in write text: text
Writing 26 Text!
in write text: text
Writing 27 Text!
in write text: text
Writing 28 Text!
in write text: text
Writing 29 Text!
in write text: text
Writing 30 Text!
in write text: text
Writing 31 Text!
in write text: text
Writing 32 Text!
None numeric n value: tbocrtifs/ngb_vol03/out_0146.tif
in write text: text
Writing 33 Text!
in write text: text
Writing 34 Text!
in write text: text
Writing 35 Text!
in write text: text
Writing 36 Text!
in write text: text
Writing 37 Text!
in write text: text
Writing 38 Text!
in write text: text
Writing 39 Text!
in write text: text
Writing 40 Text!
in write text: text
Writing 41 Text!
in write text: text
Writing 42 Text!
in write text: text
Writing 43 Text!
in write text: text
Writing 44 Text!
in write text: text
Writing 45 Text!
in write text: text
Writing 46 Text!
in write text: text
Writing 47 Text!
in write text: text
Writing 48 Text!
in write text: text
Writing 49 Text!
None numeric n value: tbocrtifs/ngb_vol03/out_0728.tif
None numeric n value: tbocrtifs/ngb_vol03/out_0729.tif
None numeric n value: tbocrtifs/ngb_vol03/out_0730.tif
in write text: text
Writing 50 Text!
XPath Failed for Vol 4
	/*//milestone[@unit="page" and @n="1"]
in write text: text
Writing 51 Text!
in write text: text
Writing 52 Text!
in write text: text
Writing 53 Text!
in write text: text
Writing 54 Text!
None numeric n value: tbocrtifs/ngb_vol04/out_0751.tif
in write text: text
Writing 55 Text!
XPath Failed for Vol 5
	/*//milestone[@unit="page" and @n="1"]
in write text: text
Writing 56 Text!
in write text: text
Writing 57 Text!
in write text: text
Writing 58 Text!
in write text: text
Writing 59 Text!
in write text: text
Writing 60 Text!
in write text: text
Writing 61 Text!
in write text: text
Writing 62 Text!
in write text: text
Writing 63 Text!
in write text: text
Writing 64 Text!
in write text: text
Writing 65 Text!
in write text: text
Writing 66 Text!
XPath Failed for Vol 6
	/*//milestone[@unit="page" and @n="1"]
in write text: text
Writing 67 Text!
in write text: text
Writing 68 Text!
None numeric n value: tbocrtifs/ngb_vol06/out_0074.tif
None numeric n value: tbocrtifs/ngb_vol06/out_0086.tif
None numeric n value: tbocrtifs/ngb_vol06/out_0088.tif
None numeric n value: tbocrtifs/ngb_vol06/out_0092.tif
None numeric n value: tbocrtifs/ngb_vol06/out_0104.tif
None numeric n value: tbocrtifs/ngb_vol06/out_0108.tif
None numeric n value: tbocrtifs/ngb_vol06/out_0112.tif
None numeric n value: tbocrtifs/ngb_vol06/out_0128.tif
None numeric n value: tbocrtifs/ngb_vol06/out_0136.tif
None numeric n value: tbocrtifs/ngb_vol06/out_0148.tif
None numeric n value: tbocrtifs/ngb_vol06/out_0174.tif
None numeric n value: tbocrtifs/ngb_vol06/out_0180.tif
None numeric n value: tbocrtifs/ngb_vol06/out_0192.tif
None numeric n value: tbocrtifs/ngb_vol06/out_0208.tif
None numeric n value: tbocrtifs/ngb_vol06/out_0220.tif
None numeric n value: tbocrtifs/ngb_vol06/out_0228.tif
None numeric n value: tbocrtifs/ngb_vol06/out_0236.tif
in write text: text
Writing 69 Text!
in write text: text
Writing 70 Text!
None numeric n value: tbocrtifs/ngb_vol06/out_0280.tif
in write text: text
Writing 71 Text!
None numeric n value: tbocrtifs/ngb_vol06/out_0288.tif
in write text: text
Writing 72 Text!
None numeric n value: tbocrtifs/ngb_vol06/out_0320.tif
None numeric n value: tbocrtifs/ngb_vol06/out_0328.tif
None numeric n value: tbocrtifs/ngb_vol06/out_0364.tif
None numeric n value: tbocrtifs/ngb_vol06/out_0368.tif
None numeric n value: tbocrtifs/ngb_vol06/out_0370.tif
None numeric n value: tbocrtifs/ngb_vol06/out_0376.tif
in write text: text
Writing 73 Text!
None numeric n value: tbocrtifs/ngb_vol06/out_0400.tif
None numeric n value: tbocrtifs/ngb_vol06/out_0408.tif
None numeric n value: tbocrtifs/ngb_vol06/out_0416.tif
in write text: text
Writing 74 Text!
XPath Failed for Vol 6
	/*//milestone[@unit="page" and @n="416"]
in write text: text
Writing 75 Text!
None numeric n value: tbocrtifs/ngb_vol06/out_0438.tif
None numeric n value: tbocrtifs/ngb_vol06/out_0440.tif
in write text: text
Writing 76 Text!
None numeric n value: tbocrtifs/ngb_vol06/out_0448.tif
None numeric n value: tbocrtifs/ngb_vol06/out_0452.tif
in write text: text
Writing 77 Text!
None numeric n value: tbocrtifs/ngb_vol06/out_0456.tif
None numeric n value: tbocrtifs/ngb_vol06/out_0458.tif
None numeric n value: tbocrtifs/ngb_vol06/out_0462.tif
None numeric n value: tbocrtifs/ngb_vol06/out_0470.tif
in write text: text
Writing 78 Text!
None numeric n value: tbocrtifs/ngb_vol06/out_0478.tif
None numeric n value: tbocrtifs/ngb_vol06/out_0484.tif
None numeric n value: tbocrtifs/ngb_vol06/out_0486.tif
None numeric n value: tbocrtifs/ngb_vol06/out_0488.tif
None numeric n value: tbocrtifs/ngb_vol06/out_0490.tif
in write text: text
Writing 79 Text!
None numeric n value: tbocrtifs/ngb_vol06/out_0502.tif
None numeric n value: tbocrtifs/ngb_vol06/out_0514.tif
None numeric n value: tbocrtifs/ngb_vol06/out_0536.tif
in write text: text
Writing 80 Text!
None numeric n value: tbocrtifs/ngb_vol06/out_0542.tif
in write text: text
Writing 81 Text!
None numeric n value: tbocrtifs/ngb_vol06/out_0566.tif
None numeric n value: tbocrtifs/ngb_vol06/out_0569.tif
None numeric n value: tbocrtifs/ngb_vol06/out_0572.tif
None numeric n value: tbocrtifs/ngb_vol06/out_0574.tif
None numeric n value: tbocrtifs/ngb_vol06/out_0580.tif
None numeric n value: tbocrtifs/ngb_vol06/out_0584.tif
None numeric n value: tbocrtifs/ngb_vol06/out_0586.tif
None numeric n value: tbocrtifs/ngb_vol06/out_0587.tif
None numeric n value: tbocrtifs/ngb_vol06/out_0588.tif
None numeric n value: tbocrtifs/ngb_vol06/out_0592.tif
None numeric n value: tbocrtifs/ngb_vol06/out_0594.tif
None numeric n value: tbocrtifs/ngb_vol06/out_0600.tif
in write text: text
Writing 82 Text!
None numeric n value: tbocrtifs/ngb_vol06/out_0612.tif
None numeric n value: tbocrtifs/ngb_vol06/out_0614.tif
None numeric n value: tbocrtifs/ngb_vol06/out_0616.tif
None numeric n value: tbocrtifs/ngb_vol06/out_0618.tif
None numeric n value: tbocrtifs/ngb_vol06/out_0630.tif
None numeric n value: tbocrtifs/ngb_vol06/out_0636.tif
None numeric n value: tbocrtifs/ngb_vol06/out_0640.tif
None numeric n value: tbocrtifs/ngb_vol06/out_0642.tif
in write text: text
Writing 83 Text!
XPath Failed for Vol 6
	/*//milestone[@unit="page" and @n="642"]
in write text: text
Writing 84 Text!
None numeric n value: tbocrtifs/ngb_vol06/out_0674.tif
None numeric n value: tbocrtifs/ngb_vol06/out_0676.tif
None numeric n value: tbocrtifs/ngb_vol06/out_0678.tif
None numeric n value: tbocrtifs/ngb_vol06/out_0682.tif
in write text: text
Writing 85 Text!
None numeric n value: tbocrtifs/ngb_vol06/out_0692.tif
None numeric n value: tbocrtifs/ngb_vol06/out_0694.tif
None numeric n value: tbocrtifs/ngb_vol06/out_0696.tif
None numeric n value: tbocrtifs/ngb_vol06/out_0698.tif
None numeric n value: tbocrtifs/ngb_vol06/out_0708.tif
None numeric n value: tbocrtifs/ngb_vol06/out_0710.tif
None numeric n value: tbocrtifs/ngb_vol06/out_0712.tif
None numeric n value: tbocrtifs/ngb_vol06/out_0714.tif
in write text: text
Writing 86 Text!
None numeric n value: tbocrtifs/ngb_vol06/out_0720.tif
None numeric n value: tbocrtifs/ngb_vol06/out_0721.tif
None numeric n value: tbocrtifs/ngb_vol06/out_0722.tif
None numeric n value: tbocrtifs/ngb_vol06/out_0723.tif
None numeric n value: tbocrtifs/ngb_vol06/out_0724.tif
None numeric n value: tbocrtifs/ngb_vol06/out_0725.tif
None numeric n value: tbocrtifs/ngb_vol06/out_0726.tif
None numeric n value: tbocrtifs/ngb_vol06/out_0727.tif
None numeric n value: tbocrtifs/ngb_vol06/out_0728.tif
None numeric n value: tbocrtifs/ngb_vol06/out_0729.tif
None numeric n value: tbocrtifs/ngb_vol06/out_0730.tif
None numeric n value: tbocrtifs/ngb_vol06/out_0731.tif
None numeric n value: tbocrtifs/ngb_vol06/out_0732.tif
None numeric n value: tbocrtifs/ngb_vol06/out_0733.tif
None numeric n value: tbocrtifs/ngb_vol06/out_0734.tif
None numeric n value: tbocrtifs/ngb_vol06/out_0735.tif
None numeric n value: tbocrtifs/ngb_vol06/out_0736.tif
None numeric n value: tbocrtifs/ngb_vol06/out_0737.tif
None numeric n value: tbocrtifs/ngb_vol06/out_0738.tif
None numeric n value: tbocrtifs/ngb_vol06/out_0739.tif
None numeric n value: tbocrtifs/ngb_vol06/out_0740.tif
None numeric n value: tbocrtifs/ngb_vol06/out_0741.tif
None numeric n value: tbocrtifs/ngb_vol06/out_0742.tif
None numeric n value: tbocrtifs/ngb_vol06/out_0743.tif
None numeric n value: tbocrtifs/ngb_vol06/out_0744.tif
None numeric n value: tbocrtifs/ngb_vol06/out_0745.tif
None numeric n value: tbocrtifs/ngb_vol06/out_0746.tif
None numeric n value: tbocrtifs/ngb_vol06/out_0747.tif
None numeric n value: tbocrtifs/ngb_vol06/out_0748.tif
None numeric n value: tbocrtifs/ngb_vol06/out_0749.tif
None numeric n value: tbocrtifs/ngb_vol06/out_0750.tif
None numeric n value: tbocrtifs/ngb_vol06/out_0751.tif
None numeric n value: tbocrtifs/ngb_vol06/out_0752.tif
None numeric n value: tbocrtifs/ngb_vol06/out_0753.tif
None numeric n value: tbocrtifs/ngb_vol06/out_0754.tif
None numeric n value: tbocrtifs/ngb_vol06/out_0755.tif
None numeric n value: tbocrtifs/ngb_vol06/out_0756.tif
None numeric n value: tbocrtifs/ngb_vol06/out_0757.tif
None numeric n value: tbocrtifs/ngb_vol06/out_0758.tif
None numeric n value: tbocrtifs/ngb_vol06/out_0759.tif
None numeric n value: tbocrtifs/ngb_vol06/out_0760.tif
None numeric n value: tbocrtifs/ngb_vol06/out_0761.tif
None numeric n value: tbocrtifs/ngb_vol06/out_0762.tif
None numeric n value: tbocrtifs/ngb_vol06/out_0763.tif
None numeric n value: tbocrtifs/ngb_vol06/out_0764.tif
None numeric n value: tbocrtifs/ngb_vol06/out_0765.tif
None numeric n value: tbocrtifs/ngb_vol06/out_0766.tif
None numeric n value: tbocrtifs/ngb_vol06/out_0767.tif
None numeric n value: tbocrtifs/ngb_vol06/out_0768.tif
None numeric n value: tbocrtifs/ngb_vol06/out_0769.tif
None numeric n value: tbocrtifs/ngb_vol06/out_0770.tif
None numeric n value: tbocrtifs/ngb_vol06/out_0771.tif
None numeric n value: tbocrtifs/ngb_vol06/out_0772.tif
None numeric n value: tbocrtifs/ngb_vol06/out_0999.tif
in write text: text
Writing 87 Text!
XPath Failed for Vol 6
	/*//milestone[@unit="page" and @n="741"]
in write text: text
Writing 88 Text!
XPath Failed for Vol 7
	/*//milestone[@unit="page" and @n="1"]
in write text: text
Writing 89 Text!
in write text: text
Writing 90 Text!
in write text: text
Writing 91 Text!
in write text: text
Writing 92 Text!
in write text: text
Writing 93 Text!
None numeric n value: tbocrtifs/ngb_vol07/out_0274.tif
in write text: text
Writing 94 Text!
in write text: text
Writing 95 Text!
in write text: text
Writing 96 Text!
in write text: text
Writing 97 Text!
None numeric n value: tbocrtifs/ngb_vol07/out_0378.tif
None numeric n value: tbocrtifs/ngb_vol07/out_0482.tif
in write text: text
Writing 98 Text!
in write text: text
Writing 99 Text!
in write text: text
Writing 100 Text!
None numeric n value: tbocrtifs/ngb_vol07/out_0562.tif
in write text: text
Writing 101 Text!
in write text: text
Writing 102 Text!
in write text: text
Writing 103 Text!
None numeric n value: tbocrtifs/ngb_vol07/out_0640.tif
None numeric n value: tbocrtifs/ngb_vol07/out_0641.tif
None numeric n value: tbocrtifs/ngb_vol07/out_0642.tif
in write text: text
Writing 104 Text!
XPath Failed for Vol 8
	/*//milestone[@unit="page" and @n="1"]
in write text: text
Writing 105 Text!
in write text: text
Writing 106 Text!
in write text: text
Writing 107 Text!
in write text: text
Writing 108 Text!
in write text: text
Writing 109 Text!
in write text: text
Writing 110 Text!
in write text: text
Writing 111 Text!
in write text: text
Writing 112 Text!
in write text: text
Writing 113 Text!
in write text: text
Writing 114 Text!
in write text: text
Writing 115 Text!
in write text: text
Writing 116 Text!
in write text: text
Writing 117 Text!
in write text: text
Writing 118 Text!
in write text: text
Writing 119 Text!
in write text: text
Writing 120 Text!
in write text: text
Writing 121 Text!
None numeric n value: tbocrtifs/ngb_vol08/out_0444.tif
in write text: text
Writing 122 Text!
in write text: text
Writing 123 Text!
in write text: text
Writing 124 Text!
in write text: text
Writing 125 Text!
in write text: text
Writing 126 Text!
in write text: text
Writing 127 Text!
in write text: text
Writing 128 Text!
in write text: text
Writing 129 Text!
in write text: text
Writing 130 Text!
in write text: text
Writing 131 Text!
in write text: text
Writing 132 Text!
in write text: text
Writing 133 Text!
in write text: text
Writing 134 Text!
in write text: text
Writing 135 Text!
None numeric n value: tbocrtifs/ngb_vol08/out_0569.tif
in write text: text
Writing 136 Text!
in write text: text
Writing 137 Text!
in write text: text
Writing 138 Text!
in write text: text
Writing 139 Text!
in write text: text
Writing 140 Text!
None numeric n value: tbocrtifs/ngb_vol08/out_0779.tif
None numeric n value: tbocrtifs/ngb_vol08/out_0780.tif
None numeric n value: tbocrtifs/ngb_vol08/out_0781.tif
None numeric n value: tbocrtifs/ngb_vol08/out_0782.tif
None numeric n value: tbocrtifs/ngb_vol08/out_0783.tif
in write text: text
Writing 141 Text!
XPath Failed for Vol 9
	/*//milestone[@unit="page" and @n="1"]
in write text: text
Writing 142 Text!
in write text: text
Writing 143 Text!
in write text: text
Writing 144 Text!
in write text: text
Writing 145 Text!
in write text: text
Writing 146 Text!
in write text: text
Writing 147 Text!
in write text: text
Writing 148 Text!
in write text: text
Writing 149 Text!
None numeric n value: tbocrtifs/ngb_vol09/out_0261.tif
in write text: text
Writing 150 Text!
in write text: text
Writing 151 Text!
in write text: text
Writing 152 Text!
in write text: text
Writing 153 Text!
in write text: text
Writing 154 Text!
in write text: text
Writing 155 Text!
in write text: text
Writing 156 Text!
in write text: text
Writing 157 Text!
in write text: text
Writing 158 Text!
in write text: text
Writing 159 Text!
in write text: text
Writing 160 Text!
XPath Failed for Vol 9
	/*//milestone[@unit="page" and @n="0"]
in write text: text
Writing 161 Text!
XPath Failed for Vol 10
	/*//milestone[@unit="page" and @n="1"]
in write text: text
Writing 162 Text!
None numeric n value: tbocrtifs/ngb_vol10/out_0589.tif
None numeric n value: tbocrtifs/ngb_vol10/out_0672.tif
None numeric n value: tbocrtifs/ngb_vol10/out_0673.tif
None numeric n value: tbocrtifs/ngb_vol10/out_0740.tif
None numeric n value: tbocrtifs/ngb_vol10/out_0741.tif
None numeric n value: tbocrtifs/ngb_vol10/out_0747.tif
None numeric n value: tbocrtifs/ngb_vol10/out_0752.tif
None numeric n value: tbocrtifs/ngb_vol10/out_0755.tif
None numeric n value: tbocrtifs/ngb_vol10/out_0763.tif
None numeric n value: tbocrtifs/ngb_vol10/out_0764.tif
None numeric n value: tbocrtifs/ngb_vol10/out_0765.tif
in write text: text
Writing 163 Text!
XPath Failed for Vol 11
	/*//milestone[@unit="page" and @n="1"]
in write text: text
Writing 164 Text!
None numeric n value: tbocrtifs/ngb_vol11/out_0169.tif
in write text: text
Writing 165 Text!
None numeric n value: tbocrtifs/ngb_vol11/out_0225.tif
in write text: text
Writing 166 Text!
in write text: text
Writing 167 Text!
None numeric n value: tbocrtifs/ngb_vol11/out_0317.tif
in write text: text
Writing 168 Text!
in write text: text
Writing 169 Text!
None numeric n value: tbocrtifs/ngb_vol11/out_0397.tif
in write text: text
Writing 170 Text!
in write text: text
Writing 171 Text!
None numeric n value: tbocrtifs/ngb_vol11/out_0459.tif
in write text: text
Writing 172 Text!
None numeric n value: tbocrtifs/ngb_vol11/out_0467.tif
None numeric n value: tbocrtifs/ngb_vol11/out_0485.tif
in write text: text
Writing 173 Text!
in write text: text
Writing 174 Text!
None numeric n value: tbocrtifs/ngb_vol11/out_0583.tif
None numeric n value: tbocrtifs/ngb_vol11/out_0625.tif
in write text: text
Writing 175 Text!
in write text: text
Writing 176 Text!
XPath Failed for Vol 12
	/*//milestone[@unit="page" and @n="1"]
in write text: text
Writing 177 Text!
in write text: text
Writing 178 Text!
in write text: text
Writing 179 Text!
in write text: text
Writing 180 Text!
in write text: text
Writing 181 Text!
in write text: text
Writing 182 Text!
XPath Failed for Vol 12
	/*//milestone[@unit="page" and @n="252"]
in write text: text
Writing 183 Text!
in write text: text
Writing 184 Text!
in write text: text
Writing 185 Text!
in write text: text
Writing 186 Text!
in write text: text
Writing 187 Text!
in write text: text
Writing 188 Text!
XPath Failed for Vol 13
	/*//milestone[@unit="page" and @n="1"]
in write text: text
Writing 189 Text!
in write text: text
Writing 190 Text!
in write text: text
Writing 191 Text!
in write text: text
Writing 192 Text!
in write text: text
Writing 193 Text!
in write text: text
Writing 194 Text!
XPath Failed for Vol 14
	/*//milestone[@unit="page" and @n="1"]
in write text: text
Writing 195 Text!
in write text: text
Writing 196 Text!
in write text: text
Writing 197 Text!
in write text: text
Writing 198 Text!
in write text: text
Writing 199 Text!
in write text: text
Writing 200 Text!
XPath Failed for Vol 14
	/*//milestone[@unit="page" and @n="372"]
in write text: text
Writing 201 Text!
in write text: text
Writing 202 Text!
XPath Failed for Vol 14
	/*//milestone[@unit="page" and @n="734"]
in write text: text
Writing 203 Text!
XPath Failed for Vol 15
	/*//milestone[@unit="page" and @n="1"]
in write text: text
Writing 204 Text!
in write text: text
Writing 205 Text!
in write text: text
Writing 206 Text!
in write text: text
Writing 207 Text!
XPath Failed for Vol 16
	/*//milestone[@unit="page" and @n="1"]
in write text: text
Writing 208 Text!
in write text: text
Writing 209 Text!
in write text: text
Writing 210 Text!
in write text: text
Writing 211 Text!
in write text: text
Writing 212 Text!
XPath Failed for Vol 17
	/*//milestone[@unit="page" and @n="1"]
in write text: text
Writing 213 Text!
in write text: text
Writing 214 Text!
in write text: text
Writing 215 Text!
in write text: text
Writing 216 Text!
in write text: text
Writing 217 Text!
in write text: text
Writing 218 Text!
in write text: text
Writing 219 Text!
in write text: text
Writing 220 Text!
in write text: text
Writing 221 Text!
in write text: text
Writing 222 Text!
in write text: text
Writing 223 Text!
in write text: text
Writing 224 Text!
in write text: text
Writing 225 Text!
in write text: text
Writing 226 Text!
in write text: text
Writing 227 Text!
in write text: text
Writing 228 Text!
in write text: text
Writing 229 Text!
XPath Failed for Vol 18
	/*//milestone[@unit="page" and @n="1"]
in write text: text
Writing 230 Text!
in write text: text
Writing 231 Text!
in write text: text
Writing 232 Text!
in write text: text
Writing 233 Text!
in write text: text
Writing 234 Text!
in write text: text
Writing 235 Text!
in write text: text
Writing 236 Text!
XPath Failed for Vol 18
	/*//milestone[@unit="page" and @n="496"]
in write text: text
Writing 237 Text!
in write text: text
Writing 238 Text!
in write text: text
Writing 239 Text!
in write text: text
Writing 240 Text!
in write text: text
Writing 241 Text!
XPath Failed for Vol 19
	/*//milestone[@unit="page" and @n="1"]
in write text: text
Writing 242 Text!
in write text: text
Writing 243 Text!
in write text: text
Writing 244 Text!
in write text: text
Writing 245 Text!
XPath Failed for Vol 20
	/*//milestone[@unit="page" and @n="1"]
in write text: text
Writing 246 Text!
in write text: text
Writing 247 Text!
in write text: text
Writing 248 Text!
in write text: text
Writing 249 Text!
in write text: text
Writing 250 Text!
in write text: text
Writing 251 Text!
