Log file for Peltsek conversion
arguments: {'path': 'bibls', 'type': 'bibl'}
Writing 1 Tibbibl!
Writing 2 Tibbibl!
Writing 3 Tibbibl!
Writing 4 Tibbibl!
Writing 5 Tibbibl!
Writing 6 Tibbibl!
Writing 7 Tibbibl!
Writing 8 Tibbibl!
Writing 9 Tibbibl!
Writing 10 Tibbibl!
Writing 11 Tibbibl!
Writing 12 Tibbibl!
Writing 13 Tibbibl!
Writing 14 Tibbibl!
Writing 15 Tibbibl!
Writing 16 Tibbibl!
Writing 17 Tibbibl!
Writing 18 Tibbibl!
Writing 19 Tibbibl!
Writing 20 Tibbibl!
Writing 21 Tibbibl!
Writing 22 Tibbibl!
Writing 23 Tibbibl!
Writing 24 Tibbibl!
Writing 25 Tibbibl!
Writing 26 Tibbibl!
Writing 27 Tibbibl!
Writing 28 Tibbibl!
Writing 29 Tibbibl!
Writing 30 Tibbibl!
Writing 31 Tibbibl!
Writing 32 Tibbibl!
Writing 33 Tibbibl!
Writing 34 Tibbibl!
Writing 35 Tibbibl!
Writing 36 Tibbibl!
Writing 37 Tibbibl!
Writing 38 Tibbibl!
Writing 39 Tibbibl!
Writing 40 Tibbibl!
Writing 41 Tibbibl!
Writing 42 Tibbibl!
Writing 43 Tibbibl!
Writing 44 Tibbibl!
Writing 45 Tibbibl!
Writing 46 Tibbibl!
Writing 47 Tibbibl!
Writing 48 Tibbibl!
Writing 49 Tibbibl!
Writing 50 Tibbibl!
Writing 51 Tibbibl!
Writing 52 Tibbibl!
Writing 53 Tibbibl!
Writing 54 Tibbibl!
Writing 55 Tibbibl!
Writing 56 Tibbibl!
Writing 57 Tibbibl!
Writing 58 Tibbibl!
Writing 59 Tibbibl!
Writing 60 Tibbibl!
Writing 61 Tibbibl!
Writing 62 Tibbibl!
Writing 63 Tibbibl!
Writing 64 Tibbibl!
Writing 65 Tibbibl!
Writing 66 Tibbibl!
Writing 67 Tibbibl!
Writing 68 Tibbibl!
Writing 69 Tibbibl!
Writing 70 Tibbibl!
Writing 71 Tibbibl!
Writing 72 Tibbibl!
Writing 73 Tibbibl!
Writing 74 Tibbibl!
Writing 75 Tibbibl!
Writing 76 Tibbibl!
Writing 77 Tibbibl!
Writing 78 Tibbibl!
Writing 79 Tibbibl!
Writing 80 Tibbibl!
Writing 81 Tibbibl!
Writing 82 Tibbibl!
Writing 83 Tibbibl!
Writing 84 Tibbibl!
Writing 85 Tibbibl!
Writing 86 Tibbibl!
Writing 87 Tibbibl!
Writing 88 Tibbibl!
Writing 89 Tibbibl!
Writing 90 Tibbibl!
Writing 91 Tibbibl!
Writing 92 Tibbibl!
Writing 93 Tibbibl!
Writing 94 Tibbibl!
Writing 95 Tibbibl!
Writing 96 Tibbibl!
Writing 97 Tibbibl!
Writing 98 Tibbibl!
Writing 99 Tibbibl!
Writing 100 Tibbibl!
Writing 101 Tibbibl!
Writing 102 Tibbibl!
Writing 103 Tibbibl!
Writing 104 Tibbibl!
Writing 105 Tibbibl!
Writing 106 Tibbibl!
Writing 107 Tibbibl!
Writing 108 Tibbibl!
Writing 109 Tibbibl!
Writing 110 Tibbibl!
Writing 111 Tibbibl!
Writing 112 Tibbibl!
Writing 113 Tibbibl!
Writing 114 Tibbibl!
Writing 115 Tibbibl!
Writing 116 Tibbibl!
Writing 117 Tibbibl!
Writing 118 Tibbibl!
Writing 119 Tibbibl!
Writing 120 Tibbibl!
Writing 121 Tibbibl!
Writing 122 Tibbibl!
Writing 123 Tibbibl!
Writing 124 Tibbibl!
Writing 125 Tibbibl!
Writing 126 Tibbibl!
Writing 127 Tibbibl!
Writing 128 Tibbibl!
Writing 129 Tibbibl!
Writing 130 Tibbibl!
Writing 131 Tibbibl!
Writing 132 Tibbibl!
Writing 133 Tibbibl!
Writing 134 Tibbibl!
Writing 135 Tibbibl!
Writing 136 Tibbibl!
Writing 137 Tibbibl!
Writing 138 Tibbibl!
Writing 139 Tibbibl!
Writing 140 Tibbibl!
Writing 141 Tibbibl!
Writing 142 Tibbibl!
Writing 143 Tibbibl!
Writing 144 Tibbibl!
Writing 145 Tibbibl!
Writing 146 Tibbibl!
Writing 147 Tibbibl!
Writing 148 Tibbibl!
Writing 149 Tibbibl!
Writing 150 Tibbibl!
Writing 151 Tibbibl!
Writing 152 Tibbibl!
Writing 153 Tibbibl!
Writing 154 Tibbibl!
Writing 155 Tibbibl!
Writing 156 Tibbibl!
Writing 157 Tibbibl!
Writing 158 Tibbibl!
Writing 159 Tibbibl!
Writing 160 Tibbibl!
Writing 161 Tibbibl!
Writing 162 Tibbibl!
Writing 163 Tibbibl!
Writing 164 Tibbibl!
Writing 165 Tibbibl!
Writing 166 Tibbibl!
Writing 167 Tibbibl!
Writing 168 Tibbibl!
Writing 169 Tibbibl!
Writing 170 Tibbibl!
Writing 171 Tibbibl!
Writing 172 Tibbibl!
Writing 173 Tibbibl!
Writing 174 Tibbibl!
Writing 175 Tibbibl!
Writing 176 Tibbibl!
Writing 177 Tibbibl!
Writing 178 Tibbibl!
Writing 179 Tibbibl!
Writing 180 Tibbibl!
Writing 181 Tibbibl!
Writing 182 Tibbibl!
Writing 183 Tibbibl!
Writing 184 Tibbibl!
Writing 185 Tibbibl!
Writing 186 Tibbibl!
Writing 187 Tibbibl!
Writing 188 Tibbibl!
Writing 189 Tibbibl!
Writing 190 Tibbibl!
Writing 191 Tibbibl!
Writing 192 Tibbibl!
Writing 193 Tibbibl!
Writing 194 Tibbibl!
Writing 195 Tibbibl!
Writing 196 Tibbibl!
Writing 197 Tibbibl!
Writing 198 Tibbibl!
Writing 199 Tibbibl!
Writing 200 Tibbibl!
Writing 201 Tibbibl!
Writing 202 Tibbibl!
Writing 203 Tibbibl!
Writing 204 Tibbibl!
Writing 205 Tibbibl!
Writing 206 Tibbibl!
Writing 207 Tibbibl!
Writing 208 Tibbibl!
Writing 209 Tibbibl!
Writing 210 Tibbibl!
Writing 211 Tibbibl!
Writing 212 Tibbibl!
Writing 213 Tibbibl!
Writing 214 Tibbibl!
Writing 215 Tibbibl!
Writing 216 Tibbibl!
Writing 217 Tibbibl!
Writing 218 Tibbibl!
Writing 219 Tibbibl!
Writing 220 Tibbibl!
Writing 221 Tibbibl!
Writing 222 Tibbibl!
Writing 223 Tibbibl!
Writing 224 Tibbibl!
Writing 225 Tibbibl!
Writing 226 Tibbibl!
Writing 227 Tibbibl!
Writing 228 Tibbibl!
Writing 229 Tibbibl!
Writing 230 Tibbibl!
Writing 231 Tibbibl!
Writing 232 Tibbibl!
Writing 233 Tibbibl!
Writing 234 Tibbibl!
Writing 235 Tibbibl!
Writing 236 Tibbibl!
Writing 237 Tibbibl!
Writing 238 Tibbibl!
Writing 239 Tibbibl!
Writing 240 Tibbibl!
Writing 241 Tibbibl!
Writing 242 Tibbibl!
Writing 243 Tibbibl!
Writing 244 Tibbibl!
Writing 245 Tibbibl!
Writing 246 Tibbibl!
Writing 247 Tibbibl!
Writing 248 Tibbibl!
Writing 249 Tibbibl!
Writing 250 Tibbibl!
Writing 251 Tibbibl!
Writing 252 Tibbibl!
Writing 253 Tibbibl!
Writing 254 Tibbibl!
Writing 255 Tibbibl!
Writing 256 Tibbibl!
Writing 257 Tibbibl!
Writing 258 Tibbibl!
Writing 259 Tibbibl!
	No end page
Writing 260 Tibbibl!
Writing 261 Tibbibl!
Writing 262 Tibbibl!
Writing 263 Tibbibl!
Writing 264 Tibbibl!
Writing 265 Tibbibl!
Writing 266 Tibbibl!
Writing 267 Tibbibl!
Writing 268 Tibbibl!
Writing 269 Tibbibl!
Writing 270 Tibbibl!
Writing 271 Tibbibl!
Writing 272 Tibbibl!
Writing 273 Tibbibl!
Writing 274 Tibbibl!
Writing 275 Tibbibl!
Writing 276 Tibbibl!
Writing 277 Tibbibl!
Writing 278 Tibbibl!
Writing 279 Tibbibl!
Writing 280 Tibbibl!
Writing 281 Tibbibl!
Writing 282 Tibbibl!
Writing 283 Tibbibl!
Writing 284 Tibbibl!
Writing 285 Tibbibl!
Writing 286 Tibbibl!
Writing 287 Tibbibl!
Writing 288 Tibbibl!
Writing 289 Tibbibl!
Writing 290 Tibbibl!
Writing 291 Tibbibl!
Writing 292 Tibbibl!
Writing 293 Tibbibl!
Writing 294 Tibbibl!
Writing 295 Tibbibl!
Writing 296 Tibbibl!
Writing 297 Tibbibl!
Writing 298 Tibbibl!
Writing 299 Tibbibl!
Writing 300 Tibbibl!
Writing 301 Tibbibl!
Writing 302 Tibbibl!
Writing 303 Tibbibl!
Writing 304 Tibbibl!
Writing 305 Tibbibl!
Writing 306 Tibbibl!
Writing 307 Tibbibl!
Writing 308 Tibbibl!
	No end page
Writing 309 Tibbibl!
Writing 310 Tibbibl!
Writing 311 Tibbibl!
Writing 312 Tibbibl!
Writing 313 Tibbibl!
Writing 314 Tibbibl!
Writing 315 Tibbibl!
Writing 316 Tibbibl!
Writing 317 Tibbibl!
Writing 318 Tibbibl!
Writing 319 Tibbibl!
Writing 320 Tibbibl!
Writing 321 Tibbibl!
Writing 322 Tibbibl!
Writing 323 Tibbibl!
Writing 324 Tibbibl!
Writing 325 Tibbibl!
Writing 326 Tibbibl!
Writing 327 Tibbibl!
Writing 328 Tibbibl!
Writing 329 Tibbibl!
Writing 330 Tibbibl!
Writing 331 Tibbibl!
Writing 332 Tibbibl!
Writing 333 Tibbibl!
Writing 334 Tibbibl!
Writing 335 Tibbibl!
Writing 336 Tibbibl!
Writing 337 Tibbibl!
Writing 338 Tibbibl!
Writing 339 Tibbibl!
Writing 340 Tibbibl!
Writing 341 Tibbibl!
Writing 342 Tibbibl!
Writing 343 Tibbibl!
Writing 344 Tibbibl!
Writing 345 Tibbibl!
Writing 346 Tibbibl!
Writing 347 Tibbibl!
Writing 348 Tibbibl!
Writing 349 Tibbibl!
Writing 350 Tibbibl!
Writing 351 Tibbibl!
Writing 352 Tibbibl!
Writing 353 Tibbibl!
Writing 354 Tibbibl!
Writing 355 Tibbibl!
Writing 356 Tibbibl!
	No start page
	No end page
Writing 357 Tibbibl!
Writing 358 Tibbibl!
Writing 359 Tibbibl!
Writing 360 Tibbibl!
Writing 361 Tibbibl!
Writing 362 Tibbibl!
Writing 363 Tibbibl!
Writing 364 Tibbibl!
Writing 365 Tibbibl!
Writing 366 Tibbibl!
Writing 367 Tibbibl!
Writing 368 Tibbibl!
Writing 369 Tibbibl!
Writing 370 Tibbibl!
Writing 371 Tibbibl!
Writing 372 Tibbibl!
Writing 373 Tibbibl!
Writing 374 Tibbibl!
Writing 375 Tibbibl!
Writing 376 Tibbibl!
Writing 377 Tibbibl!
Writing 378 Tibbibl!
Writing 379 Tibbibl!
Writing 380 Tibbibl!
Writing 381 Tibbibl!
Writing 382 Tibbibl!
Writing 383 Tibbibl!
Writing 384 Tibbibl!
Writing 385 Tibbibl!
Writing 386 Tibbibl!
Writing 387 Tibbibl!
Writing 388 Tibbibl!
Writing 389 Tibbibl!
Writing 390 Tibbibl!
Writing 391 Tibbibl!
Writing 392 Tibbibl!
Writing 393 Tibbibl!
Writing 394 Tibbibl!
Writing 395 Tibbibl!
Writing 396 Tibbibl!
Writing 397 Tibbibl!
Writing 398 Tibbibl!
Writing 399 Tibbibl!
Writing 400 Tibbibl!
Writing 401 Tibbibl!
Writing 402 Tibbibl!
Writing 403 Tibbibl!
Writing 404 Tibbibl!
Writing 405 Tibbibl!
Writing 406 Tibbibl!
Writing 407 Tibbibl!
Writing 408 Tibbibl!
Writing 409 Tibbibl!
Writing 410 Tibbibl!
Writing 411 Tibbibl!
Writing 412 Tibbibl!
Writing 413 Tibbibl!
Writing 414 Tibbibl!
Writing 415 Tibbibl!
Writing 416 Tibbibl!
Writing 417 Tibbibl!
Writing 418 Tibbibl!
Writing 419 Tibbibl!
Writing 420 Tibbibl!
Writing 421 Tibbibl!
Writing 422 Tibbibl!
Writing 423 Tibbibl!
Writing 424 Tibbibl!
Writing 425 Tibbibl!
Writing 426 Tibbibl!
Writing 427 Tibbibl!
Writing 428 Tibbibl!
Writing 429 Tibbibl!
Writing 430 Tibbibl!
Writing 431 Tibbibl!
Writing 432 Tibbibl!
Writing 433 Tibbibl!
Writing 434 Tibbibl!
Writing 435 Tibbibl!
Writing 436 Tibbibl!
Writing 437 Tibbibl!
Writing 438 Tibbibl!
Writing 439 Tibbibl!
Writing 440 Tibbibl!
Writing 441 Tibbibl!
Writing 442 Tibbibl!
Writing 443 Tibbibl!
Writing 444 Tibbibl!
Writing 445 Tibbibl!
Writing 446 Tibbibl!
Writing 447 Tibbibl!
Writing 448 Tibbibl!
Writing 449 Tibbibl!
Writing 450 Tibbibl!
Writing 451 Tibbibl!
Writing 452 Tibbibl!
Writing 453 Tibbibl!
Writing 454 Tibbibl!
Writing 455 Tibbibl!
Writing 456 Tibbibl!
Writing 457 Tibbibl!
Writing 458 Tibbibl!
Writing 459 Tibbibl!
Writing 460 Tibbibl!
Writing 461 Tibbibl!
Writing 462 Tibbibl!
Writing 463 Tibbibl!
Writing 464 Tibbibl!
Writing 465 Tibbibl!
Writing 466 Tibbibl!
Writing 467 Tibbibl!
Writing 468 Tibbibl!
Writing 469 Tibbibl!
Writing 470 Tibbibl!
Writing 471 Tibbibl!
Writing 472 Tibbibl!
Writing 473 Tibbibl!
Writing 474 Tibbibl!
Writing 475 Tibbibl!
Writing 476 Tibbibl!
Writing 477 Tibbibl!
Writing 478 Tibbibl!
Writing 479 Tibbibl!
Writing 480 Tibbibl!
Writing 481 Tibbibl!
Writing 482 Tibbibl!
Writing 483 Tibbibl!
Writing 484 Tibbibl!
Writing 485 Tibbibl!
Writing 486 Tibbibl!
Writing 487 Tibbibl!
Writing 488 Tibbibl!
Writing 489 Tibbibl!
Writing 490 Tibbibl!
Writing 491 Tibbibl!
Writing 492 Tibbibl!
Writing 493 Tibbibl!
Writing 494 Tibbibl!
Writing 495 Tibbibl!
Writing 496 Tibbibl!
Writing 497 Tibbibl!
Writing 498 Tibbibl!
Writing 499 Tibbibl!
Writing 500 Tibbibl!
Writing 501 Tibbibl!
Writing 502 Tibbibl!
Writing 503 Tibbibl!
Writing 504 Tibbibl!
Writing 505 Tibbibl!
Writing 506 Tibbibl!
Writing 507 Tibbibl!
Writing 508 Tibbibl!
Writing 509 Tibbibl!
Writing 510 Tibbibl!
Writing 511 Tibbibl!
Writing 512 Tibbibl!
Writing 513 Tibbibl!
Writing 514 Tibbibl!
Writing 515 Tibbibl!
Writing 516 Tibbibl!
Writing 517 Tibbibl!
Writing 518 Tibbibl!
Writing 519 Tibbibl!
Writing 520 Tibbibl!
Writing 521 Tibbibl!
Writing 522 Tibbibl!
Writing 523 Tibbibl!
Writing 524 Tibbibl!
Writing 525 Tibbibl!
Writing 526 Tibbibl!
Writing 527 Tibbibl!
Writing 528 Tibbibl!
Writing 529 Tibbibl!
Writing 530 Tibbibl!
Writing 531 Tibbibl!
Writing 532 Tibbibl!
Writing 533 Tibbibl!
Writing 534 Tibbibl!
Writing 535 Tibbibl!
Writing 536 Tibbibl!
Writing 537 Tibbibl!
Writing 538 Tibbibl!
Writing 539 Tibbibl!
Writing 540 Tibbibl!
Writing 541 Tibbibl!
Writing 542 Tibbibl!
Writing 543 Tibbibl!
Writing 544 Tibbibl!
Writing 545 Tibbibl!
Writing 546 Tibbibl!
Writing 547 Tibbibl!
Writing 548 Tibbibl!
Writing 549 Tibbibl!
Writing 550 Tibbibl!
Writing 551 Tibbibl!
Writing 552 Tibbibl!
Writing 553 Tibbibl!
Writing 554 Tibbibl!
Writing 555 Tibbibl!
Writing 556 Tibbibl!
Writing 557 Tibbibl!
Writing 558 Tibbibl!
Writing 559 Tibbibl!
Writing 560 Tibbibl!
Writing 561 Tibbibl!
Writing 562 Tibbibl!
Writing 563 Tibbibl!
Writing 564 Tibbibl!
Writing 565 Tibbibl!
Writing 566 Tibbibl!
Writing 567 Tibbibl!
Writing 568 Tibbibl!
Writing 569 Tibbibl!
Writing 570 Tibbibl!
Writing 571 Tibbibl!
Writing 572 Tibbibl!
Writing 573 Tibbibl!
Writing 574 Tibbibl!
Writing 575 Tibbibl!
Writing 576 Tibbibl!
Writing 577 Tibbibl!
Writing 578 Tibbibl!
Writing 579 Tibbibl!
Writing 580 Tibbibl!
Writing 581 Tibbibl!
Writing 582 Tibbibl!
Writing 583 Tibbibl!
Writing 584 Tibbibl!
Writing 585 Tibbibl!
Writing 586 Tibbibl!
Writing 587 Tibbibl!
Writing 588 Tibbibl!
Writing 589 Tibbibl!
Writing 590 Tibbibl!
Writing 591 Tibbibl!
Writing 592 Tibbibl!
Writing 593 Tibbibl!
Writing 594 Tibbibl!
Writing 595 Tibbibl!
Writing 596 Tibbibl!
	No start page
	No end page
Writing 597 Tibbibl!
Writing 598 Tibbibl!
Writing 599 Tibbibl!
Writing 600 Tibbibl!
Writing 601 Tibbibl!
Writing 602 Tibbibl!
Writing 603 Tibbibl!
Writing 604 Tibbibl!
Writing 605 Tibbibl!
Writing 606 Tibbibl!
Writing 607 Tibbibl!
Writing 608 Tibbibl!
Writing 609 Tibbibl!
Writing 610 Tibbibl!
Writing 611 Tibbibl!
Writing 612 Tibbibl!
Writing 613 Tibbibl!
Writing 614 Tibbibl!
Writing 615 Tibbibl!
Writing 616 Tibbibl!
Writing 617 Tibbibl!
Writing 618 Tibbibl!
Writing 619 Tibbibl!
Writing 620 Tibbibl!
Writing 621 Tibbibl!
Writing 622 Tibbibl!
Writing 623 Tibbibl!
Writing 624 Tibbibl!
Writing 625 Tibbibl!
Writing 626 Tibbibl!
Writing 627 Tibbibl!
Writing 628 Tibbibl!
Writing 629 Tibbibl!
Writing 630 Tibbibl!
Writing 631 Tibbibl!
Writing 632 Tibbibl!
Writing 633 Tibbibl!
Writing 634 Tibbibl!
Writing 635 Tibbibl!
Writing 636 Tibbibl!
Writing 637 Tibbibl!
Writing 638 Tibbibl!
Writing 639 Tibbibl!
Writing 640 Tibbibl!
Writing 641 Tibbibl!
Writing 642 Tibbibl!
Writing 643 Tibbibl!
Writing 644 Tibbibl!
Writing 645 Tibbibl!
Writing 646 Tibbibl!
Writing 647 Tibbibl!
Writing 648 Tibbibl!
Writing 649 Tibbibl!
Writing 650 Tibbibl!
Writing 651 Tibbibl!
Writing 652 Tibbibl!
Writing 653 Tibbibl!
Writing 654 Tibbibl!
Writing 655 Tibbibl!
Writing 656 Tibbibl!
Writing 657 Tibbibl!
Writing 658 Tibbibl!
Writing 659 Tibbibl!
	No start page
	No end page
Writing 660 Tibbibl!
Writing 661 Tibbibl!
Writing 662 Tibbibl!
Writing 663 Tibbibl!
Writing 664 Tibbibl!
Writing 665 Tibbibl!
Writing 666 Tibbibl!
Writing 667 Tibbibl!
Writing 668 Tibbibl!
Writing 669 Tibbibl!
Writing 670 Tibbibl!
Writing 671 Tibbibl!
Writing 672 Tibbibl!
Writing 673 Tibbibl!
Writing 674 Tibbibl!
Writing 675 Tibbibl!
Writing 676 Tibbibl!
Writing 677 Tibbibl!
Writing 678 Tibbibl!
Writing 679 Tibbibl!
Writing 680 Tibbibl!
Writing 681 Tibbibl!
Writing 682 Tibbibl!
Writing 683 Tibbibl!
Writing 684 Tibbibl!
Writing 685 Tibbibl!
Writing 686 Tibbibl!
Writing 687 Tibbibl!
Writing 688 Tibbibl!
Writing 689 Tibbibl!
Writing 690 Tibbibl!
Writing 691 Tibbibl!
Writing 692 Tibbibl!
Writing 693 Tibbibl!
Writing 694 Tibbibl!
Writing 695 Tibbibl!
Writing 696 Tibbibl!
Writing 697 Tibbibl!
Writing 698 Tibbibl!
Writing 699 Tibbibl!
Writing 700 Tibbibl!
Writing 701 Tibbibl!
Writing 702 Tibbibl!
Writing 703 Tibbibl!
Writing 704 Tibbibl!
Writing 705 Tibbibl!
Writing 706 Tibbibl!
Writing 707 Tibbibl!
Writing 708 Tibbibl!
Writing 709 Tibbibl!
Writing 710 Tibbibl!
Writing 711 Tibbibl!
Writing 712 Tibbibl!
Writing 713 Tibbibl!
Writing 714 Tibbibl!
Writing 715 Tibbibl!
Writing 716 Tibbibl!
Writing 717 Tibbibl!
Writing 718 Tibbibl!
Writing 719 Tibbibl!
Writing 720 Tibbibl!
	No end page
Writing 721 Tibbibl!
Writing 722 Tibbibl!
Writing 723 Tibbibl!
Writing 724 Tibbibl!
Writing 725 Tibbibl!
Writing 726 Tibbibl!
Writing 727 Tibbibl!
Writing 728 Tibbibl!
	No start page
	No end page
Writing 729 Tibbibl!
Writing 730 Tibbibl!
Writing 731 Tibbibl!
Writing 732 Tibbibl!
	No end page
Writing 733 Tibbibl!
Writing 734 Tibbibl!
Writing 735 Tibbibl!
Writing 736 Tibbibl!
Writing 737 Tibbibl!
Writing 738 Tibbibl!
Writing 739 Tibbibl!
Writing 740 Tibbibl!
Writing 741 Tibbibl!
Writing 742 Tibbibl!
Writing 743 Tibbibl!
Writing 744 Tibbibl!
Writing 745 Tibbibl!
Writing 746 Tibbibl!
Writing 747 Tibbibl!
Writing 748 Tibbibl!
Writing 749 Tibbibl!
Writing 750 Tibbibl!
Writing 751 Tibbibl!
Writing 752 Tibbibl!
Writing 753 Tibbibl!
Writing 754 Tibbibl!
Writing 755 Tibbibl!
Writing 756 Tibbibl!
Writing 757 Tibbibl!
Writing 758 Tibbibl!
	No start page
	No end page
Writing 759 Tibbibl!
Writing 760 Tibbibl!
Writing 761 Tibbibl!
Writing 762 Tibbibl!
Writing 763 Tibbibl!
Writing 764 Tibbibl!
Writing 765 Tibbibl!
Writing 766 Tibbibl!
	No end page
Writing 767 Tibbibl!
Writing 768 Tibbibl!
Writing 769 Tibbibl!
Writing 770 Tibbibl!
Writing 771 Tibbibl!
Writing 772 Tibbibl!
Writing 773 Tibbibl!
Writing 774 Tibbibl!
Writing 775 Tibbibl!
Writing 776 Tibbibl!
Writing 777 Tibbibl!
Writing 778 Tibbibl!
Writing 779 Tibbibl!
Writing 780 Tibbibl!
Writing 781 Tibbibl!
Writing 782 Tibbibl!
Writing 783 Tibbibl!
Writing 784 Tibbibl!
Writing 785 Tibbibl!
Writing 786 Tibbibl!
Writing 787 Tibbibl!
Writing 788 Tibbibl!
Writing 789 Tibbibl!
Writing 790 Tibbibl!
Writing 791 Tibbibl!
Writing 792 Tibbibl!
Writing 793 Tibbibl!
Writing 794 Tibbibl!
Writing 795 Tibbibl!
Writing 796 Tibbibl!
Writing 797 Tibbibl!
Writing 798 Tibbibl!
Writing 799 Tibbibl!
Writing 800 Tibbibl!
Writing 801 Tibbibl!
Writing 802 Tibbibl!
Writing 803 Tibbibl!
Writing 804 Tibbibl!
Writing 805 Tibbibl!
Writing 806 Tibbibl!
Writing 807 Tibbibl!
Writing 808 Tibbibl!
Writing 809 Tibbibl!
Writing 810 Tibbibl!
Writing 811 Tibbibl!
Writing 812 Tibbibl!
Writing 813 Tibbibl!
Writing 814 Tibbibl!
Writing 815 Tibbibl!
Writing 816 Tibbibl!
Writing 817 Tibbibl!
Writing 818 Tibbibl!
Writing 819 Tibbibl!
Writing 820 Tibbibl!
Writing 821 Tibbibl!
Writing 822 Tibbibl!
Writing 823 Tibbibl!
Writing 824 Tibbibl!
Writing 825 Tibbibl!
Writing 826 Tibbibl!
Writing 827 Tibbibl!
Writing 828 Tibbibl!
Writing 829 Tibbibl!
Writing 830 Tibbibl!
Writing 831 Tibbibl!
Writing 832 Tibbibl!
Writing 833 Tibbibl!
Writing 834 Tibbibl!
Writing 835 Tibbibl!
Writing 836 Tibbibl!
Writing 837 Tibbibl!
Writing 838 Tibbibl!
Writing 839 Tibbibl!
Writing 840 Tibbibl!
Writing 841 Tibbibl!
Writing 842 Tibbibl!
Writing 843 Tibbibl!
Writing 844 Tibbibl!
Writing 845 Tibbibl!
Writing 846 Tibbibl!
Writing 847 Tibbibl!
Writing 848 Tibbibl!
Writing 849 Tibbibl!
Writing 850 Tibbibl!
Writing 851 Tibbibl!
Writing 852 Tibbibl!
Writing 853 Tibbibl!
Writing 854 Tibbibl!
Writing 855 Tibbibl!
Writing 856 Tibbibl!
Writing 857 Tibbibl!
Writing 858 Tibbibl!
Writing 859 Tibbibl!
Writing 860 Tibbibl!
Writing 861 Tibbibl!
Writing 862 Tibbibl!
Writing 863 Tibbibl!
Writing 864 Tibbibl!
Writing 865 Tibbibl!
Writing 866 Tibbibl!
Writing 867 Tibbibl!
Writing 868 Tibbibl!
Writing 869 Tibbibl!
Writing 870 Tibbibl!
Writing 871 Tibbibl!
Writing 872 Tibbibl!
Writing 873 Tibbibl!
Writing 874 Tibbibl!
Writing 875 Tibbibl!
Writing 876 Tibbibl!
Writing 877 Tibbibl!
Writing 878 Tibbibl!
Writing 879 Tibbibl!
Writing 880 Tibbibl!
Writing 881 Tibbibl!
Writing 882 Tibbibl!
Writing 883 Tibbibl!
Writing 884 Tibbibl!
Writing 885 Tibbibl!
Writing 886 Tibbibl!
Writing 887 Tibbibl!
Writing 888 Tibbibl!
Writing 889 Tibbibl!
Writing 890 Tibbibl!
Writing 891 Tibbibl!
Writing 892 Tibbibl!
Writing 893 Tibbibl!
Writing 894 Tibbibl!
Writing 895 Tibbibl!
Writing 896 Tibbibl!
Writing 897 Tibbibl!
Writing 898 Tibbibl!
Writing 899 Tibbibl!
Writing 900 Tibbibl!
Writing 901 Tibbibl!
Writing 902 Tibbibl!
Writing 903 Tibbibl!
Writing 904 Tibbibl!
Writing 905 Tibbibl!
Writing 906 Tibbibl!
Writing 907 Tibbibl!
	No end page
Writing 908 Tibbibl!
Writing 909 Tibbibl!
Writing 910 Tibbibl!
Writing 911 Tibbibl!
Writing 912 Tibbibl!
Writing 913 Tibbibl!
Writing 914 Tibbibl!
Writing 915 Tibbibl!
Writing 916 Tibbibl!
Writing 917 Tibbibl!
Writing 918 Tibbibl!
Writing 919 Tibbibl!
Writing 920 Tibbibl!
Writing 921 Tibbibl!
Writing 922 Tibbibl!
Writing 923 Tibbibl!
Writing 924 Tibbibl!
Writing 925 Tibbibl!
Writing 926 Tibbibl!
Writing 927 Tibbibl!
Writing 928 Tibbibl!
Writing 929 Tibbibl!
Writing 930 Tibbibl!
Writing 931 Tibbibl!
Writing 932 Tibbibl!
Writing 933 Tibbibl!
Writing 934 Tibbibl!
Writing 935 Tibbibl!
	No start page
	No end page
Writing 936 Tibbibl!
Writing 937 Tibbibl!
Writing 938 Tibbibl!
Writing 939 Tibbibl!
Writing 940 Tibbibl!
Writing 941 Tibbibl!
Writing 942 Tibbibl!
Writing 943 Tibbibl!
Writing 944 Tibbibl!
Writing 945 Tibbibl!
Writing 946 Tibbibl!
Writing 947 Tibbibl!
Writing 948 Tibbibl!
