Log file for Peltsek conversion
arguments: {'path': 'texts', 'type': 'text'}
Writing 1 Text!
Can't find page 1, trying next page
Writing 2 Text!
Writing 3 Text!
Writing 4 Text!
Writing 5 Text!
Writing 6 Text!
Writing 7 Text!
Writing 8 Text!
Writing 9 Text!
Writing 10 Text!
Writing 11 Text!
Writing 12 Text!
Writing 13 Text!
Writing 14 Text!
Writing 15 Text!
Writing 16 Text!
Writing 17 Text!
Writing 18 Text!
Writing 19 Text!
None numeric n value: tbocrtifs/ngb_vol01/out_0697.tif
Writing 20 Text!
Can't find page 1, trying next page
Writing 21 Text!
Writing 22 Text!
Writing 23 Text!
Writing 24 Text!
Writing 25 Text!
Writing 26 Text!
Writing 27 Text!
Writing 28 Text!
Writing 29 Text!
Writing 30 Text!
Writing 31 Text!
Writing 32 Text!
Writing 33 Text!
Writing 34 Text!
Writing 35 Text!
Writing 36 Text!
Writing 37 Text!
Writing 38 Text!
Writing 39 Text!
Writing 40 Text!
Writing 41 Text!
Writing 42 Text!
Writing 43 Text!
Writing 44 Text!
Writing 45 Text!
Writing 46 Text!
Writing 47 Text!
Writing 48 Text!
Writing 49 Text!
Writing 50 Text!
Can't find page 1, trying next page
Writing 51 Text!
Writing 52 Text!
Writing 53 Text!
Writing 54 Text!
Writing 55 Text!
Can't find page 1, trying next page
Writing 56 Text!
Writing 57 Text!
Writing 58 Text!
Writing 59 Text!
Writing 60 Text!
Writing 61 Text!
Writing 62 Text!
Writing 63 Text!
Writing 64 Text!
Writing 65 Text!
Writing 66 Text!
Can't find page 1, trying next page
Writing 67 Text!
Writing 68 Text!
Writing 69 Text!
Writing 70 Text!
Writing 71 Text!
Writing 72 Text!
Writing 73 Text!
Writing 74 Text!
Writing 75 Text!
Writing 76 Text!
Writing 77 Text!
Writing 78 Text!
Writing 79 Text!
Writing 80 Text!
Writing 81 Text!
Writing 82 Text!
Writing 83 Text!
Writing 84 Text!
Writing 85 Text!
Writing 86 Text!
Writing 87 Text!
None numeric n value: tbocrtifs/ngb_vol06/out_0770.tif
Writing 88 Text!
Writing 89 Text!
Writing 90 Text!
Writing 91 Text!
Writing 92 Text!
Writing 93 Text!
Writing 94 Text!
Writing 95 Text!
Writing 96 Text!
Writing 97 Text!
Writing 98 Text!
Writing 99 Text!
Writing 100 Text!
Writing 101 Text!
Writing 102 Text!
Writing 103 Text!
Writing 104 Text!
Can't find page 1, trying next page
None numeric n value: tbocrtifs/ngb_vol08/out_0071.tif
None numeric n value: tbocrtifs/ngb_vol08/out_0072.tif
Writing 105 Text!
Writing 106 Text!
Writing 107 Text!
Writing 108 Text!
Writing 109 Text!
Writing 110 Text!
Writing 111 Text!
Writing 112 Text!
Writing 113 Text!
Writing 114 Text!
Writing 115 Text!
Writing 116 Text!
Writing 117 Text!
Writing 118 Text!
Writing 119 Text!
Writing 120 Text!
Writing 121 Text!
Writing 122 Text!
Writing 123 Text!
Writing 124 Text!
Writing 125 Text!
Writing 126 Text!
Writing 127 Text!
Writing 128 Text!
Writing 129 Text!
Writing 130 Text!
Writing 131 Text!
Writing 132 Text!
Writing 133 Text!
Writing 134 Text!
Writing 135 Text!
Writing 136 Text!
Writing 137 Text!
Writing 138 Text!
Writing 139 Text!
Writing 140 Text!
None numeric n value: tbocrtifs/ngb_vol08/out_0779.tif
Writing 141 Text!
Can't find page 1, trying next page
Writing 142 Text!
Writing 143 Text!
Writing 144 Text!
Writing 145 Text!
Writing 146 Text!
Writing 147 Text!
Writing 148 Text!
Writing 149 Text!
Writing 150 Text!
Writing 151 Text!
Writing 152 Text!
Writing 153 Text!
Writing 154 Text!
Writing 155 Text!
Writing 156 Text!
Writing 157 Text!
Writing 158 Text!
Writing 159 Text!
Writing 160 Text!
Writing 161 Text!
Can't find page 1, trying next page
Writing 162 Text!
None numeric n value: tbocrtifs/ngb_vol10/out_0672.tif
None numeric n value: tbocrtifs/ngb_vol10/out_0673.tif
Writing 163 Text!
Can't find page 1, trying next page
Writing 164 Text!
Writing 165 Text!
Writing 166 Text!
Writing 167 Text!
Writing 168 Text!
Writing 169 Text!
Writing 170 Text!
Writing 171 Text!
Writing 172 Text!
Writing 173 Text!
Writing 174 Text!
Writing 175 Text!
None numeric n value: tbocrtifs/ngb_vol11/out_0728.tif
Writing 176 Text!
Can't find page 1, trying next page
Writing 177 Text!
Writing 178 Text!
Writing 179 Text!
Writing 180 Text!
Writing 181 Text!
Writing 182 Text!
Can't find page 252, trying next page
Writing 183 Text!
Writing 184 Text!
Writing 185 Text!
Writing 186 Text!
Writing 187 Text!
Writing 188 Text!
Can't find page 1, trying next page
Writing 189 Text!
Writing 190 Text!
Writing 191 Text!
Writing 192 Text!
Writing 193 Text!
Writing 194 Text!
Can't find page 1, trying next page
Writing 195 Text!
Writing 196 Text!
Writing 197 Text!
Writing 198 Text!
Writing 199 Text!
Writing 200 Text!
Can't find page 372, trying next page
Writing 201 Text!
Writing 202 Text!
Can't find page 734, trying next page
Writing 203 Text!
Can't find page 1, trying next page
Can't find page 2, trying next page
Writing 204 Text!
Writing 205 Text!
Writing 206 Text!
Writing 207 Text!
Can't find page 1, trying next page
Writing 208 Text!
Writing 209 Text!
Writing 210 Text!
Writing 211 Text!
Writing 212 Text!
Can't find page 1, trying next page
Writing 213 Text!
Writing 214 Text!
Writing 215 Text!
Writing 216 Text!
Writing 217 Text!
Writing 218 Text!
Writing 219 Text!
Writing 220 Text!
Writing 221 Text!
Writing 222 Text!
Writing 223 Text!
Writing 224 Text!
Writing 225 Text!
Writing 226 Text!
Writing 227 Text!
Writing 228 Text!
Writing 229 Text!
Can't find page 1, trying next page
Writing 230 Text!
Writing 231 Text!
Writing 232 Text!
Writing 233 Text!
Writing 234 Text!
Writing 235 Text!
Writing 236 Text!
Can't find page 496, trying next page
Writing 237 Text!
Writing 238 Text!
Writing 239 Text!
Writing 240 Text!
Writing 241 Text!
Can't find page 1, trying next page
Writing 242 Text!
Writing 243 Text!
Writing 244 Text!
Writing 245 Text!
Can't find page 1, trying next page
Can't find page 2, trying next page
Writing 246 Text!
Writing 247 Text!
Writing 248 Text!
Writing 249 Text!
Writing 250 Text!
Writing 251 Text!
Writing 252 Text!
Can't find page 1, trying next page
Writing 253 Text!
Writing 254 Text!
Writing 255 Text!
Writing 256 Text!
Writing 257 Text!
Writing 258 Text!
Writing 259 Text!
Writing 260 Text!
Writing 261 Text!
Writing 262 Text!
Writing 263 Text!
Writing 264 Text!
Writing 265 Text!
Writing 266 Text!
Writing 267 Text!
Writing 268 Text!
Writing 269 Text!
Writing 270 Text!
Writing 271 Text!
Writing 272 Text!
Writing 273 Text!
Writing 274 Text!
Writing 275 Text!
Writing 276 Text!
Can't find page 1, trying next page
Writing 277 Text!
Writing 278 Text!
Writing 279 Text!
Writing 280 Text!
Writing 281 Text!
Writing 282 Text!
Writing 283 Text!
Writing 284 Text!
Writing 285 Text!
Writing 286 Text!
Writing 287 Text!
Writing 288 Text!
Writing 289 Text!
Writing 290 Text!
Writing 291 Text!
Writing 292 Text!
Writing 293 Text!
Writing 294 Text!
Writing 295 Text!
Writing 296 Text!
Can't find page 1, trying next page
Writing 297 Text!
Writing 298 Text!
Writing 299 Text!
Writing 300 Text!
Writing 301 Text!
Writing 302 Text!
Writing 303 Text!
Writing 304 Text!
Writing 305 Text!
Writing 306 Text!
Writing 307 Text!
Writing 308 Text!
Can't find page 664, trying next page
Writing 309 Text!
Writing 310 Text!
Can't find page 1, trying next page
Writing 311 Text!
Writing 312 Text!
Writing 313 Text!
Writing 314 Text!
Writing 315 Text!
Writing 316 Text!
Can't find page 612, trying next page
Writing 317 Text!
Can't find page 644, trying next page
Writing 318 Text!
Writing 319 Text!
Can't find page 1, trying next page
Writing 320 Text!
Can't find page 38, trying next page
Writing 321 Text!
Writing 322 Text!
Writing 323 Text!
Writing 324 Text!
Writing 325 Text!
Writing 326 Text!
Writing 327 Text!
Writing 328 Text!
Writing 329 Text!
Writing 330 Text!
Writing 331 Text!
Writing 332 Text!
Writing 333 Text!
Writing 334 Text!
Writing 335 Text!
Writing 336 Text!
Writing 337 Text!
Writing 338 Text!
Writing 339 Text!
Writing 340 Text!
Writing 341 Text!
Writing 342 Text!
Writing 343 Text!
Can't find page 1, trying next page
Writing 344 Text!
Writing 345 Text!
Writing 346 Text!
Writing 347 Text!
Writing 348 Text!
Writing 349 Text!
Writing 350 Text!
Can't find page 1, trying next page
Writing 351 Text!
Writing 352 Text!
Writing 353 Text!
Writing 354 Text!
Writing 355 Text!
Writing 356 Text!
Writing 357 Text!
Writing 358 Text!
Writing 359 Text!
Writing 360 Text!
Can't find page 1, trying next page
Writing 361 Text!
Writing 362 Text!
Writing 363 Text!
Writing 364 Text!
Writing 365 Text!
Writing 366 Text!
Writing 367 Text!
Writing 368 Text!
Writing 369 Text!
Writing 370 Text!
Writing 371 Text!
Writing 372 Text!
Writing 373 Text!
Writing 374 Text!
Writing 375 Text!
Writing 376 Text!
Writing 377 Text!
Writing 378 Text!
Writing 379 Text!
Can't find page 1, trying next page
Can't find page 2, trying next page
Can't find page 3, trying next page
Writing 380 Text!
Writing 381 Text!
Writing 382 Text!
Writing 383 Text!
Writing 384 Text!
Writing 385 Text!
Writing 386 Text!
Writing 387 Text!
Writing 388 Text!
Writing 389 Text!
Writing 390 Text!
Writing 391 Text!
Writing 392 Text!
Can't find page 1, trying next page
Writing 393 Text!
Writing 394 Text!
Writing 395 Text!
Writing 396 Text!
Writing 397 Text!
Writing 398 Text!
Writing 399 Text!
Writing 400 Text!
Writing 401 Text!
Writing 402 Text!
Writing 403 Text!
Writing 404 Text!
Writing 405 Text!
Writing 406 Text!
Writing 407 Text!
Writing 408 Text!
Writing 409 Text!
Writing 410 Text!
Writing 411 Text!
Can't find page 1, trying next page
Writing 412 Text!
Writing 413 Text!
Writing 414 Text!
Writing 415 Text!
Writing 416 Text!
Writing 417 Text!
Writing 418 Text!
Writing 419 Text!
Can't find page 256, trying next page
Writing 420 Text!
Writing 421 Text!
Writing 422 Text!
Writing 423 Text!
Writing 424 Text!
Writing 425 Text!
Writing 426 Text!
Writing 427 Text!
Writing 428 Text!
Can't find page 1, trying next page
Writing 429 Text!
Writing 430 Text!
Writing 431 Text!
Writing 432 Text!
Writing 433 Text!
Writing 434 Text!
Writing 435 Text!
Writing 436 Text!
Can't find page 81, trying next page
Can't find page 82, trying next page
Writing 437 Text!
Writing 438 Text!
Can't find page 183, trying next page
Writing 439 Text!
Writing 440 Text!
Writing 441 Text!
Writing 442 Text!
Writing 443 Text!
Writing 444 Text!
Writing 445 Text!
Writing 446 Text!
Writing 447 Text!
Writing 448 Text!
Writing 449 Text!
Writing 450 Text!
Writing 451 Text!
Writing 452 Text!
Writing 453 Text!
Writing 454 Text!
Writing 455 Text!
Writing 456 Text!
Writing 457 Text!
Writing 458 Text!
Writing 459 Text!
Writing 460 Text!
Writing 461 Text!
Writing 462 Text!
Writing 463 Text!
Writing 464 Text!
Can't find page 357, trying next page
Writing 465 Text!
Writing 466 Text!
Writing 467 Text!
Writing 468 Text!
Writing 469 Text!
Writing 470 Text!
Can't find page 509, trying next page
Writing 471 Text!
Writing 472 Text!
Writing 473 Text!
Writing 474 Text!
Writing 475 Text!
Writing 476 Text!
Writing 477 Text!
Can't find page 1, trying next page
Writing 478 Text!
Writing 479 Text!
Writing 480 Text!
Writing 481 Text!
Can't find page 363, trying next page
Writing 482 Text!
Can't find page 411, trying next page
Writing 483 Text!
Can't find page 450, trying next page
Can't find page 451, trying next page
Writing 484 Text!
Writing 485 Text!
Writing 486 Text!
Writing 487 Text!
Writing 488 Text!
Writing 489 Text!
Writing 490 Text!
Writing 491 Text!
Writing 492 Text!
Writing 493 Text!
Writing 494 Text!
Writing 495 Text!
Writing 496 Text!
Writing 497 Text!
Writing 498 Text!
Writing 499 Text!
Writing 500 Text!
Writing 501 Text!
Can't find page 1, trying next page
Writing 502 Text!
Writing 503 Text!
Writing 504 Text!
Writing 505 Text!
Writing 506 Text!
Writing 507 Text!
Writing 508 Text!
Writing 509 Text!
Writing 510 Text!
Writing 511 Text!
Writing 512 Text!
Writing 513 Text!
Writing 514 Text!
Writing 515 Text!
Writing 516 Text!
Writing 517 Text!
Can't find page 332, trying next page
Can't find page 333, trying next page
Writing 518 Text!
Writing 519 Text!
Writing 520 Text!
Writing 521 Text!
Writing 522 Text!
Writing 523 Text!
Writing 524 Text!
Writing 525 Text!
Writing 526 Text!
Writing 527 Text!
Writing 528 Text!
Writing 529 Text!
Writing 530 Text!
Writing 531 Text!
Writing 532 Text!
Writing 533 Text!
Writing 534 Text!
Can't find page 532, trying next page
Can't find page 533, trying next page
Can't find page 534, trying next page
Can't find page 535, trying next page
Can't find page 536, trying next page
XPath Failed for Vol 37
	/*//milestone[@unit="page" and @n="537"]
Writing 535 Text!
Can't find page 539, trying next page
Can't find page 540, trying next page
Can't find page 541, trying next page
Can't find page 542, trying next page
Can't find page 543, trying next page
XPath Failed for Vol 37
	/*//milestone[@unit="page" and @n="544"]
Writing 536 Text!
Can't find page 551, trying next page
Can't find page 552, trying next page
Can't find page 553, trying next page
Can't find page 554, trying next page
Can't find page 555, trying next page
XPath Failed for Vol 37
	/*//milestone[@unit="page" and @n="556"]
Writing 537 Text!
Can't find page 559, trying next page
Can't find page 560, trying next page
Can't find page 561, trying next page
Can't find page 562, trying next page
Can't find page 563, trying next page
XPath Failed for Vol 37
	/*//milestone[@unit="page" and @n="564"]
Writing 538 Text!
Can't find page 560, trying next page
Can't find page 561, trying next page
Can't find page 562, trying next page
Can't find page 563, trying next page
Can't find page 564, trying next page
XPath Failed for Vol 37
	/*//milestone[@unit="page" and @n="565"]
Writing 539 Text!
Can't find page 563, trying next page
Can't find page 564, trying next page
Can't find page 565, trying next page
Can't find page 566, trying next page
Can't find page 567, trying next page
XPath Failed for Vol 37
	/*//milestone[@unit="page" and @n="568"]
Writing 540 Text!
Can't find page 564, trying next page
Can't find page 565, trying next page
Can't find page 566, trying next page
Can't find page 567, trying next page
Can't find page 568, trying next page
XPath Failed for Vol 37
	/*//milestone[@unit="page" and @n="569"]
Writing 541 Text!
Can't find page 566, trying next page
Can't find page 567, trying next page
Can't find page 568, trying next page
Can't find page 569, trying next page
Can't find page 570, trying next page
XPath Failed for Vol 37
	/*//milestone[@unit="page" and @n="571"]
Writing 542 Text!
Can't find page 570, trying next page
Can't find page 571, trying next page
Can't find page 572, trying next page
Can't find page 573, trying next page
Can't find page 574, trying next page
XPath Failed for Vol 37
	/*//milestone[@unit="page" and @n="575"]
Writing 543 Text!
Can't find page 578, trying next page
Can't find page 579, trying next page
Can't find page 580, trying next page
Can't find page 581, trying next page
Can't find page 582, trying next page
XPath Failed for Vol 37
	/*//milestone[@unit="page" and @n="583"]
Writing 544 Text!
Can't find page 587, trying next page
Can't find page 588, trying next page
Can't find page 589, trying next page
Can't find page 590, trying next page
Can't find page 591, trying next page
XPath Failed for Vol 37
	/*//milestone[@unit="page" and @n="592"]
Writing 545 Text!
Can't find page 593, trying next page
Can't find page 594, trying next page
Can't find page 595, trying next page
Can't find page 596, trying next page
Can't find page 597, trying next page
XPath Failed for Vol 37
	/*//milestone[@unit="page" and @n="598"]
Writing 546 Text!
Writing 547 Text!
Writing 548 Text!
Writing 549 Text!
Writing 550 Text!
Writing 551 Text!
Can't find page 1, trying next page
Can't find page 2, trying next page
Writing 552 Text!
Writing 553 Text!
Writing 554 Text!
Writing 555 Text!
Writing 556 Text!
Writing 557 Text!
Writing 558 Text!
Writing 559 Text!
Writing 560 Text!
Writing 561 Text!
Writing 562 Text!
Writing 563 Text!
Writing 564 Text!
Writing 565 Text!
Writing 566 Text!
Writing 567 Text!
Writing 568 Text!
Writing 569 Text!
Can't find page 263, trying next page
Can't find page 264, trying next page
Can't find page 265, trying next page
Writing 570 Text!
Writing 571 Text!
Writing 572 Text!
Writing 573 Text!
Writing 574 Text!
Writing 575 Text!
Writing 576 Text!
Writing 577 Text!
Writing 578 Text!
Writing 579 Text!
Writing 580 Text!
Writing 581 Text!
Can't find page 1, trying next page
Writing 582 Text!
Writing 583 Text!
Writing 584 Text!
Writing 585 Text!
Writing 586 Text!
Writing 587 Text!
Writing 588 Text!
Writing 589 Text!
Writing 590 Text!
Writing 591 Text!
Can't find page 24, trying next page
Writing 592 Text!
Writing 593 Text!
Can't find page 26, trying next page
Writing 594 Text!
Writing 595 Text!
Writing 596 Text!
Writing 597 Text!
Writing 598 Text!
Writing 599 Text!
Can't find page 83, trying next page
Writing 600 Text!
Can't find page 199, trying next page
Can't find page 200, trying next page
Can't find page 201, trying next page
Writing 601 Text!
Writing 602 Text!
Writing 603 Text!
Writing 604 Text!
Can't find page 305, trying next page
Writing 605 Text!
Writing 606 Text!
Writing 607 Text!
Writing 608 Text!
Writing 609 Text!
Writing 610 Text!
Writing 611 Text!
Writing 612 Text!
Can't find page 581, trying next page
Writing 613 Text!
Writing 614 Text!
Writing 615 Text!
Writing 616 Text!
Can't find page 639, trying next page
Can't find page 640, trying next page
Writing 617 Text!
Can't find page 1, trying next page
Can't find page 2, trying next page
Writing 618 Text!
Writing 619 Text!
Writing 620 Text!
Writing 621 Text!
Writing 622 Text!
Writing 623 Text!
Writing 624 Text!
Writing 625 Text!
Writing 626 Text!
Writing 627 Text!
Writing 628 Text!
Writing 629 Text!
Can't find page 1, trying next page
Writing 630 Text!
Writing 631 Text!
Writing 632 Text!
Writing 633 Text!
Writing 634 Text!
Writing 635 Text!
Writing 636 Text!
Writing 637 Text!
Writing 638 Text!
Writing 639 Text!
Writing 640 Text!
Writing 641 Text!
Writing 642 Text!
Writing 643 Text!
Can't find page 1, trying next page
Writing 644 Text!
Writing 645 Text!
Writing 646 Text!
Writing 647 Text!
Writing 648 Text!
Writing 649 Text!
Writing 650 Text!
Writing 651 Text!
Writing 652 Text!
Writing 653 Text!
Writing 654 Text!
Can't find page 1, trying next page
Writing 655 Text!
Writing 656 Text!
Writing 657 Text!
Writing 658 Text!
Writing 659 Text!
Writing 660 Text!
Writing 661 Text!
Writing 662 Text!
Writing 663 Text!
Can't find page 254, trying next page
Writing 664 Text!
Writing 665 Text!
Writing 666 Text!
Writing 667 Text!
Writing 668 Text!
Writing 669 Text!
Writing 670 Text!
Writing 671 Text!
Writing 672 Text!
Writing 673 Text!
Writing 674 Text!
Can't find page 496, trying next page
Writing 675 Text!
Writing 676 Text!
Writing 677 Text!
Writing 678 Text!
Writing 679 Text!
Writing 680 Text!
Writing 681 Text!
Writing 682 Text!
Can't find page 1, trying next page
Writing 683 Text!
Writing 684 Text!
Writing 685 Text!
Writing 686 Text!
Writing 687 Text!
Writing 688 Text!
Writing 689 Text!
Writing 690 Text!
Writing 691 Text!
Writing 692 Text!
Writing 693 Text!
Writing 694 Text!
Writing 695 Text!
Writing 696 Text!
Can't find page 392, trying next page
Writing 697 Text!
Writing 698 Text!
Writing 699 Text!
Writing 700 Text!
Writing 701 Text!
Writing 702 Text!
Writing 703 Text!
Can't find page 1, trying next page
Writing 704 Text!
Writing 705 Text!
Writing 706 Text!
Writing 707 Text!
Writing 708 Text!
Writing 709 Text!
Writing 710 Text!
Writing 711 Text!
Writing 712 Text!
Writing 713 Text!
Writing 714 Text!
Writing 715 Text!
Writing 716 Text!
Writing 717 Text!
Writing 718 Text!
Writing 719 Text!
Writing 720 Text!
Writing 721 Text!
Writing 722 Text!
Writing 723 Text!
Writing 724 Text!
Writing 725 Text!
Writing 726 Text!
Writing 727 Text!
Can't find page 1, trying next page
Writing 728 Text!
Writing 729 Text!
Writing 730 Text!
Writing 731 Text!
Writing 732 Text!
Writing 733 Text!
Writing 734 Text!
Writing 735 Text!
Writing 736 Text!
Writing 737 Text!
Writing 738 Text!
Writing 739 Text!
Writing 740 Text!
Can't find page 1, trying next page
Writing 741 Text!
Writing 742 Text!
Writing 743 Text!
Writing 744 Text!
Can't find page 146, trying next page
Writing 745 Text!
Writing 746 Text!
Writing 747 Text!
Writing 748 Text!
Writing 749 Text!
Writing 750 Text!
Writing 751 Text!
Writing 752 Text!
Can't find page 682, trying next page
Writing 753 Text!
Writing 754 Text!
Can't find page 1, trying next page
Writing 755 Text!
Writing 756 Text!
Writing 757 Text!
Writing 758 Text!
Writing 759 Text!
Writing 760 Text!
Writing 761 Text!
Writing 762 Text!
Writing 763 Text!
Writing 764 Text!
Writing 765 Text!
Writing 766 Text!
Writing 767 Text!
Writing 768 Text!
Writing 769 Text!
Writing 770 Text!
Writing 771 Text!
Writing 772 Text!
Writing 773 Text!
Writing 774 Text!
Writing 775 Text!
Writing 776 Text!
Writing 777 Text!
Writing 778 Text!
Writing 779 Text!
Writing 780 Text!
Writing 781 Text!
Writing 782 Text!
Writing 783 Text!
Writing 784 Text!
Can't find page 735, trying next page
Can't find page 736, trying next page
Can't find page 737, trying next page
Can't find page 738, trying next page
Can't find page 739, trying next page
XPath Failed for Vol 48
	/*//milestone[@unit="page" and @n="740"]
Writing 785 Text!
Can't find page 1, trying next page
Writing 786 Text!
Writing 787 Text!
Writing 788 Text!
Writing 789 Text!
Writing 790 Text!
Writing 791 Text!
Writing 792 Text!
Writing 793 Text!
Writing 794 Text!
Writing 795 Text!
Writing 796 Text!
Writing 797 Text!
Writing 798 Text!
Writing 799 Text!
Writing 800 Text!
Writing 801 Text!
Writing 802 Text!
Writing 803 Text!
Writing 804 Text!
Writing 805 Text!
Writing 806 Text!
Writing 807 Text!
Writing 808 Text!
Writing 809 Text!
Writing 810 Text!
Writing 811 Text!
Writing 812 Text!
Writing 813 Text!
Writing 814 Text!
Writing 815 Text!
Writing 816 Text!
Can't find page 1, trying next page
Writing 817 Text!
Writing 818 Text!
Writing 819 Text!
Writing 820 Text!
Writing 821 Text!
Writing 822 Text!
Writing 823 Text!
Writing 824 Text!
Writing 825 Text!
Writing 826 Text!
Writing 827 Text!
Writing 828 Text!
Writing 829 Text!
Writing 830 Text!
Writing 831 Text!
Writing 832 Text!
Writing 833 Text!
Writing 834 Text!
Writing 835 Text!
Writing 836 Text!
Writing 837 Text!
Writing 838 Text!
Writing 839 Text!
Writing 840 Text!
Writing 841 Text!
Writing 842 Text!
Writing 843 Text!
Can't find page 345, trying next page
Writing 844 Text!
Writing 845 Text!
Writing 846 Text!
Writing 847 Text!
Writing 848 Text!
Writing 849 Text!
Writing 850 Text!
Writing 851 Text!
Writing 852 Text!
Writing 853 Text!
Writing 854 Text!
Writing 855 Text!
Writing 856 Text!
Writing 857 Text!
Writing 858 Text!
Writing 859 Text!
Writing 860 Text!
Writing 861 Text!
Writing 862 Text!
Can't find page 1, trying next page
Writing 863 Text!
Writing 864 Text!
Writing 865 Text!
Writing 866 Text!
Writing 867 Text!
Writing 868 Text!
Writing 869 Text!
Writing 870 Text!
Writing 871 Text!
Writing 872 Text!
Writing 873 Text!
Writing 874 Text!
Writing 875 Text!
Writing 876 Text!
Writing 877 Text!
Can't find page 168, trying next page
Writing 878 Text!
Writing 879 Text!
Writing 880 Text!
Writing 881 Text!
Can't find page 262, trying next page
Writing 882 Text!
Writing 883 Text!
Writing 884 Text!
Writing 885 Text!
Writing 886 Text!
Writing 887 Text!
Writing 888 Text!
Writing 889 Text!
Writing 890 Text!
Writing 891 Text!
Writing 892 Text!
Writing 893 Text!
Writing 894 Text!
Writing 895 Text!
Writing 896 Text!
Writing 897 Text!
Writing 898 Text!
Writing 899 Text!
Can't find page 1, trying next page
Writing 900 Text!
Writing 901 Text!
Writing 902 Text!
Writing 903 Text!
Writing 904 Text!
Writing 905 Text!
Writing 906 Text!
Writing 907 Text!
Writing 908 Text!
Writing 909 Text!
Writing 910 Text!
Writing 911 Text!
Writing 912 Text!
Writing 913 Text!
Writing 914 Text!
Writing 915 Text!
Writing 916 Text!
Writing 917 Text!
Writing 918 Text!
Writing 919 Text!
Writing 920 Text!
Can't find page 1, trying next page
Writing 921 Text!
Writing 922 Text!
Writing 923 Text!
Writing 924 Text!
Writing 925 Text!
Writing 926 Text!
Writing 927 Text!
Writing 928 Text!
Writing 929 Text!
Writing 930 Text!
Writing 931 Text!
Writing 932 Text!
Writing 933 Text!
Writing 934 Text!
Can't find page 1, trying next page
Writing 935 Text!
Writing 936 Text!
Writing 937 Text!
Writing 938 Text!
Writing 939 Text!
Writing 940 Text!
Writing 941 Text!
Writing 942 Text!
Writing 943 Text!
Writing 944 Text!
Can't find page 163, trying next page
Writing 945 Text!
Writing 946 Text!
Writing 947 Text!
Writing 948 Text!
Writing 949 Text!
Writing 950 Text!
Writing 951 Text!
Writing 952 Text!
Writing 953 Text!
Writing 954 Text!
Writing 955 Text!
Writing 956 Text!
Writing 957 Text!
Writing 958 Text!
Writing 959 Text!
Writing 960 Text!
Can't find page 683, trying next page
Writing 961 Text!
Can't find page 1, trying next page
Writing 962 Text!
Can't find page 117, trying next page
Writing 963 Text!
Writing 964 Text!
Writing 965 Text!
Writing 966 Text!
Writing 967 Text!
Can't find page 1, trying next page
Can't find page 2, trying next page
Writing 968 Text!
Writing 969 Text!
Writing 970 Text!
Can't find page 2, trying next page
Writing 971 Text!
Can't find page 1, trying next page
Can't find page 2, trying next page
Writing 972 Text!
Writing 973 Text!
Writing 974 Text!
Can't find page 1, trying next page
Writing 975 Text!
Can't find page 1, trying next page
Can't find page 2, trying next page
