Log file for Peltsek conversion
arguments: {'path': 'texts', 'type': 'text'}
Automatically fixing missing paginations and line numbers.
To disable this comment out Catalog.py line 92.
Writing 1 Text!
Can't find page 1, trying next page
Writing 2 Text!
Writing 3 Text!
Writing 4 Text!
Writing 5 Text!
Writing 6 Text!
Writing 7 Text!
Writing 8 Text!
Writing 9 Text!
Writing 10 Text!
Writing 11 Text!
Writing 12 Text!
Writing 13 Text!
Writing 14 Text!
Writing 15 Text!
Writing 16 Text!
Writing 17 Text!
Writing 18 Text!
Writing 19 Text!
None numeric n value: tbocrtifs/ngb_vol01/out_0697.tif
Writing 20 Text!
Can't find page 1, trying next page
Writing 21 Text!
Writing 22 Text!
Writing 23 Text!
Writing 24 Text!
Writing 25 Text!
Writing 26 Text!
Writing 27 Text!
Writing 28 Text!
Writing 29 Text!
Writing 30 Text!
Writing 31 Text!
Writing 32 Text!
Writing 33 Text!
Writing 34 Text!
Writing 35 Text!
Writing 36 Text!
Writing 37 Text!
Writing 38 Text!
Writing 39 Text!
Writing 40 Text!
Writing 41 Text!
Writing 42 Text!
Writing 43 Text!
Writing 44 Text!
Writing 45 Text!
Writing 46 Text!
Writing 47 Text!
Writing 48 Text!
Writing 49 Text!
Writing 50 Text!
Can't find page 1, trying next page
Writing 51 Text!
Writing 52 Text!
Writing 53 Text!
Writing 54 Text!
Writing 55 Text!
Can't find page 1, trying next page
Writing 56 Text!
Writing 57 Text!
Writing 58 Text!
Writing 59 Text!
Writing 60 Text!
Writing 61 Text!
Writing 62 Text!
Writing 63 Text!
Writing 64 Text!
Writing 65 Text!
Writing 66 Text!
Can't find page 1, trying next page
Writing 67 Text!
Writing 68 Text!
Writing 69 Text!
Writing 70 Text!
Writing 71 Text!
Writing 72 Text!
Writing 73 Text!
Writing 74 Text!
Writing 75 Text!
Writing 76 Text!
Writing 77 Text!
Writing 78 Text!
Writing 79 Text!
Writing 80 Text!
Writing 81 Text!
Writing 82 Text!
Writing 83 Text!
Writing 84 Text!
Writing 85 Text!
Writing 86 Text!
Writing 87 Text!
None numeric n value: tbocrtifs/ngb_vol06/out_0770.tif
Writing 88 Text!
Writing 89 Text!
Writing 90 Text!
Writing 91 Text!
Writing 92 Text!
Writing 93 Text!
Writing 94 Text!
Writing 95 Text!
Writing 96 Text!
Writing 97 Text!
Writing 98 Text!
Writing 99 Text!
Writing 100 Text!
Writing 101 Text!
Writing 102 Text!
Writing 103 Text!
Writing 104 Text!
Can't find page 1, trying next page
None numeric n value: tbocrtifs/ngb_vol08/out_0071.tif
None numeric n value: tbocrtifs/ngb_vol08/out_0072.tif
Writing 105 Text!
Writing 106 Text!
Writing 107 Text!
Writing 108 Text!
Writing 109 Text!
Writing 110 Text!
Writing 111 Text!
Writing 112 Text!
Writing 113 Text!
Writing 114 Text!
Writing 115 Text!
Writing 116 Text!
Writing 117 Text!
Writing 118 Text!
Writing 119 Text!
Writing 120 Text!
Writing 121 Text!
Writing 122 Text!
Writing 123 Text!
Writing 124 Text!
Writing 125 Text!
Writing 126 Text!
Writing 127 Text!
Writing 128 Text!
Writing 129 Text!
Writing 130 Text!
Writing 131 Text!
Writing 132 Text!
Writing 133 Text!
Writing 134 Text!
Writing 135 Text!
Writing 136 Text!
Writing 137 Text!
Writing 138 Text!
Writing 139 Text!
Writing 140 Text!
None numeric n value: tbocrtifs/ngb_vol08/out_0779.tif
Writing 141 Text!
Can't find page 1, trying next page
Writing 142 Text!
Writing 143 Text!
Writing 144 Text!
Writing 145 Text!
Writing 146 Text!
Writing 147 Text!
Writing 148 Text!
Writing 149 Text!
Writing 150 Text!
Writing 151 Text!
Writing 152 Text!
Writing 153 Text!
Writing 154 Text!
Writing 155 Text!
Writing 156 Text!
Writing 157 Text!
Writing 158 Text!
Writing 159 Text!
Writing 160 Text!
Can't find page 0, trying next page
Can't find page 1, trying next page
Writing 161 Text!
Can't find page 1, trying next page
Writing 162 Text!
None numeric n value: tbocrtifs/ngb_vol10/out_0672.tif
None numeric n value: tbocrtifs/ngb_vol10/out_0673.tif
Writing 163 Text!
Can't find page 1, trying next page
Writing 164 Text!
Writing 165 Text!
Writing 166 Text!
Writing 167 Text!
Writing 168 Text!
Writing 169 Text!
Writing 170 Text!
Writing 171 Text!
Writing 172 Text!
Writing 173 Text!
Writing 174 Text!
Writing 175 Text!
None numeric n value: tbocrtifs/ngb_vol11/out_0728.tif
Writing 176 Text!
Can't find page 1, trying next page
Writing 177 Text!
Writing 178 Text!
Writing 179 Text!
Writing 180 Text!
Writing 181 Text!
Writing 182 Text!
Can't find page 252, trying next page
Writing 183 Text!
Writing 184 Text!
Writing 185 Text!
Writing 186 Text!
Writing 187 Text!
Writing 188 Text!
Can't find page 1, trying next page
Writing 189 Text!
Writing 190 Text!
Writing 191 Text!
Writing 192 Text!
Writing 193 Text!
Writing 194 Text!
Can't find page 1, trying next page
Writing 195 Text!
Writing 196 Text!
Writing 197 Text!
Writing 198 Text!
Writing 199 Text!
Writing 200 Text!
Can't find page 372, trying next page
Writing 201 Text!
Writing 202 Text!
Can't find page 734, trying next page
Writing 203 Text!
Can't find page 1, trying next page
Can't find page 2, trying next page
Writing 204 Text!
Writing 205 Text!
Writing 206 Text!
Writing 207 Text!
Can't find page 1, trying next page
Writing 208 Text!
Writing 209 Text!
Writing 210 Text!
Writing 211 Text!
Writing 212 Text!
Can't find page 1, trying next page
Writing 213 Text!
Writing 214 Text!
Writing 215 Text!
Writing 216 Text!
Writing 217 Text!
Writing 218 Text!
Writing 219 Text!
Writing 220 Text!
Writing 221 Text!
Writing 222 Text!
Writing 223 Text!
Writing 224 Text!
Writing 225 Text!
Writing 226 Text!
Writing 227 Text!
Writing 228 Text!
Writing 229 Text!
Can't find page 1, trying next page
Writing 230 Text!
Writing 231 Text!
Writing 232 Text!
Writing 233 Text!
Writing 234 Text!
Writing 235 Text!
Writing 236 Text!
Can't find page 496, trying next page
Writing 237 Text!
Writing 238 Text!
Writing 239 Text!
Writing 240 Text!
Writing 241 Text!
Can't find page 1, trying next page
Writing 242 Text!
Writing 243 Text!
Writing 244 Text!
Writing 245 Text!
Can't find page 1, trying next page
Can't find page 2, trying next page
Writing 246 Text!
Writing 247 Text!
Writing 248 Text!
Writing 249 Text!
Writing 250 Text!
Writing 251 Text!
Writing 252 Text!
Can't find page 1, trying next page
Writing 253 Text!
Writing 254 Text!
Writing 255 Text!
Writing 256 Text!
Writing 257 Text!
Writing 258 Text!
Writing 259 Text!
Writing 260 Text!
Writing 261 Text!
Writing 262 Text!
Writing 263 Text!
Writing 264 Text!
Writing 265 Text!
Writing 266 Text!
Writing 267 Text!
Writing 268 Text!
Writing 269 Text!
Writing 270 Text!
Writing 271 Text!
Writing 272 Text!
Writing 273 Text!
Writing 274 Text!
Writing 275 Text!
Writing 276 Text!
Can't find page 1, trying next page
Writing 277 Text!
Writing 278 Text!
Writing 279 Text!
Writing 280 Text!
Writing 281 Text!
Writing 282 Text!
Writing 283 Text!
Writing 284 Text!
Writing 285 Text!
Writing 286 Text!
Writing 287 Text!
Writing 288 Text!
Writing 289 Text!
Writing 290 Text!
Writing 291 Text!
Writing 292 Text!
Writing 293 Text!
Writing 294 Text!
Writing 295 Text!
Writing 296 Text!
Can't find page 1, trying next page
Writing 297 Text!
Writing 298 Text!
Writing 299 Text!
Writing 300 Text!
Writing 301 Text!
Writing 302 Text!
Writing 303 Text!
Writing 304 Text!
Writing 305 Text!
Writing 306 Text!
Writing 307 Text!
Writing 308 Text!
Can't find page 664, trying next page
Writing 309 Text!
Writing 310 Text!
Can't find page 1, trying next page
Writing 311 Text!
Writing 312 Text!
Writing 313 Text!
Writing 314 Text!
Writing 315 Text!
Writing 316 Text!
Can't find page 612, trying next page
Writing 317 Text!
Can't find page 644, trying next page
Writing 318 Text!
Writing 319 Text!
Can't find page 1, trying next page
Writing 320 Text!
Can't find page 38, trying next page
Writing 321 Text!
Writing 322 Text!
Writing 323 Text!
Writing 324 Text!
Writing 325 Text!
Writing 326 Text!
Writing 327 Text!
Writing 328 Text!
Writing 329 Text!
Writing 330 Text!
Writing 331 Text!
Writing 332 Text!
Writing 333 Text!
Writing 334 Text!
Writing 335 Text!
Writing 336 Text!
Writing 337 Text!
Writing 338 Text!
Writing 339 Text!
Writing 340 Text!
Writing 341 Text!
Writing 342 Text!
Writing 343 Text!
Can't find page 1, trying next page
Writing 344 Text!
Writing 345 Text!
Writing 346 Text!
Writing 347 Text!
Writing 348 Text!
Writing 349 Text!
Writing 350 Text!
Can't find page 1, trying next page
Writing 351 Text!
Writing 352 Text!
Writing 353 Text!
Writing 354 Text!
Writing 355 Text!
Writing 356 Text!
Writing 357 Text!
Writing 358 Text!
Writing 359 Text!
Writing 360 Text!
Can't find page 1, trying next page
Writing 361 Text!
Writing 362 Text!
Writing 363 Text!
Writing 364 Text!
Writing 365 Text!
Writing 366 Text!
Writing 367 Text!
Writing 368 Text!
Writing 369 Text!
Writing 370 Text!
Writing 371 Text!
Writing 372 Text!
Writing 373 Text!
Writing 374 Text!
Writing 375 Text!
Writing 376 Text!
Writing 377 Text!
Writing 378 Text!
Writing 379 Text!
Can't find page 1, trying next page
Can't find page 2, trying next page
Can't find page 3, trying next page
Writing 380 Text!
Writing 381 Text!
Writing 382 Text!
Writing 383 Text!
Writing 384 Text!
Writing 385 Text!
Writing 386 Text!
Writing 387 Text!
Writing 388 Text!
Writing 389 Text!
Writing 390 Text!
Writing 391 Text!
Can't find page 798, trying next page
Can't find page 799, trying next page
Can't find page 800, trying next page
Can't find page 801, trying next page
Can't find page 802, trying next page
XPath Failed for Vol 31
	/*//milestone[@unit="page" and @n="803"]
Writing 392 Text!
Text 392: No OCR File for Volume 32
Writing 393 Text!
Text 393: No OCR File for Volume 32
Writing 394 Text!
Text 394: No OCR File for Volume 32
Writing 395 Text!
Text 395: No OCR File for Volume 32
Writing 396 Text!
Text 396: No OCR File for Volume 32
Writing 397 Text!
Text 397: No OCR File for Volume 32
Writing 398 Text!
Text 398: No OCR File for Volume 32
Writing 399 Text!
Text 399: No OCR File for Volume 32
Writing 400 Text!
Text 400: No OCR File for Volume 32
Writing 401 Text!
Text 401: No OCR File for Volume 32
Writing 402 Text!
Text 402: No OCR File for Volume 32
Writing 403 Text!
Text 403: No OCR File for Volume 32
Writing 404 Text!
Text 404: No OCR File for Volume 32
Writing 405 Text!
Text 405: No OCR File for Volume 32
Writing 406 Text!
Text 406: No OCR File for Volume 32
Writing 407 Text!
Text 407: No OCR File for Volume 32
Writing 408 Text!
Text 408: No OCR File for Volume 32
Writing 409 Text!
Can't find page 1, trying next page
Writing 410 Text!
Writing 411 Text!
Writing 412 Text!
Writing 413 Text!
Writing 414 Text!
Writing 415 Text!
Writing 416 Text!
Can't find page 256, trying next page
Writing 417 Text!
Writing 418 Text!
Writing 419 Text!
Writing 420 Text!
Writing 421 Text!
Writing 422 Text!
Writing 423 Text!
Writing 424 Text!
Writing 425 Text!
Can't find page 1, trying next page
Writing 426 Text!
Writing 427 Text!
Writing 428 Text!
Writing 429 Text!
Writing 430 Text!
Writing 431 Text!
Writing 432 Text!
Writing 433 Text!
Can't find page 81, trying next page
Can't find page 82, trying next page
Writing 434 Text!
Writing 435 Text!
Can't find page 183, trying next page
Writing 436 Text!
Writing 437 Text!
Writing 438 Text!
Writing 439 Text!
Writing 440 Text!
Writing 441 Text!
Writing 442 Text!
Writing 443 Text!
Writing 444 Text!
Writing 445 Text!
Writing 446 Text!
Writing 447 Text!
Writing 448 Text!
Writing 449 Text!
Writing 450 Text!
Writing 451 Text!
Writing 452 Text!
Writing 453 Text!
Writing 454 Text!
Writing 455 Text!
Writing 456 Text!
Writing 457 Text!
Writing 458 Text!
Writing 459 Text!
Writing 460 Text!
Writing 461 Text!
Can't find page 357, trying next page
Writing 462 Text!
Writing 463 Text!
Writing 464 Text!
Writing 465 Text!
Writing 466 Text!
Writing 467 Text!
Can't find page 509, trying next page
Writing 468 Text!
Writing 469 Text!
Writing 470 Text!
Writing 471 Text!
Writing 472 Text!
Writing 473 Text!
Writing 474 Text!
Text 474: No OCR File for Volume 36
Writing 475 Text!
Text 475: No OCR File for Volume 36
Writing 476 Text!
Text 476: No OCR File for Volume 36
Writing 477 Text!
Text 477: No OCR File for Volume 36
Writing 478 Text!
Text 478: No OCR File for Volume 36
Writing 479 Text!
Text 479: No OCR File for Volume 36
Writing 480 Text!
Text 480: No OCR File for Volume 36
Writing 481 Text!
Text 481: No OCR File for Volume 36
Writing 482 Text!
Text 482: No OCR File for Volume 36
Writing 483 Text!
Text 483: No OCR File for Volume 36
Writing 484 Text!
Text 484: No OCR File for Volume 36
Writing 485 Text!
Text 485: No OCR File for Volume 36
Writing 486 Text!
Text 486: No OCR File for Volume 36
Writing 487 Text!
Text 487: No OCR File for Volume 36
Writing 488 Text!
Text 488: No OCR File for Volume 36
Writing 489 Text!
Text 489: No OCR File for Volume 36
Writing 490 Text!
Text 490: No OCR File for Volume 36
Writing 491 Text!
Text 491: No OCR File for Volume 36
Writing 492 Text!
Text 492: No OCR File for Volume 36
Writing 493 Text!
Text 493: No OCR File for Volume 36
Writing 494 Text!
Text 494: No OCR File for Volume 36
Writing 495 Text!
Text 495: No OCR File for Volume 36
Writing 496 Text!
Text 496: No OCR File for Volume 36
Writing 497 Text!
Text 497: No OCR File for Volume 36
Writing 498 Text!
Can't find page 1, trying next page
Writing 499 Text!
Writing 500 Text!
Writing 501 Text!
Writing 502 Text!
Writing 503 Text!
Writing 504 Text!
Writing 505 Text!
Writing 506 Text!
Writing 507 Text!
Writing 508 Text!
Writing 509 Text!
Writing 510 Text!
Writing 511 Text!
Writing 512 Text!
Writing 513 Text!
Can't find page 332, trying next page
Can't find page 333, trying next page
Writing 514 Text!
Writing 515 Text!
Writing 516 Text!
Writing 517 Text!
Writing 518 Text!
Writing 519 Text!
Writing 520 Text!
Writing 521 Text!
Writing 522 Text!
Writing 523 Text!
Writing 524 Text!
Writing 525 Text!
Writing 526 Text!
Writing 527 Text!
Writing 528 Text!
Writing 529 Text!
Writing 530 Text!
Can't find page 532, trying next page
Can't find page 533, trying next page
Can't find page 534, trying next page
Can't find page 535, trying next page
Can't find page 536, trying next page
XPath Failed for Vol 37
	/*//milestone[@unit="page" and @n="537"]
Writing 531 Text!
Can't find page 539, trying next page
Can't find page 540, trying next page
Can't find page 541, trying next page
Can't find page 542, trying next page
Can't find page 543, trying next page
XPath Failed for Vol 37
	/*//milestone[@unit="page" and @n="544"]
Writing 532 Text!
Can't find page 551, trying next page
Can't find page 552, trying next page
Can't find page 553, trying next page
Can't find page 554, trying next page
Can't find page 555, trying next page
XPath Failed for Vol 37
	/*//milestone[@unit="page" and @n="556"]
Writing 533 Text!
Can't find page 559, trying next page
Can't find page 560, trying next page
Can't find page 561, trying next page
Can't find page 562, trying next page
Can't find page 563, trying next page
XPath Failed for Vol 37
	/*//milestone[@unit="page" and @n="564"]
Writing 534 Text!
Can't find page 560, trying next page
Can't find page 561, trying next page
Can't find page 562, trying next page
Can't find page 563, trying next page
Can't find page 564, trying next page
XPath Failed for Vol 37
	/*//milestone[@unit="page" and @n="565"]
Writing 535 Text!
Can't find page 563, trying next page
Can't find page 564, trying next page
Can't find page 565, trying next page
Can't find page 566, trying next page
Can't find page 567, trying next page
XPath Failed for Vol 37
	/*//milestone[@unit="page" and @n="568"]
Writing 536 Text!
Can't find page 564, trying next page
Can't find page 565, trying next page
Can't find page 566, trying next page
Can't find page 567, trying next page
Can't find page 568, trying next page
XPath Failed for Vol 37
	/*//milestone[@unit="page" and @n="569"]
Writing 537 Text!
Can't find page 566, trying next page
Can't find page 567, trying next page
Can't find page 568, trying next page
Can't find page 569, trying next page
Can't find page 570, trying next page
XPath Failed for Vol 37
	/*//milestone[@unit="page" and @n="571"]
Writing 538 Text!
Can't find page 570, trying next page
Can't find page 571, trying next page
Can't find page 572, trying next page
Can't find page 573, trying next page
Can't find page 574, trying next page
XPath Failed for Vol 37
	/*//milestone[@unit="page" and @n="575"]
Writing 539 Text!
Can't find page 578, trying next page
Can't find page 579, trying next page
Can't find page 580, trying next page
Can't find page 581, trying next page
Can't find page 582, trying next page
XPath Failed for Vol 37
	/*//milestone[@unit="page" and @n="583"]
Writing 540 Text!
Can't find page 587, trying next page
Can't find page 588, trying next page
Can't find page 589, trying next page
Can't find page 590, trying next page
Can't find page 591, trying next page
XPath Failed for Vol 37
	/*//milestone[@unit="page" and @n="592"]
Writing 541 Text!
Can't find page 593, trying next page
Can't find page 594, trying next page
Can't find page 595, trying next page
Can't find page 596, trying next page
Can't find page 597, trying next page
XPath Failed for Vol 37
	/*//milestone[@unit="page" and @n="598"]
Writing 542 Text!
Writing 543 Text!
Writing 544 Text!
Writing 545 Text!
Writing 546 Text!
Writing 547 Text!
Can't find page 1, trying next page
Can't find page 2, trying next page
Writing 548 Text!
Writing 549 Text!
Writing 550 Text!
Writing 551 Text!
Writing 552 Text!
Writing 553 Text!
Writing 554 Text!
Writing 555 Text!
Writing 556 Text!
Writing 557 Text!
Writing 558 Text!
Writing 559 Text!
Writing 560 Text!
Writing 561 Text!
Writing 562 Text!
Writing 563 Text!
Writing 564 Text!
Can't find page 263, trying next page
Can't find page 264, trying next page
Can't find page 265, trying next page
Writing 565 Text!
Writing 566 Text!
Writing 567 Text!
Writing 568 Text!
Writing 569 Text!
Writing 570 Text!
Writing 571 Text!
Writing 572 Text!
Writing 573 Text!
Writing 574 Text!
Writing 575 Text!
Writing 576 Text!
Text 576: No OCR File for Volume 39
Writing 577 Text!
Text 577: No OCR File for Volume 39
Writing 578 Text!
Text 578: No OCR File for Volume 39
Writing 579 Text!
Text 579: No OCR File for Volume 39
Writing 580 Text!
Text 580: No OCR File for Volume 39
Writing 581 Text!
Text 581: No OCR File for Volume 39
Writing 582 Text!
Text 582: No OCR File for Volume 39
Writing 583 Text!
Text 583: No OCR File for Volume 39
Writing 584 Text!
Text 584: No OCR File for Volume 39
Writing 585 Text!
Text 585: No OCR File for Volume 39
Writing 586 Text!
Text 586: No OCR File for Volume 39
Writing 587 Text!
Text 587: No OCR File for Volume 39
Writing 588 Text!
Text 588: No OCR File for Volume 39
Writing 589 Text!
Text 589: No OCR File for Volume 39
Writing 590 Text!
Text 590: No OCR File for Volume 39
Writing 591 Text!
Text 591: No OCR File for Volume 39
Writing 592 Text!
Text 592: No OCR File for Volume 39
Writing 593 Text!
Text 593: No OCR File for Volume 39
Writing 594 Text!
Text 594: No OCR File for Volume 39
Writing 595 Text!
Text 595: No OCR File for Volume 39
Writing 596 Text!
Text 596: No OCR File for Volume 39
Writing 597 Text!
Text 597: No OCR File for Volume 39
Writing 598 Text!
Text 598: No OCR File for Volume 39
Writing 599 Text!
Text 599: No OCR File for Volume 39
Writing 600 Text!
Text 600: No OCR File for Volume 39
Writing 601 Text!
Text 601: No OCR File for Volume 39
Writing 602 Text!
Text 602: No OCR File for Volume 39
Writing 603 Text!
Text 603: No OCR File for Volume 39
Writing 604 Text!
Text 604: No OCR File for Volume 39
Writing 605 Text!
Text 605: No OCR File for Volume 39
Writing 606 Text!
Text 606: No OCR File for Volume 39
Writing 607 Text!
Text 607: No OCR File for Volume 39
Writing 608 Text!
Text 608: No OCR File for Volume 39
Writing 609 Text!
Text 609: No OCR File for Volume 39
Writing 610 Text!
Text 610: No OCR File for Volume 39
Writing 611 Text!
Text 611: No OCR File for Volume 39
Writing 612 Text!
Text 612: No OCR File for Volume 40
Writing 613 Text!
Text 613: No OCR File for Volume 40
Writing 614 Text!
Text 614: No OCR File for Volume 40
Writing 615 Text!
Text 615: No OCR File for Volume 40
Writing 616 Text!
Text 616: No OCR File for Volume 40
Writing 617 Text!
Text 617: No OCR File for Volume 40
Writing 618 Text!
Text 618: No OCR File for Volume 40
Writing 619 Text!
Text 619: No OCR File for Volume 40
Writing 620 Text!
Text 620: No OCR File for Volume 40
Writing 621 Text!
Text 621: No OCR File for Volume 40
Writing 622 Text!
Text 622: No OCR File for Volume 40
Writing 623 Text!
Text 623: No OCR File for Volume 40
Writing 624 Text!
Text 624: No OCR File for Volume 41
Writing 625 Text!
Text 625: No OCR File for Volume 41
Writing 626 Text!
Text 626: No OCR File for Volume 41
Writing 627 Text!
Text 627: No OCR File for Volume 41
Writing 628 Text!
Text 628: No OCR File for Volume 41
Writing 629 Text!
Text 629: No OCR File for Volume 41
Writing 630 Text!
Text 630: No OCR File for Volume 41
Writing 631 Text!
Text 631: No OCR File for Volume 41
Writing 632 Text!
Text 632: No OCR File for Volume 41
Writing 633 Text!
Text 633: No OCR File for Volume 41
Writing 634 Text!
Text 634: No OCR File for Volume 41
Writing 635 Text!
Text 635: No OCR File for Volume 41
Writing 636 Text!
Text 636: No OCR File for Volume 41
Writing 637 Text!
Text 637: No OCR File for Volume 41
Writing 638 Text!
Can't find page 1, trying next page
Writing 639 Text!
Writing 640 Text!
Writing 641 Text!
Writing 642 Text!
Writing 643 Text!
Writing 644 Text!
Writing 645 Text!
Writing 646 Text!
Writing 647 Text!
Writing 648 Text!
Writing 649 Text!
Text 649: No OCR File for Volume 43
Writing 650 Text!
Text 650: No OCR File for Volume 43
Writing 651 Text!
Text 651: No OCR File for Volume 43
Writing 652 Text!
Text 652: No OCR File for Volume 43
Writing 653 Text!
Text 653: No OCR File for Volume 43
Writing 654 Text!
Text 654: No OCR File for Volume 43
Writing 655 Text!
Text 655: No OCR File for Volume 43
Writing 656 Text!
Text 656: No OCR File for Volume 43
Writing 657 Text!
Text 657: No OCR File for Volume 43
Writing 658 Text!
Text 658: No OCR File for Volume 43
Writing 659 Text!
Text 659: No OCR File for Volume 43
Writing 660 Text!
Text 660: No OCR File for Volume 43
Writing 661 Text!
Text 661: No OCR File for Volume 43
Writing 662 Text!
Text 662: No OCR File for Volume 43
Writing 663 Text!
Text 663: No OCR File for Volume 43
Writing 664 Text!
Text 664: No OCR File for Volume 43
Writing 665 Text!
Text 665: No OCR File for Volume 43
Writing 666 Text!
Text 666: No OCR File for Volume 43
Writing 667 Text!
Text 667: No OCR File for Volume 43
Writing 668 Text!
Text 668: No OCR File for Volume 43
Writing 669 Text!
Text 669: No OCR File for Volume 43
Writing 670 Text!
Text 670: No OCR File for Volume 43
Writing 671 Text!
Text 671: No OCR File for Volume 43
Writing 672 Text!
Text 672: No OCR File for Volume 43
Writing 673 Text!
Text 673: No OCR File for Volume 43
Writing 674 Text!
Text 674: No OCR File for Volume 43
Writing 675 Text!
Text 675: No OCR File for Volume 43
Writing 676 Text!
Text 676: No OCR File for Volume 43
Writing 677 Text!
Can't find page 1, trying next page
Writing 678 Text!
Writing 679 Text!
Writing 680 Text!
Writing 681 Text!
Writing 682 Text!
Writing 683 Text!
Writing 684 Text!
Writing 685 Text!
Writing 686 Text!
Writing 687 Text!
Writing 688 Text!
Writing 689 Text!
Writing 690 Text!
Writing 691 Text!
Can't find page 392, trying next page
Writing 692 Text!
Writing 693 Text!
Writing 694 Text!
Writing 695 Text!
Writing 696 Text!
Writing 697 Text!
Writing 698 Text!
Text 698: No OCR File for Volume 45
Writing 699 Text!
Text 699: No OCR File for Volume 45
Writing 700 Text!
Text 700: No OCR File for Volume 45
Writing 701 Text!
Text 701: No OCR File for Volume 45
Writing 702 Text!
Text 702: No OCR File for Volume 45
Writing 703 Text!
Text 703: No OCR File for Volume 45
Writing 704 Text!
Text 704: No OCR File for Volume 45
Writing 705 Text!
Text 705: No OCR File for Volume 45
Writing 706 Text!
Text 706: No OCR File for Volume 45
Writing 707 Text!
Text 707: No OCR File for Volume 45
Writing 708 Text!
Text 708: No OCR File for Volume 45
Writing 709 Text!
Text 709: No OCR File for Volume 45
Writing 710 Text!
Text 710: No OCR File for Volume 45
Writing 711 Text!
Text 711: No OCR File for Volume 45
Writing 712 Text!
Text 712: No OCR File for Volume 45
Writing 713 Text!
Text 713: No OCR File for Volume 45
Writing 714 Text!
Text 714: No OCR File for Volume 45
Writing 715 Text!
Text 715: No OCR File for Volume 45
Writing 716 Text!
Text 716: No OCR File for Volume 45
Writing 717 Text!
Text 717: No OCR File for Volume 45
Writing 718 Text!
Text 718: No OCR File for Volume 45
Writing 719 Text!
Text 719: No OCR File for Volume 45
Writing 720 Text!
Text 720: No OCR File for Volume 45
Writing 721 Text!
Text 721: No OCR File for Volume 45
Writing 722 Text!
Can't find page 1, trying next page
Writing 723 Text!
Writing 724 Text!
Writing 725 Text!
Writing 726 Text!
Writing 727 Text!
Writing 728 Text!
Writing 729 Text!
Writing 730 Text!
Writing 731 Text!
Writing 732 Text!
Writing 733 Text!
Writing 734 Text!
Writing 735 Text!
Can't find page 1, trying next page
Writing 736 Text!
Writing 737 Text!
Writing 738 Text!
Writing 739 Text!
Can't find page 146, trying next page
Writing 740 Text!
Writing 741 Text!
Writing 742 Text!
Writing 743 Text!
Writing 744 Text!
Writing 745 Text!
Writing 746 Text!
Writing 747 Text!
Can't find page 682, trying next page
Writing 748 Text!
Writing 749 Text!
Can't find page 1, trying next page
Writing 750 Text!
Writing 751 Text!
Writing 752 Text!
Writing 753 Text!
Writing 754 Text!
Writing 755 Text!
Writing 756 Text!
Writing 757 Text!
Writing 758 Text!
Writing 759 Text!
Writing 760 Text!
Writing 761 Text!
Writing 762 Text!
Writing 763 Text!
Writing 764 Text!
Writing 765 Text!
Writing 766 Text!
Writing 767 Text!
Writing 768 Text!
Writing 769 Text!
Writing 770 Text!
Writing 771 Text!
Writing 772 Text!
Writing 773 Text!
Writing 774 Text!
Writing 775 Text!
Writing 776 Text!
Writing 777 Text!
Writing 778 Text!
Writing 779 Text!
Can't find page 735, trying next page
Can't find page 736, trying next page
Can't find page 737, trying next page
Can't find page 738, trying next page
Can't find page 739, trying next page
XPath Failed for Vol 48
	/*//milestone[@unit="page" and @n="740"]
Writing 780 Text!
Can't find page 1, trying next page
Writing 781 Text!
Writing 782 Text!
Writing 783 Text!
Writing 784 Text!
Writing 785 Text!
Writing 786 Text!
Writing 787 Text!
Writing 788 Text!
Writing 789 Text!
Writing 790 Text!
Writing 791 Text!
Writing 792 Text!
Writing 793 Text!
Writing 794 Text!
Writing 795 Text!
Writing 796 Text!
Writing 797 Text!
Writing 798 Text!
Writing 799 Text!
Writing 800 Text!
Writing 801 Text!
Writing 802 Text!
Writing 803 Text!
Writing 804 Text!
Writing 805 Text!
Writing 806 Text!
Writing 807 Text!
Writing 808 Text!
Writing 809 Text!
Writing 810 Text!
Writing 811 Text!
Text 811: No OCR File for Volume 50
Writing 812 Text!
Text 812: No OCR File for Volume 50
Writing 813 Text!
Text 813: No OCR File for Volume 50
Writing 814 Text!
Text 814: No OCR File for Volume 50
Writing 815 Text!
Text 815: No OCR File for Volume 50
Writing 816 Text!
Text 816: No OCR File for Volume 50
Writing 817 Text!
Text 817: No OCR File for Volume 50
Writing 818 Text!
Text 818: No OCR File for Volume 50
Writing 819 Text!
Text 819: No OCR File for Volume 50
Writing 820 Text!
Text 820: No OCR File for Volume 50
Writing 821 Text!
Text 821: No OCR File for Volume 50
Writing 822 Text!
Text 822: No OCR File for Volume 50
Writing 823 Text!
Text 823: No OCR File for Volume 50
Writing 824 Text!
Text 824: No OCR File for Volume 50
Writing 825 Text!
Text 825: No OCR File for Volume 50
Writing 826 Text!
Text 826: No OCR File for Volume 50
Writing 827 Text!
Text 827: No OCR File for Volume 50
Writing 828 Text!
Text 828: No OCR File for Volume 50
Writing 829 Text!
Text 829: No OCR File for Volume 50
Writing 830 Text!
Text 830: No OCR File for Volume 50
Writing 831 Text!
Text 831: No OCR File for Volume 50
Writing 832 Text!
Text 832: No OCR File for Volume 50
Writing 833 Text!
Text 833: No OCR File for Volume 50
Writing 834 Text!
Text 834: No OCR File for Volume 50
Writing 835 Text!
Text 835: No OCR File for Volume 50
Writing 836 Text!
Text 836: No OCR File for Volume 50
Writing 837 Text!
Text 837: No OCR File for Volume 50
Writing 838 Text!
Text 838: No OCR File for Volume 50
Writing 839 Text!
Text 839: No OCR File for Volume 50
Writing 840 Text!
Text 840: No OCR File for Volume 50
Writing 841 Text!
Text 841: No OCR File for Volume 50
Writing 842 Text!
Text 842: No OCR File for Volume 50
Writing 843 Text!
Text 843: No OCR File for Volume 50
Writing 844 Text!
Text 844: No OCR File for Volume 50
Writing 845 Text!
Text 845: No OCR File for Volume 50
Writing 846 Text!
Text 846: No OCR File for Volume 50
Writing 847 Text!
Text 847: No OCR File for Volume 50
Writing 848 Text!
Text 848: No OCR File for Volume 50
Writing 849 Text!
Text 849: No OCR File for Volume 50
Writing 850 Text!
Text 850: No OCR File for Volume 50
Writing 851 Text!
Text 851: No OCR File for Volume 50
Writing 852 Text!
Text 852: No OCR File for Volume 50
Writing 853 Text!
Text 853: No OCR File for Volume 50
Writing 854 Text!
Text 854: No OCR File for Volume 50
Writing 855 Text!
Text 855: No OCR File for Volume 50
Writing 856 Text!
Text 856: No OCR File for Volume 50
Writing 857 Text!
Can't find page 1, trying next page
Writing 858 Text!
Writing 859 Text!
Writing 860 Text!
Writing 861 Text!
Writing 862 Text!
Writing 863 Text!
Writing 864 Text!
Writing 865 Text!
Writing 866 Text!
Writing 867 Text!
Writing 868 Text!
Writing 869 Text!
Writing 870 Text!
Writing 871 Text!
Writing 872 Text!
Can't find page 168, trying next page
Writing 873 Text!
Writing 874 Text!
Writing 875 Text!
Writing 876 Text!
Can't find page 262, trying next page
Writing 877 Text!
Writing 878 Text!
Writing 879 Text!
Writing 880 Text!
Writing 881 Text!
Writing 882 Text!
Writing 883 Text!
Writing 884 Text!
Writing 885 Text!
Writing 886 Text!
Writing 887 Text!
Writing 888 Text!
Writing 889 Text!
Writing 890 Text!
Writing 891 Text!
Writing 892 Text!
Writing 893 Text!
Writing 894 Text!
Can't find page 1, trying next page
Writing 895 Text!
Writing 896 Text!
Writing 897 Text!
Writing 898 Text!
Writing 899 Text!
Writing 900 Text!
Writing 901 Text!
Writing 902 Text!
Writing 903 Text!
Writing 904 Text!
Writing 905 Text!
Writing 906 Text!
Writing 907 Text!
Writing 908 Text!
Writing 909 Text!
Writing 910 Text!
Writing 911 Text!
Writing 912 Text!
Writing 913 Text!
Writing 914 Text!
Writing 915 Text!
Can't find page 1, trying next page
Writing 916 Text!
Writing 917 Text!
Writing 918 Text!
Writing 919 Text!
Writing 920 Text!
Writing 921 Text!
Writing 922 Text!
Writing 923 Text!
Writing 924 Text!
Writing 925 Text!
Writing 926 Text!
Writing 927 Text!
Writing 928 Text!
Writing 929 Text!
Can't find page 1, trying next page
Writing 930 Text!
Writing 931 Text!
Writing 932 Text!
Writing 933 Text!
Writing 934 Text!
Writing 935 Text!
Writing 936 Text!
Writing 937 Text!
Writing 938 Text!
Writing 939 Text!
Can't find page 163, trying next page
Writing 940 Text!
Writing 941 Text!
Writing 942 Text!
Writing 943 Text!
Writing 944 Text!
Writing 945 Text!
Writing 946 Text!
Writing 947 Text!
Writing 948 Text!
