Log file for Peltsek conversion
arguments: {'path': 'out/plaintexts', 'type': 'plain'}
Automatically fixing missing paginations and line numbers.
To disable this comment out Catalog.py line 92.
Writing plain text for 1
out\out/plaintexts plain
here
.txt
here
Writing plain text for 2
out\out/plaintexts plain
here
.txt
here
Writing plain text for 3
out\out/plaintexts plain
here
.txt
here
Writing plain text for 4
out\out/plaintexts plain
here
.txt
here
Writing plain text for 5
out\out/plaintexts plain
here
.txt
here
Writing plain text for 6
out\out/plaintexts plain
here
.txt
here
Writing plain text for 7
out\out/plaintexts plain
here
.txt
here
Writing plain text for 8
out\out/plaintexts plain
here
.txt
here
Writing plain text for 9
out\out/plaintexts plain
here
.txt
here
Writing plain text for 10
out\out/plaintexts plain
here
.txt
here
Writing plain text for 11
out\out/plaintexts plain
here
.txt
here
Writing plain text for 12
out\out/plaintexts plain
here
.txt
here
Writing plain text for 13
out\out/plaintexts plain
here
.txt
here
Writing plain text for 14
out\out/plaintexts plain
here
.txt
here
Writing plain text for 15
out\out/plaintexts plain
here
.txt
here
Writing plain text for 16
out\out/plaintexts plain
here
.txt
here
Writing plain text for 17
out\out/plaintexts plain
here
.txt
here
Writing plain text for 18
out\out/plaintexts plain
here
.txt
here
Writing plain text for 19
out\out/plaintexts plain
here
.txt
here
Writing plain text for 20
out\out/plaintexts plain
here
.txt
here
Writing plain text for 21
out\out/plaintexts plain
here
.txt
here
Writing plain text for 22
out\out/plaintexts plain
here
.txt
here
Writing plain text for 23
out\out/plaintexts plain
here
.txt
here
Writing plain text for 24
out\out/plaintexts plain
here
.txt
here
Writing plain text for 25
out\out/plaintexts plain
here
.txt
here
Writing plain text for 26
out\out/plaintexts plain
here
.txt
here
Writing plain text for 27
out\out/plaintexts plain
here
.txt
here
Writing plain text for 28
out\out/plaintexts plain
here
.txt
here
Writing plain text for 29
out\out/plaintexts plain
here
.txt
here
Writing plain text for 30
out\out/plaintexts plain
here
.txt
here
Writing plain text for 31
out\out/plaintexts plain
here
.txt
here
Writing plain text for 32
out\out/plaintexts plain
here
.txt
here
Writing plain text for 33
out\out/plaintexts plain
here
.txt
here
Writing plain text for 34
out\out/plaintexts plain
here
.txt
here
Writing plain text for 35
out\out/plaintexts plain
here
.txt
here
Writing plain text for 36
out\out/plaintexts plain
here
.txt
here
Writing plain text for 37
out\out/plaintexts plain
here
.txt
here
Writing plain text for 38
out\out/plaintexts plain
here
.txt
here
Writing plain text for 39
out\out/plaintexts plain
here
.txt
here
Writing plain text for 40
out\out/plaintexts plain
here
.txt
here
Writing plain text for 41
out\out/plaintexts plain
here
.txt
here
Writing plain text for 42
out\out/plaintexts plain
here
.txt
here
Writing plain text for 43
out\out/plaintexts plain
here
.txt
here
Writing plain text for 44
out\out/plaintexts plain
here
.txt
here
Writing plain text for 45
out\out/plaintexts plain
here
.txt
here
Writing plain text for 46
out\out/plaintexts plain
here
.txt
here
Writing plain text for 47
out\out/plaintexts plain
here
.txt
here
Writing plain text for 48
out\out/plaintexts plain
here
.txt
here
Writing plain text for 49
out\out/plaintexts plain
here
.txt
here
Writing plain text for 50
out\out/plaintexts plain
here
.txt
here
Writing plain text for 51
out\out/plaintexts plain
here
.txt
here
Writing plain text for 52
out\out/plaintexts plain
here
.txt
here
Writing plain text for 53
out\out/plaintexts plain
here
.txt
here
Writing plain text for 54
out\out/plaintexts plain
here
.txt
here
Writing plain text for 55
out\out/plaintexts plain
here
.txt
here
Writing plain text for 56
out\out/plaintexts plain
here
.txt
here
Writing plain text for 57
out\out/plaintexts plain
here
.txt
here
Writing plain text for 58
out\out/plaintexts plain
here
.txt
here
Writing plain text for 59
out\out/plaintexts plain
here
.txt
here
Writing plain text for 60
out\out/plaintexts plain
here
.txt
here
Writing plain text for 61
out\out/plaintexts plain
here
.txt
here
Writing plain text for 62
out\out/plaintexts plain
here
.txt
here
Writing plain text for 63
out\out/plaintexts plain
here
.txt
here
Writing plain text for 64
out\out/plaintexts plain
here
.txt
here
Writing plain text for 65
out\out/plaintexts plain
here
.txt
here
Writing plain text for 66
out\out/plaintexts plain
here
.txt
here
Writing plain text for 67
out\out/plaintexts plain
here
.txt
here
Writing plain text for 68
out\out/plaintexts plain
here
.txt
here
Writing plain text for 69
out\out/plaintexts plain
here
.txt
here
Writing plain text for 70
out\out/plaintexts plain
here
.txt
here
Writing plain text for 71
out\out/plaintexts plain
here
.txt
here
Writing plain text for 72
out\out/plaintexts plain
here
.txt
here
Writing plain text for 73
out\out/plaintexts plain
here
.txt
here
Writing plain text for 74
out\out/plaintexts plain
here
.txt
here
Writing plain text for 75
out\out/plaintexts plain
here
.txt
here
Writing plain text for 76
out\out/plaintexts plain
here
.txt
here
Writing plain text for 77
out\out/plaintexts plain
here
.txt
here
Writing plain text for 78
out\out/plaintexts plain
here
.txt
here
Writing plain text for 79
out\out/plaintexts plain
here
.txt
here
Writing plain text for 80
out\out/plaintexts plain
here
.txt
here
Writing plain text for 81
out\out/plaintexts plain
here
.txt
here
Writing plain text for 82
out\out/plaintexts plain
here
.txt
here
Writing plain text for 83
out\out/plaintexts plain
here
.txt
here
Writing plain text for 84
out\out/plaintexts plain
here
.txt
here
Writing plain text for 85
out\out/plaintexts plain
here
.txt
here
Writing plain text for 86
out\out/plaintexts plain
here
.txt
here
Writing plain text for 87
out\out/plaintexts plain
here
.txt
here
Writing plain text for 88
out\out/plaintexts plain
here
.txt
here
Writing plain text for 89
out\out/plaintexts plain
here
.txt
here
Writing plain text for 90
out\out/plaintexts plain
here
.txt
here
Writing plain text for 91
out\out/plaintexts plain
here
.txt
here
Writing plain text for 92
out\out/plaintexts plain
here
.txt
here
Writing plain text for 93
out\out/plaintexts plain
here
.txt
here
Writing plain text for 94
out\out/plaintexts plain
here
.txt
here
Writing plain text for 95
out\out/plaintexts plain
here
.txt
here
Writing plain text for 96
out\out/plaintexts plain
here
.txt
here
Writing plain text for 97
out\out/plaintexts plain
here
.txt
here
Writing plain text for 98
out\out/plaintexts plain
here
.txt
here
Writing plain text for 99
out\out/plaintexts plain
here
.txt
here
Writing plain text for 100
out\out/plaintexts plain
here
.txt
here
Writing plain text for 101
out\out/plaintexts plain
here
.txt
here
Writing plain text for 102
out\out/plaintexts plain
here
.txt
here
Writing plain text for 103
out\out/plaintexts plain
here
.txt
here
Writing plain text for 104
out\out/plaintexts plain
here
.txt
here
Writing plain text for 105
out\out/plaintexts plain
here
.txt
here
Writing plain text for 106
out\out/plaintexts plain
here
.txt
here
Writing plain text for 107
out\out/plaintexts plain
here
.txt
here
Writing plain text for 108
out\out/plaintexts plain
here
.txt
here
Writing plain text for 109
out\out/plaintexts plain
here
.txt
here
Writing plain text for 110
out\out/plaintexts plain
here
.txt
here
Writing plain text for 111
out\out/plaintexts plain
here
.txt
here
Writing plain text for 112
out\out/plaintexts plain
here
.txt
here
Writing plain text for 113
out\out/plaintexts plain
here
.txt
here
Writing plain text for 114
out\out/plaintexts plain
here
.txt
here
Writing plain text for 115
out\out/plaintexts plain
here
.txt
here
Writing plain text for 116
out\out/plaintexts plain
here
.txt
here
Writing plain text for 117
out\out/plaintexts plain
here
.txt
here
Writing plain text for 118
out\out/plaintexts plain
here
.txt
here
Writing plain text for 119
out\out/plaintexts plain
here
.txt
here
Writing plain text for 120
out\out/plaintexts plain
here
.txt
here
Writing plain text for 121
out\out/plaintexts plain
here
.txt
here
Writing plain text for 122
out\out/plaintexts plain
here
.txt
here
Writing plain text for 123
out\out/plaintexts plain
here
.txt
here
Writing plain text for 124
out\out/plaintexts plain
here
.txt
here
Writing plain text for 125
out\out/plaintexts plain
here
.txt
here
Writing plain text for 126
out\out/plaintexts plain
here
.txt
here
Writing plain text for 127
out\out/plaintexts plain
here
.txt
here
Writing plain text for 128
out\out/plaintexts plain
here
.txt
here
Writing plain text for 129
out\out/plaintexts plain
here
.txt
here
Writing plain text for 130
out\out/plaintexts plain
here
.txt
here
Writing plain text for 131
out\out/plaintexts plain
here
.txt
here
Writing plain text for 132
out\out/plaintexts plain
here
.txt
here
Writing plain text for 133
out\out/plaintexts plain
here
.txt
here
Writing plain text for 134
out\out/plaintexts plain
here
.txt
here
Writing plain text for 135
out\out/plaintexts plain
here
.txt
here
Writing plain text for 136
out\out/plaintexts plain
here
.txt
here
Writing plain text for 137
out\out/plaintexts plain
here
.txt
here
Writing plain text for 138
out\out/plaintexts plain
here
.txt
here
Writing plain text for 139
out\out/plaintexts plain
here
.txt
here
Writing plain text for 140
out\out/plaintexts plain
here
.txt
here
Writing plain text for 141
out\out/plaintexts plain
here
.txt
here
Writing plain text for 142
out\out/plaintexts plain
here
.txt
here
Writing plain text for 143
out\out/plaintexts plain
here
.txt
here
Writing plain text for 144
out\out/plaintexts plain
here
.txt
here
Writing plain text for 145
out\out/plaintexts plain
here
.txt
here
Writing plain text for 146
out\out/plaintexts plain
here
.txt
here
Writing plain text for 147
out\out/plaintexts plain
here
.txt
here
Writing plain text for 148
out\out/plaintexts plain
here
.txt
here
Writing plain text for 149
out\out/plaintexts plain
here
.txt
here
Writing plain text for 150
out\out/plaintexts plain
here
.txt
here
Writing plain text for 151
out\out/plaintexts plain
here
.txt
here
Writing plain text for 152
out\out/plaintexts plain
here
.txt
here
Writing plain text for 153
out\out/plaintexts plain
here
.txt
here
Writing plain text for 154
out\out/plaintexts plain
here
.txt
here
Writing plain text for 155
out\out/plaintexts plain
here
.txt
here
Writing plain text for 156
out\out/plaintexts plain
here
.txt
here
Writing plain text for 157
out\out/plaintexts plain
here
.txt
here
Writing plain text for 158
out\out/plaintexts plain
here
.txt
here
Writing plain text for 159
out\out/plaintexts plain
here
.txt
here
Writing plain text for 160
out\out/plaintexts plain
here
.txt
here
Writing plain text for 161
out\out/plaintexts plain
here
.txt
here
Writing plain text for 162
out\out/plaintexts plain
here
.txt
here
Writing plain text for 163
out\out/plaintexts plain
here
.txt
here
Writing plain text for 164
out\out/plaintexts plain
here
.txt
here
Writing plain text for 165
out\out/plaintexts plain
here
.txt
here
Writing plain text for 166
out\out/plaintexts plain
here
.txt
here
Writing plain text for 167
out\out/plaintexts plain
here
.txt
here
Writing plain text for 168
out\out/plaintexts plain
here
.txt
here
Writing plain text for 169
out\out/plaintexts plain
here
.txt
here
Writing plain text for 170
out\out/plaintexts plain
here
.txt
here
Writing plain text for 171
out\out/plaintexts plain
here
.txt
here
Writing plain text for 172
out\out/plaintexts plain
here
.txt
here
Writing plain text for 173
out\out/plaintexts plain
here
.txt
here
Writing plain text for 174
out\out/plaintexts plain
here
.txt
here
Writing plain text for 175
out\out/plaintexts plain
here
.txt
here
Writing plain text for 176
out\out/plaintexts plain
here
.txt
here
Writing plain text for 177
out\out/plaintexts plain
here
.txt
here
Writing plain text for 178
out\out/plaintexts plain
here
.txt
here
Writing plain text for 179
out\out/plaintexts plain
here
.txt
here
Writing plain text for 180
out\out/plaintexts plain
here
.txt
here
Writing plain text for 181
out\out/plaintexts plain
here
.txt
here
Writing plain text for 182
out\out/plaintexts plain
here
.txt
here
Writing plain text for 183
out\out/plaintexts plain
here
.txt
here
Writing plain text for 184
out\out/plaintexts plain
here
.txt
here
Writing plain text for 185
out\out/plaintexts plain
here
.txt
here
Writing plain text for 186
out\out/plaintexts plain
here
.txt
here
Writing plain text for 187
out\out/plaintexts plain
here
.txt
here
Writing plain text for 188
out\out/plaintexts plain
here
.txt
here
Writing plain text for 189
out\out/plaintexts plain
here
.txt
here
Writing plain text for 190
out\out/plaintexts plain
here
.txt
here
Writing plain text for 191
out\out/plaintexts plain
here
.txt
here
Writing plain text for 192
out\out/plaintexts plain
here
.txt
here
Writing plain text for 193
out\out/plaintexts plain
here
.txt
here
Writing plain text for 194
out\out/plaintexts plain
here
.txt
here
Writing plain text for 195
out\out/plaintexts plain
here
.txt
here
Writing plain text for 196
out\out/plaintexts plain
here
.txt
here
Writing plain text for 197
out\out/plaintexts plain
here
.txt
here
Writing plain text for 198
out\out/plaintexts plain
here
.txt
here
Writing plain text for 199
out\out/plaintexts plain
here
.txt
here
Writing plain text for 200
out\out/plaintexts plain
here
.txt
here
Writing plain text for 201
out\out/plaintexts plain
here
.txt
here
Writing plain text for 202
out\out/plaintexts plain
here
.txt
here
Writing plain text for 203
out\out/plaintexts plain
here
.txt
here
Writing plain text for 204
out\out/plaintexts plain
here
.txt
here
Writing plain text for 205
out\out/plaintexts plain
here
.txt
here
Writing plain text for 206
out\out/plaintexts plain
here
.txt
here
Writing plain text for 207
out\out/plaintexts plain
here
.txt
here
Writing plain text for 208
out\out/plaintexts plain
here
.txt
here
Writing plain text for 209
out\out/plaintexts plain
here
.txt
here
Writing plain text for 210
out\out/plaintexts plain
here
.txt
here
Writing plain text for 211
out\out/plaintexts plain
here
.txt
here
Writing plain text for 212
out\out/plaintexts plain
here
.txt
here
Writing plain text for 213
out\out/plaintexts plain
here
.txt
here
Writing plain text for 214
out\out/plaintexts plain
here
.txt
here
Writing plain text for 215
out\out/plaintexts plain
here
.txt
here
Writing plain text for 216
out\out/plaintexts plain
here
.txt
here
Writing plain text for 217
out\out/plaintexts plain
here
.txt
here
Writing plain text for 218
out\out/plaintexts plain
here
.txt
here
Writing plain text for 219
out\out/plaintexts plain
here
.txt
here
Writing plain text for 220
out\out/plaintexts plain
here
.txt
here
Writing plain text for 221
out\out/plaintexts plain
here
.txt
here
Writing plain text for 222
out\out/plaintexts plain
here
.txt
here
Writing plain text for 223
out\out/plaintexts plain
here
.txt
here
Writing plain text for 224
out\out/plaintexts plain
here
.txt
here
Writing plain text for 225
out\out/plaintexts plain
here
.txt
here
Writing plain text for 226
out\out/plaintexts plain
here
.txt
here
Writing plain text for 227
out\out/plaintexts plain
here
.txt
here
Writing plain text for 228
out\out/plaintexts plain
here
.txt
here
Writing plain text for 229
out\out/plaintexts plain
here
.txt
here
Writing plain text for 230
out\out/plaintexts plain
here
.txt
here
Writing plain text for 231
out\out/plaintexts plain
here
.txt
here
Writing plain text for 232
out\out/plaintexts plain
here
.txt
here
Writing plain text for 233
out\out/plaintexts plain
here
.txt
here
Writing plain text for 234
out\out/plaintexts plain
here
.txt
here
Writing plain text for 235
out\out/plaintexts plain
here
.txt
here
Writing plain text for 236
out\out/plaintexts plain
here
.txt
here
Writing plain text for 237
out\out/plaintexts plain
here
.txt
here
Writing plain text for 238
out\out/plaintexts plain
here
.txt
here
Writing plain text for 239
out\out/plaintexts plain
here
.txt
here
Writing plain text for 240
out\out/plaintexts plain
here
.txt
here
Writing plain text for 241
out\out/plaintexts plain
here
.txt
here
Writing plain text for 242
out\out/plaintexts plain
here
.txt
here
Writing plain text for 243
out\out/plaintexts plain
here
.txt
here
Writing plain text for 244
out\out/plaintexts plain
here
.txt
here
Writing plain text for 245
out\out/plaintexts plain
here
.txt
here
Writing plain text for 246
out\out/plaintexts plain
here
.txt
here
Writing plain text for 247
out\out/plaintexts plain
here
.txt
here
Writing plain text for 248
out\out/plaintexts plain
here
.txt
here
Writing plain text for 249
out\out/plaintexts plain
here
.txt
here
Writing plain text for 250
out\out/plaintexts plain
here
.txt
here
Writing plain text for 251
out\out/plaintexts plain
here
.txt
here
Writing plain text for 252
out\out/plaintexts plain
here
.txt
here
Writing plain text for 253
out\out/plaintexts plain
here
.txt
here
Writing plain text for 254
out\out/plaintexts plain
here
.txt
here
Writing plain text for 255
out\out/plaintexts plain
here
.txt
here
Writing plain text for 256
out\out/plaintexts plain
here
.txt
here
Writing plain text for 257
out\out/plaintexts plain
here
.txt
here
Writing plain text for 258
out\out/plaintexts plain
here
.txt
here
Writing plain text for 259
out\out/plaintexts plain
here
.txt
here
Writing plain text for 260
out\out/plaintexts plain
here
.txt
here
Writing plain text for 261
out\out/plaintexts plain
here
.txt
here
Writing plain text for 262
out\out/plaintexts plain
here
.txt
here
Writing plain text for 263
out\out/plaintexts plain
here
.txt
here
Writing plain text for 264
out\out/plaintexts plain
here
.txt
here
Writing plain text for 265
out\out/plaintexts plain
here
.txt
here
Writing plain text for 266
out\out/plaintexts plain
here
.txt
here
Writing plain text for 267
out\out/plaintexts plain
here
.txt
here
Writing plain text for 268
out\out/plaintexts plain
here
.txt
here
Writing plain text for 269
out\out/plaintexts plain
here
.txt
here
Writing plain text for 270
out\out/plaintexts plain
here
.txt
here
Writing plain text for 271
out\out/plaintexts plain
here
.txt
here
Writing plain text for 272
out\out/plaintexts plain
here
.txt
here
Writing plain text for 273
out\out/plaintexts plain
here
.txt
here
Writing plain text for 274
out\out/plaintexts plain
here
.txt
here
Writing plain text for 275
out\out/plaintexts plain
here
.txt
here
Writing plain text for 276
out\out/plaintexts plain
here
.txt
here
Writing plain text for 277
out\out/plaintexts plain
here
.txt
here
Writing plain text for 278
out\out/plaintexts plain
here
.txt
here
Writing plain text for 279
out\out/plaintexts plain
here
.txt
here
Writing plain text for 280
out\out/plaintexts plain
here
.txt
here
Writing plain text for 281
out\out/plaintexts plain
here
.txt
here
Writing plain text for 282
out\out/plaintexts plain
here
.txt
here
Writing plain text for 283
out\out/plaintexts plain
here
.txt
here
Writing plain text for 284
out\out/plaintexts plain
here
.txt
here
Writing plain text for 285
out\out/plaintexts plain
here
.txt
here
Writing plain text for 286
out\out/plaintexts plain
here
.txt
here
Writing plain text for 287
out\out/plaintexts plain
here
.txt
here
Writing plain text for 288
out\out/plaintexts plain
here
.txt
here
Writing plain text for 289
out\out/plaintexts plain
here
.txt
here
Writing plain text for 290
out\out/plaintexts plain
here
.txt
here
Writing plain text for 291
out\out/plaintexts plain
here
.txt
here
Writing plain text for 292
out\out/plaintexts plain
here
.txt
here
Writing plain text for 293
out\out/plaintexts plain
here
.txt
here
Writing plain text for 294
out\out/plaintexts plain
here
.txt
here
Writing plain text for 295
out\out/plaintexts plain
here
.txt
here
Writing plain text for 296
out\out/plaintexts plain
here
.txt
here
Writing plain text for 297
out\out/plaintexts plain
here
.txt
here
Writing plain text for 298
out\out/plaintexts plain
here
.txt
here
Writing plain text for 299
out\out/plaintexts plain
here
.txt
here
Writing plain text for 300
out\out/plaintexts plain
here
.txt
here
Writing plain text for 301
out\out/plaintexts plain
here
.txt
here
Writing plain text for 302
out\out/plaintexts plain
here
.txt
here
Writing plain text for 303
out\out/plaintexts plain
here
.txt
here
Writing plain text for 304
out\out/plaintexts plain
here
.txt
here
Writing plain text for 305
out\out/plaintexts plain
here
.txt
here
Writing plain text for 306
out\out/plaintexts plain
here
.txt
here
Writing plain text for 307
out\out/plaintexts plain
here
.txt
here
Writing plain text for 308
out\out/plaintexts plain
here
.txt
here
Writing plain text for 309
out\out/plaintexts plain
here
.txt
here
Writing plain text for 310
out\out/plaintexts plain
here
.txt
here
Writing plain text for 311
out\out/plaintexts plain
here
.txt
here
Writing plain text for 312
out\out/plaintexts plain
here
.txt
here
Writing plain text for 313
out\out/plaintexts plain
here
.txt
here
Writing plain text for 314
out\out/plaintexts plain
here
.txt
here
Writing plain text for 315
out\out/plaintexts plain
here
.txt
here
Writing plain text for 316
out\out/plaintexts plain
here
.txt
here
Writing plain text for 317
out\out/plaintexts plain
here
.txt
here
Writing plain text for 318
out\out/plaintexts plain
here
.txt
here
Writing plain text for 319
out\out/plaintexts plain
here
.txt
here
Writing plain text for 320
out\out/plaintexts plain
here
.txt
here
Writing plain text for 321
out\out/plaintexts plain
here
.txt
here
Writing plain text for 322
out\out/plaintexts plain
here
.txt
here
Writing plain text for 323
out\out/plaintexts plain
here
.txt
here
Writing plain text for 324
out\out/plaintexts plain
here
.txt
here
Writing plain text for 325
out\out/plaintexts plain
here
.txt
here
Writing plain text for 326
out\out/plaintexts plain
here
.txt
here
Writing plain text for 327
out\out/plaintexts plain
here
.txt
here
Writing plain text for 328
out\out/plaintexts plain
here
.txt
here
Writing plain text for 329
out\out/plaintexts plain
here
.txt
here
Writing plain text for 330
out\out/plaintexts plain
here
.txt
here
Writing plain text for 331
out\out/plaintexts plain
here
.txt
here
Writing plain text for 332
out\out/plaintexts plain
here
.txt
here
Writing plain text for 333
out\out/plaintexts plain
here
.txt
here
Writing plain text for 334
out\out/plaintexts plain
here
.txt
here
Writing plain text for 335
out\out/plaintexts plain
here
.txt
here
Writing plain text for 336
out\out/plaintexts plain
here
.txt
here
Writing plain text for 337
out\out/plaintexts plain
here
.txt
here
Writing plain text for 338
out\out/plaintexts plain
here
.txt
here
Writing plain text for 339
out\out/plaintexts plain
here
.txt
here
Writing plain text for 340
out\out/plaintexts plain
here
.txt
here
Writing plain text for 341
out\out/plaintexts plain
here
.txt
here
Writing plain text for 342
out\out/plaintexts plain
here
.txt
here
Writing plain text for 343
out\out/plaintexts plain
here
.txt
here
Writing plain text for 344
out\out/plaintexts plain
here
.txt
here
Writing plain text for 345
out\out/plaintexts plain
here
.txt
here
Writing plain text for 346
out\out/plaintexts plain
here
.txt
here
Writing plain text for 347
out\out/plaintexts plain
here
.txt
here
Writing plain text for 348
out\out/plaintexts plain
here
.txt
here
Writing plain text for 349
out\out/plaintexts plain
here
.txt
here
Writing plain text for 350
out\out/plaintexts plain
here
.txt
here
Writing plain text for 351
out\out/plaintexts plain
here
.txt
here
Writing plain text for 352
out\out/plaintexts plain
here
.txt
here
Writing plain text for 353
out\out/plaintexts plain
here
.txt
here
Writing plain text for 354
out\out/plaintexts plain
here
.txt
here
Writing plain text for 355
out\out/plaintexts plain
here
.txt
here
Writing plain text for 356
out\out/plaintexts plain
here
.txt
here
Writing plain text for 357
out\out/plaintexts plain
here
.txt
here
Writing plain text for 358
out\out/plaintexts plain
here
.txt
here
Writing plain text for 359
out\out/plaintexts plain
here
.txt
here
Writing plain text for 360
out\out/plaintexts plain
here
.txt
here
Writing plain text for 361
out\out/plaintexts plain
here
.txt
here
Writing plain text for 362
out\out/plaintexts plain
here
.txt
here
Writing plain text for 363
out\out/plaintexts plain
here
.txt
here
Writing plain text for 364
out\out/plaintexts plain
here
.txt
here
Writing plain text for 365
out\out/plaintexts plain
here
.txt
here
Writing plain text for 366
out\out/plaintexts plain
here
.txt
here
Writing plain text for 367
out\out/plaintexts plain
here
.txt
here
Writing plain text for 368
out\out/plaintexts plain
here
.txt
here
Writing plain text for 369
out\out/plaintexts plain
here
.txt
here
Writing plain text for 370
out\out/plaintexts plain
here
.txt
here
Writing plain text for 371
out\out/plaintexts plain
here
.txt
here
Writing plain text for 372
out\out/plaintexts plain
here
.txt
here
Writing plain text for 373
out\out/plaintexts plain
here
.txt
here
Writing plain text for 374
out\out/plaintexts plain
here
.txt
here
Writing plain text for 375
out\out/plaintexts plain
here
.txt
here
Writing plain text for 376
out\out/plaintexts plain
here
.txt
here
Writing plain text for 377
out\out/plaintexts plain
here
.txt
here
Writing plain text for 378
out\out/plaintexts plain
here
.txt
here
Writing plain text for 379
out\out/plaintexts plain
here
.txt
here
Writing plain text for 380
out\out/plaintexts plain
here
.txt
here
Writing plain text for 381
out\out/plaintexts plain
here
.txt
here
Writing plain text for 382
out\out/plaintexts plain
here
.txt
here
Writing plain text for 383
out\out/plaintexts plain
here
.txt
here
Writing plain text for 384
out\out/plaintexts plain
here
.txt
here
Writing plain text for 385
out\out/plaintexts plain
here
.txt
here
Writing plain text for 386
out\out/plaintexts plain
here
.txt
here
Writing plain text for 387
out\out/plaintexts plain
here
.txt
here
Writing plain text for 388
out\out/plaintexts plain
here
.txt
here
Writing plain text for 389
out\out/plaintexts plain
here
.txt
here
Writing plain text for 390
out\out/plaintexts plain
here
.txt
here
Writing plain text for 391
out\out/plaintexts plain
here
.txt
here
Writing plain text for 392
out\out/plaintexts plain
here
.txt
Text 392: No OCR File for Volume 32
Writing plain text for 393
out\out/plaintexts plain
here
.txt
Text 393: No OCR File for Volume 32
Writing plain text for 394
out\out/plaintexts plain
here
.txt
Text 394: No OCR File for Volume 32
Writing plain text for 395
out\out/plaintexts plain
here
.txt
Text 395: No OCR File for Volume 32
Writing plain text for 396
out\out/plaintexts plain
here
.txt
Text 396: No OCR File for Volume 32
Writing plain text for 397
out\out/plaintexts plain
here
.txt
Text 397: No OCR File for Volume 32
Writing plain text for 398
out\out/plaintexts plain
here
.txt
Text 398: No OCR File for Volume 32
Writing plain text for 399
out\out/plaintexts plain
here
.txt
Text 399: No OCR File for Volume 32
Writing plain text for 400
out\out/plaintexts plain
here
.txt
Text 400: No OCR File for Volume 32
Writing plain text for 401
out\out/plaintexts plain
here
.txt
Text 401: No OCR File for Volume 32
Writing plain text for 402
out\out/plaintexts plain
here
.txt
Text 402: No OCR File for Volume 32
Writing plain text for 403
out\out/plaintexts plain
here
.txt
Text 403: No OCR File for Volume 32
Writing plain text for 404
out\out/plaintexts plain
here
.txt
Text 404: No OCR File for Volume 32
Writing plain text for 405
out\out/plaintexts plain
here
.txt
Text 405: No OCR File for Volume 32
Writing plain text for 406
out\out/plaintexts plain
here
.txt
Text 406: No OCR File for Volume 32
Writing plain text for 407
out\out/plaintexts plain
here
.txt
Text 407: No OCR File for Volume 32
Writing plain text for 408
out\out/plaintexts plain
here
.txt
Text 408: No OCR File for Volume 32
Writing plain text for 409
out\out/plaintexts plain
here
.txt
here
Writing plain text for 410
out\out/plaintexts plain
here
.txt
here
Writing plain text for 411
out\out/plaintexts plain
here
.txt
here
Writing plain text for 412
out\out/plaintexts plain
here
.txt
here
Writing plain text for 413
out\out/plaintexts plain
here
.txt
here
Writing plain text for 414
out\out/plaintexts plain
here
.txt
here
Writing plain text for 415
out\out/plaintexts plain
here
.txt
here
Writing plain text for 416
out\out/plaintexts plain
here
.txt
here
Writing plain text for 417
out\out/plaintexts plain
here
.txt
here
Writing plain text for 418
out\out/plaintexts plain
here
.txt
here
Writing plain text for 419
out\out/plaintexts plain
here
.txt
here
Writing plain text for 420
out\out/plaintexts plain
here
.txt
here
Writing plain text for 421
out\out/plaintexts plain
here
.txt
here
Writing plain text for 422
out\out/plaintexts plain
here
.txt
here
Writing plain text for 423
out\out/plaintexts plain
here
.txt
here
Writing plain text for 424
out\out/plaintexts plain
here
.txt
here
Writing plain text for 425
out\out/plaintexts plain
here
.txt
here
Writing plain text for 426
out\out/plaintexts plain
here
.txt
here
Writing plain text for 427
out\out/plaintexts plain
here
.txt
here
Writing plain text for 428
out\out/plaintexts plain
here
.txt
here
Writing plain text for 429
out\out/plaintexts plain
here
.txt
here
Writing plain text for 430
out\out/plaintexts plain
here
.txt
here
Writing plain text for 431
out\out/plaintexts plain
here
.txt
here
Writing plain text for 432
out\out/plaintexts plain
here
.txt
here
Writing plain text for 433
out\out/plaintexts plain
here
.txt
here
Writing plain text for 434
out\out/plaintexts plain
here
.txt
here
Writing plain text for 435
out\out/plaintexts plain
here
.txt
here
Writing plain text for 436
out\out/plaintexts plain
here
.txt
here
Writing plain text for 437
out\out/plaintexts plain
here
.txt
here
Writing plain text for 438
out\out/plaintexts plain
here
.txt
here
Writing plain text for 439
out\out/plaintexts plain
here
.txt
here
Writing plain text for 440
out\out/plaintexts plain
here
.txt
here
Writing plain text for 441
out\out/plaintexts plain
here
.txt
here
Writing plain text for 442
out\out/plaintexts plain
here
.txt
here
Writing plain text for 443
out\out/plaintexts plain
here
.txt
here
Writing plain text for 444
out\out/plaintexts plain
here
.txt
here
Writing plain text for 445
out\out/plaintexts plain
here
.txt
here
Writing plain text for 446
out\out/plaintexts plain
here
.txt
here
Writing plain text for 447
out\out/plaintexts plain
here
.txt
here
Writing plain text for 448
out\out/plaintexts plain
here
.txt
here
Writing plain text for 449
out\out/plaintexts plain
here
.txt
here
Writing plain text for 450
out\out/plaintexts plain
here
.txt
here
Writing plain text for 451
out\out/plaintexts plain
here
.txt
here
Writing plain text for 452
out\out/plaintexts plain
here
.txt
here
Writing plain text for 453
out\out/plaintexts plain
here
.txt
here
Writing plain text for 454
out\out/plaintexts plain
here
.txt
here
Writing plain text for 455
out\out/plaintexts plain
here
.txt
here
Writing plain text for 456
out\out/plaintexts plain
here
.txt
here
Writing plain text for 457
out\out/plaintexts plain
here
.txt
here
Writing plain text for 458
out\out/plaintexts plain
here
.txt
here
Writing plain text for 459
out\out/plaintexts plain
here
.txt
here
Writing plain text for 460
out\out/plaintexts plain
here
.txt
here
Writing plain text for 461
out\out/plaintexts plain
here
.txt
here
Writing plain text for 462
out\out/plaintexts plain
here
.txt
here
Writing plain text for 463
out\out/plaintexts plain
here
.txt
here
Writing plain text for 464
out\out/plaintexts plain
here
.txt
here
Writing plain text for 465
out\out/plaintexts plain
here
.txt
here
Writing plain text for 466
out\out/plaintexts plain
here
.txt
here
Writing plain text for 467
out\out/plaintexts plain
here
.txt
here
Writing plain text for 468
out\out/plaintexts plain
here
.txt
here
Writing plain text for 469
out\out/plaintexts plain
here
.txt
here
Writing plain text for 470
out\out/plaintexts plain
here
.txt
here
Writing plain text for 471
out\out/plaintexts plain
here
.txt
here
Writing plain text for 472
out\out/plaintexts plain
here
.txt
here
Writing plain text for 473
out\out/plaintexts plain
here
.txt
here
Writing plain text for 474
out\out/plaintexts plain
here
.txt
Text 474: No OCR File for Volume 36
Writing plain text for 475
out\out/plaintexts plain
here
.txt
Text 475: No OCR File for Volume 36
Writing plain text for 476
out\out/plaintexts plain
here
.txt
Text 476: No OCR File for Volume 36
Writing plain text for 477
out\out/plaintexts plain
here
.txt
Text 477: No OCR File for Volume 36
Writing plain text for 478
out\out/plaintexts plain
here
.txt
Text 478: No OCR File for Volume 36
Writing plain text for 479
out\out/plaintexts plain
here
.txt
Text 479: No OCR File for Volume 36
Writing plain text for 480
out\out/plaintexts plain
here
.txt
Text 480: No OCR File for Volume 36
Writing plain text for 481
out\out/plaintexts plain
here
.txt
Text 481: No OCR File for Volume 36
Writing plain text for 482
out\out/plaintexts plain
here
.txt
Text 482: No OCR File for Volume 36
Writing plain text for 483
out\out/plaintexts plain
here
.txt
Text 483: No OCR File for Volume 36
Writing plain text for 484
out\out/plaintexts plain
here
.txt
Text 484: No OCR File for Volume 36
Writing plain text for 485
out\out/plaintexts plain
here
.txt
Text 485: No OCR File for Volume 36
Writing plain text for 486
out\out/plaintexts plain
here
.txt
Text 486: No OCR File for Volume 36
Writing plain text for 487
out\out/plaintexts plain
here
.txt
Text 487: No OCR File for Volume 36
Writing plain text for 488
out\out/plaintexts plain
here
.txt
Text 488: No OCR File for Volume 36
Writing plain text for 489
out\out/plaintexts plain
here
.txt
Text 489: No OCR File for Volume 36
Writing plain text for 490
out\out/plaintexts plain
here
.txt
Text 490: No OCR File for Volume 36
Writing plain text for 491
out\out/plaintexts plain
here
.txt
Text 491: No OCR File for Volume 36
Writing plain text for 492
out\out/plaintexts plain
here
.txt
Text 492: No OCR File for Volume 36
Writing plain text for 493
out\out/plaintexts plain
here
.txt
Text 493: No OCR File for Volume 36
Writing plain text for 494
out\out/plaintexts plain
here
.txt
Text 494: No OCR File for Volume 36
Writing plain text for 495
out\out/plaintexts plain
here
.txt
Text 495: No OCR File for Volume 36
Writing plain text for 496
out\out/plaintexts plain
here
.txt
Text 496: No OCR File for Volume 36
Writing plain text for 497
out\out/plaintexts plain
here
.txt
Text 497: No OCR File for Volume 36
Writing plain text for 498
out\out/plaintexts plain
here
.txt
here
Writing plain text for 499
out\out/plaintexts plain
here
.txt
here
Writing plain text for 500
out\out/plaintexts plain
here
.txt
here
Writing plain text for 501
out\out/plaintexts plain
here
.txt
here
Writing plain text for 502
out\out/plaintexts plain
here
.txt
here
Writing plain text for 503
out\out/plaintexts plain
here
.txt
here
Writing plain text for 504
out\out/plaintexts plain
here
.txt
here
Writing plain text for 505
out\out/plaintexts plain
here
.txt
here
Writing plain text for 506
out\out/plaintexts plain
here
.txt
here
Writing plain text for 507
out\out/plaintexts plain
here
.txt
here
Writing plain text for 508
out\out/plaintexts plain
here
.txt
here
Writing plain text for 509
out\out/plaintexts plain
here
.txt
here
Writing plain text for 510
out\out/plaintexts plain
here
.txt
here
Writing plain text for 511
out\out/plaintexts plain
here
.txt
here
Writing plain text for 512
out\out/plaintexts plain
here
.txt
here
Writing plain text for 513
out\out/plaintexts plain
here
.txt
here
Writing plain text for 514
out\out/plaintexts plain
here
.txt
here
Writing plain text for 515
out\out/plaintexts plain
here
.txt
here
Writing plain text for 516
out\out/plaintexts plain
here
.txt
here
Writing plain text for 517
out\out/plaintexts plain
here
.txt
here
Writing plain text for 518
out\out/plaintexts plain
here
.txt
here
Writing plain text for 519
out\out/plaintexts plain
here
.txt
here
Writing plain text for 520
out\out/plaintexts plain
here
.txt
here
Writing plain text for 521
out\out/plaintexts plain
here
.txt
here
Writing plain text for 522
out\out/plaintexts plain
here
.txt
here
Writing plain text for 523
out\out/plaintexts plain
here
.txt
here
Writing plain text for 524
out\out/plaintexts plain
here
.txt
here
Writing plain text for 525
out\out/plaintexts plain
here
.txt
here
Writing plain text for 526
out\out/plaintexts plain
here
.txt
here
Writing plain text for 527
out\out/plaintexts plain
here
.txt
here
Writing plain text for 528
out\out/plaintexts plain
here
.txt
here
Writing plain text for 529
out\out/plaintexts plain
here
.txt
here
Writing plain text for 530
out\out/plaintexts plain
here
.txt
here
Writing plain text for 531
out\out/plaintexts plain
here
.txt
here
Writing plain text for 532
out\out/plaintexts plain
here
.txt
here
Writing plain text for 533
out\out/plaintexts plain
here
.txt
here
Writing plain text for 534
out\out/plaintexts plain
here
.txt
here
Writing plain text for 535
out\out/plaintexts plain
here
.txt
here
Writing plain text for 536
out\out/plaintexts plain
here
.txt
here
Writing plain text for 537
out\out/plaintexts plain
here
.txt
here
Writing plain text for 538
out\out/plaintexts plain
here
.txt
here
Writing plain text for 539
out\out/plaintexts plain
here
.txt
here
Writing plain text for 540
out\out/plaintexts plain
here
.txt
here
Writing plain text for 541
out\out/plaintexts plain
here
.txt
here
Writing plain text for 542
out\out/plaintexts plain
here
.txt
here
Writing plain text for 543
out\out/plaintexts plain
here
.txt
here
Writing plain text for 544
out\out/plaintexts plain
here
.txt
here
Writing plain text for 545
out\out/plaintexts plain
here
.txt
here
Writing plain text for 546
out\out/plaintexts plain
here
.txt
here
Writing plain text for 547
out\out/plaintexts plain
here
.txt
here
Writing plain text for 548
out\out/plaintexts plain
here
.txt
here
Writing plain text for 549
out\out/plaintexts plain
here
.txt
here
Writing plain text for 550
out\out/plaintexts plain
here
.txt
here
Writing plain text for 551
out\out/plaintexts plain
here
.txt
here
Writing plain text for 552
out\out/plaintexts plain
here
.txt
here
Writing plain text for 553
out\out/plaintexts plain
here
.txt
here
Writing plain text for 554
out\out/plaintexts plain
here
.txt
here
Writing plain text for 555
out\out/plaintexts plain
here
.txt
here
Writing plain text for 556
out\out/plaintexts plain
here
.txt
here
Writing plain text for 557
out\out/plaintexts plain
here
.txt
here
Writing plain text for 558
out\out/plaintexts plain
here
.txt
here
Writing plain text for 559
out\out/plaintexts plain
here
.txt
here
Writing plain text for 560
out\out/plaintexts plain
here
.txt
here
Writing plain text for 561
out\out/plaintexts plain
here
.txt
here
Writing plain text for 562
out\out/plaintexts plain
here
.txt
here
Writing plain text for 563
out\out/plaintexts plain
here
.txt
here
Writing plain text for 564
out\out/plaintexts plain
here
.txt
here
Writing plain text for 565
out\out/plaintexts plain
here
.txt
here
Writing plain text for 566
out\out/plaintexts plain
here
.txt
here
Writing plain text for 567
out\out/plaintexts plain
here
.txt
here
Writing plain text for 568
out\out/plaintexts plain
here
.txt
here
Writing plain text for 569
out\out/plaintexts plain
here
.txt
here
Writing plain text for 570
out\out/plaintexts plain
here
.txt
here
Writing plain text for 571
out\out/plaintexts plain
here
.txt
here
Writing plain text for 572
out\out/plaintexts plain
here
.txt
here
Writing plain text for 573
out\out/plaintexts plain
here
.txt
here
Writing plain text for 574
out\out/plaintexts plain
here
.txt
here
Writing plain text for 575
out\out/plaintexts plain
here
.txt
here
Writing plain text for 576
out\out/plaintexts plain
here
.txt
Text 576: No OCR File for Volume 39
Writing plain text for 577
out\out/plaintexts plain
here
.txt
Text 577: No OCR File for Volume 39
Writing plain text for 578
out\out/plaintexts plain
here
.txt
Text 578: No OCR File for Volume 39
Writing plain text for 579
out\out/plaintexts plain
here
.txt
Text 579: No OCR File for Volume 39
Writing plain text for 580
out\out/plaintexts plain
here
.txt
Text 580: No OCR File for Volume 39
Writing plain text for 581
out\out/plaintexts plain
here
.txt
Text 581: No OCR File for Volume 39
Writing plain text for 582
out\out/plaintexts plain
here
.txt
Text 582: No OCR File for Volume 39
Writing plain text for 583
out\out/plaintexts plain
here
.txt
Text 583: No OCR File for Volume 39
Writing plain text for 584
out\out/plaintexts plain
here
.txt
Text 584: No OCR File for Volume 39
Writing plain text for 585
out\out/plaintexts plain
here
.txt
Text 585: No OCR File for Volume 39
Writing plain text for 586
out\out/plaintexts plain
here
.txt
Text 586: No OCR File for Volume 39
Writing plain text for 587
out\out/plaintexts plain
here
.txt
Text 587: No OCR File for Volume 39
Writing plain text for 588
out\out/plaintexts plain
here
.txt
Text 588: No OCR File for Volume 39
Writing plain text for 589
out\out/plaintexts plain
here
.txt
Text 589: No OCR File for Volume 39
Writing plain text for 590
out\out/plaintexts plain
here
.txt
Text 590: No OCR File for Volume 39
Writing plain text for 591
out\out/plaintexts plain
here
.txt
Text 591: No OCR File for Volume 39
Writing plain text for 592
out\out/plaintexts plain
here
.txt
Text 592: No OCR File for Volume 39
Writing plain text for 593
out\out/plaintexts plain
here
.txt
Text 593: No OCR File for Volume 39
Writing plain text for 594
out\out/plaintexts plain
here
.txt
Text 594: No OCR File for Volume 39
Writing plain text for 595
out\out/plaintexts plain
here
.txt
Text 595: No OCR File for Volume 39
Writing plain text for 596
out\out/plaintexts plain
here
.txt
Text 596: No OCR File for Volume 39
Writing plain text for 597
out\out/plaintexts plain
here
.txt
Text 597: No OCR File for Volume 39
Writing plain text for 598
out\out/plaintexts plain
here
.txt
Text 598: No OCR File for Volume 39
Writing plain text for 599
out\out/plaintexts plain
here
.txt
Text 599: No OCR File for Volume 39
Writing plain text for 600
out\out/plaintexts plain
here
.txt
Text 600: No OCR File for Volume 39
Writing plain text for 601
out\out/plaintexts plain
here
.txt
Text 601: No OCR File for Volume 39
Writing plain text for 602
out\out/plaintexts plain
here
.txt
Text 602: No OCR File for Volume 39
Writing plain text for 603
out\out/plaintexts plain
here
.txt
Text 603: No OCR File for Volume 39
Writing plain text for 604
out\out/plaintexts plain
here
.txt
Text 604: No OCR File for Volume 39
Writing plain text for 605
out\out/plaintexts plain
here
.txt
Text 605: No OCR File for Volume 39
Writing plain text for 606
out\out/plaintexts plain
here
.txt
Text 606: No OCR File for Volume 39
Writing plain text for 607
out\out/plaintexts plain
here
.txt
Text 607: No OCR File for Volume 39
Writing plain text for 608
out\out/plaintexts plain
here
.txt
Text 608: No OCR File for Volume 39
Writing plain text for 609
out\out/plaintexts plain
here
.txt
Text 609: No OCR File for Volume 39
Writing plain text for 610
out\out/plaintexts plain
here
.txt
Text 610: No OCR File for Volume 39
Writing plain text for 611
out\out/plaintexts plain
here
.txt
Text 611: No OCR File for Volume 39
Writing plain text for 612
out\out/plaintexts plain
here
.txt
Text 612: No OCR File for Volume 40
Writing plain text for 613
out\out/plaintexts plain
here
.txt
Text 613: No OCR File for Volume 40
Writing plain text for 614
out\out/plaintexts plain
here
.txt
Text 614: No OCR File for Volume 40
Writing plain text for 615
out\out/plaintexts plain
here
.txt
Text 615: No OCR File for Volume 40
Writing plain text for 616
out\out/plaintexts plain
here
.txt
Text 616: No OCR File for Volume 40
Writing plain text for 617
out\out/plaintexts plain
here
.txt
Text 617: No OCR File for Volume 40
Writing plain text for 618
out\out/plaintexts plain
here
.txt
Text 618: No OCR File for Volume 40
Writing plain text for 619
out\out/plaintexts plain
here
.txt
Text 619: No OCR File for Volume 40
Writing plain text for 620
out\out/plaintexts plain
here
.txt
Text 620: No OCR File for Volume 40
Writing plain text for 621
out\out/plaintexts plain
here
.txt
Text 621: No OCR File for Volume 40
Writing plain text for 622
out\out/plaintexts plain
here
.txt
Text 622: No OCR File for Volume 40
Writing plain text for 623
out\out/plaintexts plain
here
.txt
Text 623: No OCR File for Volume 40
Writing plain text for 624
out\out/plaintexts plain
here
.txt
Text 624: No OCR File for Volume 41
Writing plain text for 625
out\out/plaintexts plain
here
.txt
Text 625: No OCR File for Volume 41
Writing plain text for 626
out\out/plaintexts plain
here
.txt
Text 626: No OCR File for Volume 41
Writing plain text for 627
out\out/plaintexts plain
here
.txt
Text 627: No OCR File for Volume 41
Writing plain text for 628
out\out/plaintexts plain
here
.txt
Text 628: No OCR File for Volume 41
Writing plain text for 629
out\out/plaintexts plain
here
.txt
Text 629: No OCR File for Volume 41
Writing plain text for 630
out\out/plaintexts plain
here
.txt
Text 630: No OCR File for Volume 41
Writing plain text for 631
out\out/plaintexts plain
here
.txt
Text 631: No OCR File for Volume 41
Writing plain text for 632
out\out/plaintexts plain
here
.txt
Text 632: No OCR File for Volume 41
Writing plain text for 633
out\out/plaintexts plain
here
.txt
Text 633: No OCR File for Volume 41
Writing plain text for 634
out\out/plaintexts plain
here
.txt
Text 634: No OCR File for Volume 41
Writing plain text for 635
out\out/plaintexts plain
here
.txt
Text 635: No OCR File for Volume 41
Writing plain text for 636
out\out/plaintexts plain
here
.txt
Text 636: No OCR File for Volume 41
Writing plain text for 637
out\out/plaintexts plain
here
.txt
Text 637: No OCR File for Volume 41
Writing plain text for 638
out\out/plaintexts plain
here
.txt
here
Writing plain text for 639
out\out/plaintexts plain
here
.txt
here
Writing plain text for 640
out\out/plaintexts plain
here
.txt
here
Writing plain text for 641
out\out/plaintexts plain
here
.txt
here
Writing plain text for 642
out\out/plaintexts plain
here
.txt
here
Writing plain text for 643
out\out/plaintexts plain
here
.txt
here
Writing plain text for 644
out\out/plaintexts plain
here
.txt
here
Writing plain text for 645
out\out/plaintexts plain
here
.txt
here
Writing plain text for 646
out\out/plaintexts plain
here
.txt
here
Writing plain text for 647
out\out/plaintexts plain
here
.txt
here
Writing plain text for 648
out\out/plaintexts plain
here
.txt
here
Writing plain text for 649
out\out/plaintexts plain
here
.txt
Text 649: No OCR File for Volume 43
Writing plain text for 650
out\out/plaintexts plain
here
.txt
Text 650: No OCR File for Volume 43
Writing plain text for 651
out\out/plaintexts plain
here
.txt
Text 651: No OCR File for Volume 43
Writing plain text for 652
out\out/plaintexts plain
here
.txt
Text 652: No OCR File for Volume 43
Writing plain text for 653
out\out/plaintexts plain
here
.txt
Text 653: No OCR File for Volume 43
Writing plain text for 654
out\out/plaintexts plain
here
.txt
Text 654: No OCR File for Volume 43
Writing plain text for 655
out\out/plaintexts plain
here
.txt
Text 655: No OCR File for Volume 43
Writing plain text for 656
out\out/plaintexts plain
here
.txt
Text 656: No OCR File for Volume 43
Writing plain text for 657
out\out/plaintexts plain
here
.txt
Text 657: No OCR File for Volume 43
Writing plain text for 658
out\out/plaintexts plain
here
.txt
Text 658: No OCR File for Volume 43
Writing plain text for 659
out\out/plaintexts plain
here
.txt
Text 659: No OCR File for Volume 43
Writing plain text for 660
out\out/plaintexts plain
here
.txt
Text 660: No OCR File for Volume 43
Writing plain text for 661
out\out/plaintexts plain
here
.txt
Text 661: No OCR File for Volume 43
Writing plain text for 662
out\out/plaintexts plain
here
.txt
Text 662: No OCR File for Volume 43
Writing plain text for 663
out\out/plaintexts plain
here
.txt
Text 663: No OCR File for Volume 43
Writing plain text for 664
out\out/plaintexts plain
here
.txt
Text 664: No OCR File for Volume 43
Writing plain text for 665
out\out/plaintexts plain
here
.txt
Text 665: No OCR File for Volume 43
Writing plain text for 666
out\out/plaintexts plain
here
.txt
Text 666: No OCR File for Volume 43
Writing plain text for 667
out\out/plaintexts plain
here
.txt
Text 667: No OCR File for Volume 43
Writing plain text for 668
out\out/plaintexts plain
here
.txt
Text 668: No OCR File for Volume 43
Writing plain text for 669
out\out/plaintexts plain
here
.txt
Text 669: No OCR File for Volume 43
Writing plain text for 670
out\out/plaintexts plain
here
.txt
Text 670: No OCR File for Volume 43
Writing plain text for 671
out\out/plaintexts plain
here
.txt
Text 671: No OCR File for Volume 43
Writing plain text for 672
out\out/plaintexts plain
here
.txt
Text 672: No OCR File for Volume 43
Writing plain text for 673
out\out/plaintexts plain
here
.txt
Text 673: No OCR File for Volume 43
Writing plain text for 674
out\out/plaintexts plain
here
.txt
Text 674: No OCR File for Volume 43
Writing plain text for 675
out\out/plaintexts plain
here
.txt
Text 675: No OCR File for Volume 43
Writing plain text for 676
out\out/plaintexts plain
here
.txt
Text 676: No OCR File for Volume 43
Writing plain text for 677
out\out/plaintexts plain
here
.txt
here
Writing plain text for 678
out\out/plaintexts plain
here
.txt
here
Writing plain text for 679
out\out/plaintexts plain
here
.txt
here
Writing plain text for 680
out\out/plaintexts plain
here
.txt
here
Writing plain text for 681
out\out/plaintexts plain
here
.txt
here
Writing plain text for 682
out\out/plaintexts plain
here
.txt
here
Writing plain text for 683
out\out/plaintexts plain
here
.txt
here
Writing plain text for 684
out\out/plaintexts plain
here
.txt
here
Writing plain text for 685
out\out/plaintexts plain
here
.txt
here
Writing plain text for 686
out\out/plaintexts plain
here
.txt
here
Writing plain text for 687
out\out/plaintexts plain
here
.txt
here
Writing plain text for 688
out\out/plaintexts plain
here
.txt
here
Writing plain text for 689
out\out/plaintexts plain
here
.txt
here
Writing plain text for 690
out\out/plaintexts plain
here
.txt
here
Writing plain text for 691
out\out/plaintexts plain
here
.txt
here
Writing plain text for 692
out\out/plaintexts plain
here
.txt
here
Writing plain text for 693
out\out/plaintexts plain
here
.txt
here
Writing plain text for 694
out\out/plaintexts plain
here
.txt
here
Writing plain text for 695
out\out/plaintexts plain
here
.txt
here
Writing plain text for 696
out\out/plaintexts plain
here
.txt
here
Writing plain text for 697
out\out/plaintexts plain
here
.txt
here
Writing plain text for 698
out\out/plaintexts plain
here
.txt
Text 698: No OCR File for Volume 45
Writing plain text for 699
out\out/plaintexts plain
here
.txt
Text 699: No OCR File for Volume 45
Writing plain text for 700
out\out/plaintexts plain
here
.txt
Text 700: No OCR File for Volume 45
Writing plain text for 701
out\out/plaintexts plain
here
.txt
Text 701: No OCR File for Volume 45
Writing plain text for 702
out\out/plaintexts plain
here
.txt
Text 702: No OCR File for Volume 45
Writing plain text for 703
out\out/plaintexts plain
here
.txt
Text 703: No OCR File for Volume 45
Writing plain text for 704
out\out/plaintexts plain
here
.txt
Text 704: No OCR File for Volume 45
Writing plain text for 705
out\out/plaintexts plain
here
.txt
Text 705: No OCR File for Volume 45
Writing plain text for 706
out\out/plaintexts plain
here
.txt
Text 706: No OCR File for Volume 45
Writing plain text for 707
out\out/plaintexts plain
here
.txt
Text 707: No OCR File for Volume 45
Writing plain text for 708
out\out/plaintexts plain
here
.txt
Text 708: No OCR File for Volume 45
Writing plain text for 709
out\out/plaintexts plain
here
.txt
Text 709: No OCR File for Volume 45
Writing plain text for 710
out\out/plaintexts plain
here
.txt
Text 710: No OCR File for Volume 45
Writing plain text for 711
out\out/plaintexts plain
here
.txt
Text 711: No OCR File for Volume 45
Writing plain text for 712
out\out/plaintexts plain
here
.txt
Text 712: No OCR File for Volume 45
Writing plain text for 713
out\out/plaintexts plain
here
.txt
Text 713: No OCR File for Volume 45
Writing plain text for 714
out\out/plaintexts plain
here
.txt
Text 714: No OCR File for Volume 45
Writing plain text for 715
out\out/plaintexts plain
here
.txt
Text 715: No OCR File for Volume 45
Writing plain text for 716
out\out/plaintexts plain
here
.txt
Text 716: No OCR File for Volume 45
Writing plain text for 717
out\out/plaintexts plain
here
.txt
Text 717: No OCR File for Volume 45
Writing plain text for 718
out\out/plaintexts plain
here
.txt
Text 718: No OCR File for Volume 45
Writing plain text for 719
out\out/plaintexts plain
here
.txt
Text 719: No OCR File for Volume 45
Writing plain text for 720
out\out/plaintexts plain
here
.txt
Text 720: No OCR File for Volume 45
Writing plain text for 721
out\out/plaintexts plain
here
.txt
Text 721: No OCR File for Volume 45
Writing plain text for 722
out\out/plaintexts plain
here
.txt
here
Writing plain text for 723
out\out/plaintexts plain
here
.txt
here
Writing plain text for 724
out\out/plaintexts plain
here
.txt
here
Writing plain text for 725
out\out/plaintexts plain
here
.txt
here
Writing plain text for 726
out\out/plaintexts plain
here
.txt
here
Writing plain text for 727
out\out/plaintexts plain
here
.txt
here
Writing plain text for 728
out\out/plaintexts plain
here
.txt
here
Writing plain text for 729
out\out/plaintexts plain
here
.txt
here
Writing plain text for 730
out\out/plaintexts plain
here
.txt
here
Writing plain text for 731
out\out/plaintexts plain
here
.txt
here
Writing plain text for 732
out\out/plaintexts plain
here
.txt
here
Writing plain text for 733
out\out/plaintexts plain
here
.txt
here
Writing plain text for 734
out\out/plaintexts plain
here
.txt
here
Writing plain text for 735
out\out/plaintexts plain
here
.txt
here
Writing plain text for 736
out\out/plaintexts plain
here
.txt
here
Writing plain text for 737
out\out/plaintexts plain
here
.txt
here
Writing plain text for 738
out\out/plaintexts plain
here
.txt
here
Writing plain text for 739
out\out/plaintexts plain
here
.txt
here
Writing plain text for 740
out\out/plaintexts plain
here
.txt
here
Writing plain text for 741
out\out/plaintexts plain
here
.txt
here
Writing plain text for 742
out\out/plaintexts plain
here
.txt
here
Writing plain text for 743
out\out/plaintexts plain
here
.txt
here
Writing plain text for 744
out\out/plaintexts plain
here
.txt
here
Writing plain text for 745
out\out/plaintexts plain
here
.txt
here
Writing plain text for 746
out\out/plaintexts plain
here
.txt
here
Writing plain text for 747
out\out/plaintexts plain
here
.txt
here
Writing plain text for 748
out\out/plaintexts plain
here
.txt
here
Writing plain text for 749
out\out/plaintexts plain
here
.txt
here
Writing plain text for 750
out\out/plaintexts plain
here
.txt
here
Writing plain text for 751
out\out/plaintexts plain
here
.txt
here
Writing plain text for 752
out\out/plaintexts plain
here
.txt
here
Writing plain text for 753
out\out/plaintexts plain
here
.txt
here
Writing plain text for 754
out\out/plaintexts plain
here
.txt
here
Writing plain text for 755
out\out/plaintexts plain
here
.txt
here
Writing plain text for 756
out\out/plaintexts plain
here
.txt
here
Writing plain text for 757
out\out/plaintexts plain
here
.txt
here
Writing plain text for 758
out\out/plaintexts plain
here
.txt
here
Writing plain text for 759
out\out/plaintexts plain
here
.txt
here
Writing plain text for 760
out\out/plaintexts plain
here
.txt
here
Writing plain text for 761
out\out/plaintexts plain
here
.txt
here
Writing plain text for 762
out\out/plaintexts plain
here
.txt
here
Writing plain text for 763
out\out/plaintexts plain
here
.txt
here
Writing plain text for 764
out\out/plaintexts plain
here
.txt
here
Writing plain text for 765
out\out/plaintexts plain
here
.txt
here
Writing plain text for 766
out\out/plaintexts plain
here
.txt
here
Writing plain text for 767
out\out/plaintexts plain
here
.txt
here
Writing plain text for 768
out\out/plaintexts plain
here
.txt
here
Writing plain text for 769
out\out/plaintexts plain
here
.txt
here
Writing plain text for 770
out\out/plaintexts plain
here
.txt
here
Writing plain text for 771
out\out/plaintexts plain
here
.txt
here
Writing plain text for 772
out\out/plaintexts plain
here
.txt
here
Writing plain text for 773
out\out/plaintexts plain
here
.txt
here
Writing plain text for 774
out\out/plaintexts plain
here
.txt
here
Writing plain text for 775
out\out/plaintexts plain
here
.txt
here
Writing plain text for 776
out\out/plaintexts plain
here
.txt
here
Writing plain text for 777
out\out/plaintexts plain
here
.txt
here
Writing plain text for 778
out\out/plaintexts plain
here
.txt
here
Writing plain text for 779
out\out/plaintexts plain
here
.txt
here
Writing plain text for 780
out\out/plaintexts plain
here
.txt
here
Writing plain text for 781
out\out/plaintexts plain
here
.txt
here
Writing plain text for 782
out\out/plaintexts plain
here
.txt
here
Writing plain text for 783
out\out/plaintexts plain
here
.txt
here
Writing plain text for 784
out\out/plaintexts plain
here
.txt
here
Writing plain text for 785
out\out/plaintexts plain
here
.txt
here
Writing plain text for 786
out\out/plaintexts plain
here
.txt
here
Writing plain text for 787
out\out/plaintexts plain
here
.txt
here
Writing plain text for 788
out\out/plaintexts plain
here
.txt
here
Writing plain text for 789
out\out/plaintexts plain
here
.txt
here
Writing plain text for 790
out\out/plaintexts plain
here
.txt
here
Writing plain text for 791
out\out/plaintexts plain
here
.txt
here
Writing plain text for 792
out\out/plaintexts plain
here
.txt
here
Writing plain text for 793
out\out/plaintexts plain
here
.txt
here
Writing plain text for 794
out\out/plaintexts plain
here
.txt
here
Writing plain text for 795
out\out/plaintexts plain
here
.txt
here
Writing plain text for 796
out\out/plaintexts plain
here
.txt
here
Writing plain text for 797
out\out/plaintexts plain
here
.txt
here
Writing plain text for 798
out\out/plaintexts plain
here
.txt
here
Writing plain text for 799
out\out/plaintexts plain
here
.txt
here
Writing plain text for 800
out\out/plaintexts plain
here
.txt
here
Writing plain text for 801
out\out/plaintexts plain
here
.txt
here
Writing plain text for 802
out\out/plaintexts plain
here
.txt
here
Writing plain text for 803
out\out/plaintexts plain
here
.txt
here
Writing plain text for 804
out\out/plaintexts plain
here
.txt
here
Writing plain text for 805
out\out/plaintexts plain
here
.txt
here
Writing plain text for 806
out\out/plaintexts plain
here
.txt
here
Writing plain text for 807
out\out/plaintexts plain
here
.txt
here
Writing plain text for 808
out\out/plaintexts plain
here
.txt
here
Writing plain text for 809
out\out/plaintexts plain
here
.txt
here
Writing plain text for 810
out\out/plaintexts plain
here
.txt
here
Writing plain text for 811
out\out/plaintexts plain
here
.txt
Text 811: No OCR File for Volume 50
Writing plain text for 812
out\out/plaintexts plain
here
.txt
Text 812: No OCR File for Volume 50
Writing plain text for 813
out\out/plaintexts plain
here
.txt
Text 813: No OCR File for Volume 50
Writing plain text for 814
out\out/plaintexts plain
here
.txt
Text 814: No OCR File for Volume 50
Writing plain text for 815
out\out/plaintexts plain
here
.txt
Text 815: No OCR File for Volume 50
Writing plain text for 816
out\out/plaintexts plain
here
.txt
Text 816: No OCR File for Volume 50
Writing plain text for 817
out\out/plaintexts plain
here
.txt
Text 817: No OCR File for Volume 50
Writing plain text for 818
out\out/plaintexts plain
here
.txt
Text 818: No OCR File for Volume 50
Writing plain text for 819
out\out/plaintexts plain
here
.txt
Text 819: No OCR File for Volume 50
Writing plain text for 820
out\out/plaintexts plain
here
.txt
Text 820: No OCR File for Volume 50
Writing plain text for 821
out\out/plaintexts plain
here
.txt
Text 821: No OCR File for Volume 50
Writing plain text for 822
out\out/plaintexts plain
here
.txt
Text 822: No OCR File for Volume 50
Writing plain text for 823
out\out/plaintexts plain
here
.txt
Text 823: No OCR File for Volume 50
Writing plain text for 824
out\out/plaintexts plain
here
.txt
Text 824: No OCR File for Volume 50
Writing plain text for 825
out\out/plaintexts plain
here
.txt
Text 825: No OCR File for Volume 50
Writing plain text for 826
out\out/plaintexts plain
here
.txt
Text 826: No OCR File for Volume 50
Writing plain text for 827
out\out/plaintexts plain
here
.txt
Text 827: No OCR File for Volume 50
Writing plain text for 828
out\out/plaintexts plain
here
.txt
Text 828: No OCR File for Volume 50
Writing plain text for 829
out\out/plaintexts plain
here
.txt
Text 829: No OCR File for Volume 50
Writing plain text for 830
out\out/plaintexts plain
here
.txt
Text 830: No OCR File for Volume 50
Writing plain text for 831
out\out/plaintexts plain
here
.txt
Text 831: No OCR File for Volume 50
Writing plain text for 832
out\out/plaintexts plain
here
.txt
Text 832: No OCR File for Volume 50
Writing plain text for 833
out\out/plaintexts plain
here
.txt
Text 833: No OCR File for Volume 50
Writing plain text for 834
out\out/plaintexts plain
here
.txt
Text 834: No OCR File for Volume 50
Writing plain text for 835
out\out/plaintexts plain
here
.txt
Text 835: No OCR File for Volume 50
Writing plain text for 836
out\out/plaintexts plain
here
.txt
Text 836: No OCR File for Volume 50
Writing plain text for 837
out\out/plaintexts plain
here
.txt
Text 837: No OCR File for Volume 50
Writing plain text for 838
out\out/plaintexts plain
here
.txt
Text 838: No OCR File for Volume 50
Writing plain text for 839
out\out/plaintexts plain
here
.txt
Text 839: No OCR File for Volume 50
Writing plain text for 840
out\out/plaintexts plain
here
.txt
Text 840: No OCR File for Volume 50
Writing plain text for 841
out\out/plaintexts plain
here
.txt
Text 841: No OCR File for Volume 50
Writing plain text for 842
out\out/plaintexts plain
here
.txt
Text 842: No OCR File for Volume 50
Writing plain text for 843
out\out/plaintexts plain
here
.txt
Text 843: No OCR File for Volume 50
Writing plain text for 844
out\out/plaintexts plain
here
.txt
Text 844: No OCR File for Volume 50
Writing plain text for 845
out\out/plaintexts plain
here
.txt
Text 845: No OCR File for Volume 50
Writing plain text for 846
out\out/plaintexts plain
here
.txt
Text 846: No OCR File for Volume 50
Writing plain text for 847
out\out/plaintexts plain
here
.txt
Text 847: No OCR File for Volume 50
Writing plain text for 848
out\out/plaintexts plain
here
.txt
Text 848: No OCR File for Volume 50
Writing plain text for 849
out\out/plaintexts plain
here
.txt
Text 849: No OCR File for Volume 50
Writing plain text for 850
out\out/plaintexts plain
here
.txt
Text 850: No OCR File for Volume 50
Writing plain text for 851
out\out/plaintexts plain
here
.txt
Text 851: No OCR File for Volume 50
Writing plain text for 852
out\out/plaintexts plain
here
.txt
Text 852: No OCR File for Volume 50
Writing plain text for 853
out\out/plaintexts plain
here
.txt
Text 853: No OCR File for Volume 50
Writing plain text for 854
out\out/plaintexts plain
here
.txt
Text 854: No OCR File for Volume 50
Writing plain text for 855
out\out/plaintexts plain
here
.txt
Text 855: No OCR File for Volume 50
Writing plain text for 856
out\out/plaintexts plain
here
.txt
Text 856: No OCR File for Volume 50
Writing plain text for 857
out\out/plaintexts plain
here
.txt
here
Writing plain text for 858
out\out/plaintexts plain
here
.txt
here
Writing plain text for 859
out\out/plaintexts plain
here
.txt
here
Writing plain text for 860
out\out/plaintexts plain
here
.txt
here
Writing plain text for 861
out\out/plaintexts plain
here
.txt
here
Writing plain text for 862
out\out/plaintexts plain
here
.txt
here
Writing plain text for 863
out\out/plaintexts plain
here
.txt
here
Writing plain text for 864
out\out/plaintexts plain
here
.txt
here
Writing plain text for 865
out\out/plaintexts plain
here
.txt
here
Writing plain text for 866
out\out/plaintexts plain
here
.txt
here
Writing plain text for 867
out\out/plaintexts plain
here
.txt
here
Writing plain text for 868
out\out/plaintexts plain
here
.txt
here
Writing plain text for 869
out\out/plaintexts plain
here
.txt
here
Writing plain text for 870
out\out/plaintexts plain
here
.txt
here
Writing plain text for 871
out\out/plaintexts plain
here
.txt
here
Writing plain text for 872
out\out/plaintexts plain
here
.txt
here
Writing plain text for 873
out\out/plaintexts plain
here
.txt
here
Writing plain text for 874
out\out/plaintexts plain
here
.txt
here
Writing plain text for 875
out\out/plaintexts plain
here
.txt
here
Writing plain text for 876
out\out/plaintexts plain
here
.txt
here
Writing plain text for 877
out\out/plaintexts plain
here
.txt
here
Writing plain text for 878
out\out/plaintexts plain
here
.txt
here
Writing plain text for 879
out\out/plaintexts plain
here
.txt
here
Writing plain text for 880
out\out/plaintexts plain
here
.txt
here
Writing plain text for 881
out\out/plaintexts plain
here
.txt
here
Writing plain text for 882
out\out/plaintexts plain
here
.txt
here
Writing plain text for 883
out\out/plaintexts plain
here
.txt
here
Writing plain text for 884
out\out/plaintexts plain
here
.txt
here
Writing plain text for 885
out\out/plaintexts plain
here
.txt
here
Writing plain text for 886
out\out/plaintexts plain
here
.txt
here
Writing plain text for 887
out\out/plaintexts plain
here
.txt
here
Writing plain text for 888
out\out/plaintexts plain
here
.txt
here
Writing plain text for 889
out\out/plaintexts plain
here
.txt
here
Writing plain text for 890
out\out/plaintexts plain
here
.txt
here
Writing plain text for 891
out\out/plaintexts plain
here
.txt
here
Writing plain text for 892
out\out/plaintexts plain
here
.txt
here
Writing plain text for 893
out\out/plaintexts plain
here
.txt
here
Writing plain text for 894
out\out/plaintexts plain
here
.txt
here
Writing plain text for 895
out\out/plaintexts plain
here
.txt
here
Writing plain text for 896
out\out/plaintexts plain
here
.txt
here
Writing plain text for 897
out\out/plaintexts plain
here
.txt
here
Writing plain text for 898
out\out/plaintexts plain
here
.txt
here
Writing plain text for 899
out\out/plaintexts plain
here
.txt
here
Writing plain text for 900
out\out/plaintexts plain
here
.txt
here
Writing plain text for 901
out\out/plaintexts plain
here
.txt
here
Writing plain text for 902
out\out/plaintexts plain
here
.txt
here
Writing plain text for 903
out\out/plaintexts plain
here
.txt
here
Writing plain text for 904
out\out/plaintexts plain
here
.txt
here
Writing plain text for 905
out\out/plaintexts plain
here
.txt
here
Writing plain text for 906
out\out/plaintexts plain
here
.txt
here
Writing plain text for 907
out\out/plaintexts plain
here
.txt
here
Writing plain text for 908
out\out/plaintexts plain
here
.txt
here
Writing plain text for 909
out\out/plaintexts plain
here
.txt
here
Writing plain text for 910
out\out/plaintexts plain
here
.txt
here
Writing plain text for 911
out\out/plaintexts plain
here
.txt
here
Writing plain text for 912
out\out/plaintexts plain
here
.txt
here
Writing plain text for 913
out\out/plaintexts plain
here
.txt
here
Writing plain text for 914
out\out/plaintexts plain
here
.txt
here
Writing plain text for 915
out\out/plaintexts plain
here
.txt
here
Writing plain text for 916
out\out/plaintexts plain
here
.txt
here
Writing plain text for 917
out\out/plaintexts plain
here
.txt
here
Writing plain text for 918
out\out/plaintexts plain
here
.txt
here
Writing plain text for 919
out\out/plaintexts plain
here
.txt
here
Writing plain text for 920
out\out/plaintexts plain
here
.txt
here
Writing plain text for 921
out\out/plaintexts plain
here
.txt
here
Writing plain text for 922
out\out/plaintexts plain
here
.txt
here
Writing plain text for 923
out\out/plaintexts plain
here
.txt
here
Writing plain text for 924
out\out/plaintexts plain
here
.txt
here
Writing plain text for 925
out\out/plaintexts plain
here
.txt
here
Writing plain text for 926
out\out/plaintexts plain
here
.txt
here
Writing plain text for 927
out\out/plaintexts plain
here
.txt
here
Writing plain text for 928
out\out/plaintexts plain
here
.txt
here
Writing plain text for 929
out\out/plaintexts plain
here
.txt
here
Writing plain text for 930
out\out/plaintexts plain
here
.txt
here
Writing plain text for 931
out\out/plaintexts plain
here
.txt
here
Writing plain text for 932
out\out/plaintexts plain
here
.txt
here
Writing plain text for 933
out\out/plaintexts plain
here
.txt
here
Writing plain text for 934
out\out/plaintexts plain
here
.txt
here
Writing plain text for 935
out\out/plaintexts plain
here
.txt
here
Writing plain text for 936
out\out/plaintexts plain
here
.txt
here
Writing plain text for 937
out\out/plaintexts plain
here
.txt
here
Writing plain text for 938
out\out/plaintexts plain
here
.txt
here
Writing plain text for 939
out\out/plaintexts plain
here
.txt
here
Writing plain text for 940
out\out/plaintexts plain
here
.txt
here
Writing plain text for 941
out\out/plaintexts plain
here
.txt
here
Writing plain text for 942
out\out/plaintexts plain
here
.txt
here
Writing plain text for 943
out\out/plaintexts plain
here
.txt
here
Writing plain text for 944
out\out/plaintexts plain
here
.txt
here
Writing plain text for 945
out\out/plaintexts plain
here
.txt
here
Writing plain text for 946
out\out/plaintexts plain
here
.txt
here
Writing plain text for 947
out\out/plaintexts plain
here
.txt
here
Writing plain text for 948
out\out/plaintexts plain
here
.txt
here
