Log file for Peltsek conversion
arguments: {'path': 'texts', 'type': 'text'}
Automatically fixing missing paginations and line numbers.
To disable this comment out Catalog.py line 92.
Writing 1 Text!
Can't find page 1, trying next page
Writing 2 Text!
Writing 3 Text!
Writing 4 Text!
Writing 5 Text!
Writing 6 Text!
Writing 7 Text!
Writing 8 Text!
Writing 9 Text!
Writing 10 Text!
Writing 11 Text!
Writing 12 Text!
Writing 13 Text!
Writing 14 Text!
Writing 15 Text!
Writing 16 Text!
Writing 17 Text!
Writing 18 Text!
Writing 19 Text!
None numeric n value: tbocrtifs/ngb_vol01/out_0697.tif
Writing 20 Text!
Can't find page 1, trying next page
Writing 21 Text!
Writing 22 Text!
Writing 23 Text!
Writing 24 Text!
Writing 25 Text!
Writing 26 Text!
Writing 27 Text!
Writing 28 Text!
Writing 29 Text!
Writing 30 Text!
Writing 31 Text!
Writing 32 Text!
Writing 33 Text!
Writing 34 Text!
Writing 35 Text!
Writing 36 Text!
Writing 37 Text!
Writing 38 Text!
Writing 39 Text!
Writing 40 Text!
Writing 41 Text!
Writing 42 Text!
Writing 43 Text!
Writing 44 Text!
Writing 45 Text!
Writing 46 Text!
Writing 47 Text!
Writing 48 Text!
Writing 49 Text!
Writing 50 Text!
Can't find page 1, trying next page
Writing 51 Text!
Writing 52 Text!
Writing 53 Text!
Writing 54 Text!
Writing 55 Text!
Can't find page 1, trying next page
Writing 56 Text!
Writing 57 Text!
Writing 58 Text!
Writing 59 Text!
Writing 60 Text!
Writing 61 Text!
Writing 62 Text!
Writing 63 Text!
Writing 64 Text!
Writing 65 Text!
Writing 66 Text!
Can't find page 1, trying next page
Writing 67 Text!
Writing 68 Text!
Writing 69 Text!
Writing 70 Text!
Writing 71 Text!
Writing 72 Text!
Writing 73 Text!
Writing 74 Text!
Writing 75 Text!
Writing 76 Text!
Writing 77 Text!
Writing 78 Text!
Writing 79 Text!
Writing 80 Text!
Writing 81 Text!
Writing 82 Text!
Writing 83 Text!
Writing 84 Text!
Writing 85 Text!
Writing 86 Text!
Writing 87 Text!
None numeric n value: tbocrtifs/ngb_vol06/out_0770.tif
Writing 88 Text!
Writing 89 Text!
Writing 90 Text!
Writing 91 Text!
Writing 92 Text!
Writing 93 Text!
Writing 94 Text!
Writing 95 Text!
Writing 96 Text!
Writing 97 Text!
Writing 98 Text!
Writing 99 Text!
Writing 100 Text!
Writing 101 Text!
Writing 102 Text!
Writing 103 Text!
Writing 104 Text!
Can't find page 1, trying next page
None numeric n value: tbocrtifs/ngb_vol08/out_0071.tif
None numeric n value: tbocrtifs/ngb_vol08/out_0072.tif
Writing 105 Text!
Writing 106 Text!
Writing 107 Text!
Writing 108 Text!
Writing 109 Text!
Writing 110 Text!
Writing 111 Text!
Writing 112 Text!
Writing 113 Text!
Writing 114 Text!
Writing 115 Text!
Writing 116 Text!
Writing 117 Text!
Writing 118 Text!
Writing 119 Text!
Writing 120 Text!
Writing 121 Text!
Writing 122 Text!
Writing 123 Text!
Writing 124 Text!
Writing 125 Text!
Writing 126 Text!
Writing 127 Text!
Writing 128 Text!
Writing 129 Text!
Writing 130 Text!
Writing 131 Text!
Writing 132 Text!
Writing 133 Text!
Writing 134 Text!
Writing 135 Text!
Writing 136 Text!
Writing 137 Text!
Writing 138 Text!
Writing 139 Text!
Writing 140 Text!
None numeric n value: tbocrtifs/ngb_vol08/out_0779.tif
Writing 141 Text!
Can't find page 1, trying next page
Writing 142 Text!
Writing 143 Text!
Writing 144 Text!
Writing 145 Text!
Writing 146 Text!
Writing 147 Text!
Writing 148 Text!
Writing 149 Text!
Writing 150 Text!
Writing 151 Text!
Writing 152 Text!
Writing 153 Text!
Writing 154 Text!
Writing 155 Text!
Writing 156 Text!
Writing 157 Text!
Writing 158 Text!
Writing 159 Text!
Writing 160 Text!
Can't find page 0, trying next page
Can't find page 1, trying next page
Writing 161 Text!
Can't find page 1, trying next page
Writing 162 Text!
None numeric n value: tbocrtifs/ngb_vol10/out_0672.tif
None numeric n value: tbocrtifs/ngb_vol10/out_0673.tif
Writing 163 Text!
Can't find page 1, trying next page
Writing 164 Text!
Writing 165 Text!
Writing 166 Text!
Writing 167 Text!
Writing 168 Text!
Writing 169 Text!
Writing 170 Text!
Writing 171 Text!
Writing 172 Text!
Writing 173 Text!
Writing 174 Text!
Writing 175 Text!
None numeric n value: tbocrtifs/ngb_vol11/out_0728.tif
Writing 176 Text!
Can't find page 1, trying next page
Writing 177 Text!
Writing 178 Text!
Writing 179 Text!
Writing 180 Text!
Writing 181 Text!
Writing 182 Text!
Can't find page 252, trying next page
Writing 183 Text!
Writing 184 Text!
Writing 185 Text!
Writing 186 Text!
Writing 187 Text!
Writing 188 Text!
Can't find page 1, trying next page
Writing 189 Text!
Writing 190 Text!
Writing 191 Text!
Writing 192 Text!
Writing 193 Text!
Writing 194 Text!
Can't find page 1, trying next page
Writing 195 Text!
Writing 196 Text!
Writing 197 Text!
Writing 198 Text!
Writing 199 Text!
Writing 200 Text!
Can't find page 372, trying next page
Writing 201 Text!
Writing 202 Text!
Can't find page 734, trying next page
Writing 203 Text!
Can't find page 1, trying next page
Can't find page 2, trying next page
Writing 204 Text!
Writing 205 Text!
Writing 206 Text!
Writing 207 Text!
Can't find page 1, trying next page
Writing 208 Text!
Writing 209 Text!
Writing 210 Text!
Writing 211 Text!
Writing 212 Text!
Can't find page 1, trying next page
Writing 213 Text!
Writing 214 Text!
Writing 215 Text!
Writing 216 Text!
Writing 217 Text!
Writing 218 Text!
Writing 219 Text!
Writing 220 Text!
Writing 221 Text!
Writing 222 Text!
Writing 223 Text!
Writing 224 Text!
Writing 225 Text!
Writing 226 Text!
Writing 227 Text!
Writing 228 Text!
Writing 229 Text!
Can't find page 1, trying next page
Writing 230 Text!
Writing 231 Text!
Writing 232 Text!
Writing 233 Text!
Writing 234 Text!
Writing 235 Text!
Writing 236 Text!
Can't find page 496, trying next page
Writing 237 Text!
Writing 238 Text!
Writing 239 Text!
Writing 240 Text!
Writing 241 Text!
Can't find page 1, trying next page
Writing 242 Text!
Writing 243 Text!
Writing 244 Text!
Writing 245 Text!
Can't find page 1, trying next page
Can't find page 2, trying next page
Writing 246 Text!
Writing 247 Text!
Writing 248 Text!
Writing 249 Text!
Writing 250 Text!
Writing 251 Text!
Writing 252 Text!
Can't find page 1, trying next page
Writing 253 Text!
Writing 254 Text!
Writing 255 Text!
Writing 256 Text!
Writing 257 Text!
Writing 258 Text!
Writing 259 Text!
Writing 260 Text!
Writing 261 Text!
Writing 262 Text!
Writing 263 Text!
Writing 264 Text!
Writing 265 Text!
Writing 266 Text!
Writing 267 Text!
Writing 268 Text!
Writing 269 Text!
Writing 270 Text!
Writing 271 Text!
Writing 272 Text!
Writing 273 Text!
Writing 274 Text!
Writing 275 Text!
Writing 276 Text!
Can't find page 1, trying next page
Writing 277 Text!
Writing 278 Text!
Writing 279 Text!
Writing 280 Text!
Writing 281 Text!
Writing 282 Text!
Writing 283 Text!
Writing 284 Text!
Writing 285 Text!
Writing 286 Text!
Writing 287 Text!
Writing 288 Text!
Writing 289 Text!
Writing 290 Text!
Writing 291 Text!
Writing 292 Text!
Writing 293 Text!
Writing 294 Text!
Writing 295 Text!
Writing 296 Text!
Can't find page 1, trying next page
Writing 297 Text!
Writing 298 Text!
Writing 299 Text!
Writing 300 Text!
Writing 301 Text!
Writing 302 Text!
Writing 303 Text!
Writing 304 Text!
Writing 305 Text!
Writing 306 Text!
Writing 307 Text!
Writing 308 Text!
Can't find page 664, trying next page
Writing 309 Text!
Writing 310 Text!
Can't find page 1, trying next page
Writing 311 Text!
Writing 312 Text!
Writing 313 Text!
Writing 314 Text!
Writing 315 Text!
Writing 316 Text!
Can't find page 612, trying next page
Writing 317 Text!
Can't find page 644, trying next page
Writing 318 Text!
Writing 319 Text!
Can't find page 1, trying next page
Writing 320 Text!
Can't find page 38, trying next page
Writing 321 Text!
Writing 322 Text!
Writing 323 Text!
Writing 324 Text!
Writing 325 Text!
Writing 326 Text!
Writing 327 Text!
Writing 328 Text!
Writing 329 Text!
Writing 330 Text!
Writing 331 Text!
Writing 332 Text!
Writing 333 Text!
Writing 334 Text!
Writing 335 Text!
Writing 336 Text!
Writing 337 Text!
Writing 338 Text!
Writing 339 Text!
Writing 340 Text!
Writing 341 Text!
Writing 342 Text!
Writing 343 Text!
Can't find page 1, trying next page
Writing 344 Text!
Writing 345 Text!
Writing 346 Text!
Writing 347 Text!
Writing 348 Text!
Writing 349 Text!
Writing 350 Text!
Can't find page 1, trying next page
Writing 351 Text!
Writing 352 Text!
Writing 353 Text!
Writing 354 Text!
Writing 355 Text!
Writing 356 Text!
Writing 357 Text!
Writing 358 Text!
Writing 359 Text!
Writing 360 Text!
Can't find page 1, trying next page
Writing 361 Text!
Writing 362 Text!
Writing 363 Text!
Writing 364 Text!
Writing 365 Text!
Writing 366 Text!
Writing 367 Text!
Writing 368 Text!
Writing 369 Text!
Writing 370 Text!
Writing 371 Text!
Writing 372 Text!
Writing 373 Text!
Writing 374 Text!
Writing 375 Text!
Writing 376 Text!
Writing 377 Text!
Writing 378 Text!
Writing 379 Text!
Can't find page 1, trying next page
Can't find page 2, trying next page
Can't find page 3, trying next page
Writing 380 Text!
Writing 381 Text!
Writing 382 Text!
Writing 383 Text!
Writing 384 Text!
Writing 385 Text!
Writing 386 Text!
Writing 387 Text!
Writing 388 Text!
Writing 389 Text!
Writing 390 Text!
Writing 391 Text!
Can't find page 798, trying next page
Can't find page 799, trying next page
Can't find page 800, trying next page
Can't find page 801, trying next page
Can't find page 802, trying next page
XPath Failed for Vol 31
	/*//milestone[@unit="page" and @n="803"]
Writing 392 Text!
