Log file for Peltsek conversion
arguments: {'path': 'plaintexts', 'type': 'plain'}
Automatically fixing missing paginations and line numbers.
To disable this comment out Catalog.py line 92.
Writing plain text for 1
ngb-pt-0001-bib.txt
here
Writing plain text for 2
ngb-pt-0002-bib.txt
here
Writing plain text for 3
ngb-pt-0003-bib.txt
here
Writing plain text for 4
ngb-pt-0004-bib.txt
here
Writing plain text for 5
ngb-pt-0005-bib.txt
here
Writing plain text for 6
ngb-pt-0006-bib.txt
here
Writing plain text for 7
ngb-pt-0007-bib.txt
here
Writing plain text for 8
ngb-pt-0008-bib.txt
here
Writing plain text for 9
ngb-pt-0009-bib.txt
here
Writing plain text for 10
ngb-pt-0010-bib.txt
here
Writing plain text for 11
ngb-pt-0011-bib.txt
here
Writing plain text for 12
ngb-pt-0012-bib.txt
here
Writing plain text for 13
ngb-pt-0013-bib.txt
here
Writing plain text for 14
ngb-pt-0014-bib.txt
here
Writing plain text for 15
ngb-pt-0015-bib.txt
here
Writing plain text for 16
ngb-pt-0016-bib.txt
here
Writing plain text for 17
ngb-pt-0017-bib.txt
here
Writing plain text for 18
ngb-pt-0018-bib.txt
here
Writing plain text for 19
ngb-pt-0019-bib.txt
here
Writing plain text for 20
ngb-pt-0020-bib.txt
here
Writing plain text for 21
ngb-pt-0021-bib.txt
here
Writing plain text for 22
ngb-pt-0022-bib.txt
here
Writing plain text for 23
ngb-pt-0023-bib.txt
here
Writing plain text for 24
ngb-pt-0024-bib.txt
here
Writing plain text for 25
ngb-pt-0025-bib.txt
here
Writing plain text for 26
ngb-pt-0026-bib.txt
here
Writing plain text for 27
ngb-pt-0027-bib.txt
here
Writing plain text for 28
ngb-pt-0028-bib.txt
here
Writing plain text for 29
ngb-pt-0029-bib.txt
here
Writing plain text for 30
ngb-pt-0030-bib.txt
here
Writing plain text for 31
ngb-pt-0031-bib.txt
here
Writing plain text for 32
ngb-pt-0032-bib.txt
here
Writing plain text for 33
ngb-pt-0033-bib.txt
here
Writing plain text for 34
ngb-pt-0034-bib.txt
here
Writing plain text for 35
ngb-pt-0035-bib.txt
here
Writing plain text for 36
ngb-pt-0036-bib.txt
here
Writing plain text for 37
ngb-pt-0037-bib.txt
here
Writing plain text for 38
ngb-pt-0038-bib.txt
here
Writing plain text for 39
ngb-pt-0039-bib.txt
here
Writing plain text for 40
ngb-pt-0040-bib.txt
here
Writing plain text for 41
ngb-pt-0041-bib.txt
here
Writing plain text for 42
ngb-pt-0042-bib.txt
here
Writing plain text for 43
ngb-pt-0043-bib.txt
here
Writing plain text for 44
ngb-pt-0044-bib.txt
here
Writing plain text for 45
ngb-pt-0045-bib.txt
here
Writing plain text for 46
ngb-pt-0046-bib.txt
here
Writing plain text for 47
ngb-pt-0047-bib.txt
here
Writing plain text for 48
ngb-pt-0048-bib.txt
here
Writing plain text for 49
ngb-pt-0049-bib.txt
here
Writing plain text for 50
ngb-pt-0050-bib.txt
here
Writing plain text for 51
ngb-pt-0051-bib.txt
here
Writing plain text for 52
ngb-pt-0052-bib.txt
here
Writing plain text for 53
ngb-pt-0053-bib.txt
here
Writing plain text for 54
ngb-pt-0054-bib.txt
here
Writing plain text for 55
ngb-pt-0055-bib.txt
here
Writing plain text for 56
ngb-pt-0056-bib.txt
here
Writing plain text for 57
ngb-pt-0057-bib.txt
here
Writing plain text for 58
ngb-pt-0058-bib.txt
here
Writing plain text for 59
ngb-pt-0059-bib.txt
here
Writing plain text for 60
ngb-pt-0060-bib.txt
here
Writing plain text for 61
ngb-pt-0061-bib.txt
here
Writing plain text for 62
ngb-pt-0062-bib.txt
here
Writing plain text for 63
ngb-pt-0063-bib.txt
here
Writing plain text for 64
ngb-pt-0064-bib.txt
here
Writing plain text for 65
ngb-pt-0065-bib.txt
here
Writing plain text for 66
ngb-pt-0066-bib.txt
here
Writing plain text for 67
ngb-pt-0067-bib.txt
here
Writing plain text for 68
ngb-pt-0068-bib.txt
here
Writing plain text for 69
ngb-pt-0069-bib.txt
here
Writing plain text for 70
ngb-pt-0070-bib.txt
here
Writing plain text for 71
ngb-pt-0071-bib.txt
here
Writing plain text for 72
ngb-pt-0072-bib.txt
here
Writing plain text for 73
ngb-pt-0073-bib.txt
here
Writing plain text for 74
ngb-pt-0074-bib.txt
here
Writing plain text for 75
ngb-pt-0075-bib.txt
here
Writing plain text for 76
ngb-pt-0076-bib.txt
here
Writing plain text for 77
ngb-pt-0077-bib.txt
here
Writing plain text for 78
ngb-pt-0078-bib.txt
here
Writing plain text for 79
ngb-pt-0079-bib.txt
here
Writing plain text for 80
ngb-pt-0080-bib.txt
here
Writing plain text for 81
ngb-pt-0081-bib.txt
here
Writing plain text for 82
ngb-pt-0082-bib.txt
here
Writing plain text for 83
ngb-pt-0083-bib.txt
here
Writing plain text for 84
ngb-pt-0084-bib.txt
here
Writing plain text for 85
ngb-pt-0085-bib.txt
here
Writing plain text for 86
ngb-pt-0086-bib.txt
here
Writing plain text for 87
ngb-pt-0087-bib.txt
here
Writing plain text for 88
ngb-pt-0088-bib.txt
here
Writing plain text for 89
ngb-pt-0089-bib.txt
here
Writing plain text for 90
ngb-pt-0090-bib.txt
here
Writing plain text for 91
ngb-pt-0091-bib.txt
here
Writing plain text for 92
ngb-pt-0092-bib.txt
here
Writing plain text for 93
ngb-pt-0093-bib.txt
here
Writing plain text for 94
ngb-pt-0094-bib.txt
here
Writing plain text for 95
ngb-pt-0095-bib.txt
here
Writing plain text for 96
ngb-pt-0096-bib.txt
here
Writing plain text for 97
ngb-pt-0097-bib.txt
here
Writing plain text for 98
ngb-pt-0098-bib.txt
here
Writing plain text for 99
ngb-pt-0099-bib.txt
here
Writing plain text for 100
ngb-pt-0100-bib.txt
here
Writing plain text for 101
ngb-pt-0101-bib.txt
here
Writing plain text for 102
ngb-pt-0102-bib.txt
here
Writing plain text for 103
ngb-pt-0103-bib.txt
here
Writing plain text for 104
ngb-pt-0104-bib.txt
here
Writing plain text for 105
ngb-pt-0105-bib.txt
here
Writing plain text for 106
ngb-pt-0106-bib.txt
here
Writing plain text for 107
ngb-pt-0107-bib.txt
here
Writing plain text for 108
ngb-pt-0108-bib.txt
here
Writing plain text for 109
ngb-pt-0109-bib.txt
here
Writing plain text for 110
ngb-pt-0110-bib.txt
here
Writing plain text for 111
ngb-pt-0111-bib.txt
here
Writing plain text for 112
ngb-pt-0112-bib.txt
here
Writing plain text for 113
ngb-pt-0113-bib.txt
here
Writing plain text for 114
ngb-pt-0114-bib.txt
here
Writing plain text for 115
ngb-pt-0115-bib.txt
here
Writing plain text for 116
ngb-pt-0116-bib.txt
here
Writing plain text for 117
ngb-pt-0117-bib.txt
here
Writing plain text for 118
ngb-pt-0118-bib.txt
here
Writing plain text for 119
ngb-pt-0119-bib.txt
here
Writing plain text for 120
ngb-pt-0120-bib.txt
here
Writing plain text for 121
ngb-pt-0121-bib.txt
here
Writing plain text for 122
ngb-pt-0122-bib.txt
here
Writing plain text for 123
ngb-pt-0123-bib.txt
here
Writing plain text for 124
ngb-pt-0124-bib.txt
here
Writing plain text for 125
ngb-pt-0125-bib.txt
here
Writing plain text for 126
ngb-pt-0126-bib.txt
here
Writing plain text for 127
ngb-pt-0127-bib.txt
here
Writing plain text for 128
ngb-pt-0128-bib.txt
here
Writing plain text for 129
ngb-pt-0129-bib.txt
here
Writing plain text for 130
ngb-pt-0130-bib.txt
here
Writing plain text for 131
ngb-pt-0131-bib.txt
here
Writing plain text for 132
ngb-pt-0132-bib.txt
here
Writing plain text for 133
ngb-pt-0133-bib.txt
here
Writing plain text for 134
ngb-pt-0134-bib.txt
here
Writing plain text for 135
ngb-pt-0135-bib.txt
here
Writing plain text for 136
ngb-pt-0136-bib.txt
here
Writing plain text for 137
ngb-pt-0137-bib.txt
here
Writing plain text for 138
ngb-pt-0138-bib.txt
here
Writing plain text for 139
ngb-pt-0139-bib.txt
here
Writing plain text for 140
ngb-pt-0140-bib.txt
here
Writing plain text for 141
ngb-pt-0141-bib.txt
here
Writing plain text for 142
ngb-pt-0142-bib.txt
here
Writing plain text for 143
ngb-pt-0143-bib.txt
here
Writing plain text for 144
ngb-pt-0144-bib.txt
here
Writing plain text for 145
ngb-pt-0145-bib.txt
here
Writing plain text for 146
ngb-pt-0146-bib.txt
here
Writing plain text for 147
ngb-pt-0147-bib.txt
here
Writing plain text for 148
ngb-pt-0148-bib.txt
here
Writing plain text for 149
ngb-pt-0149-bib.txt
here
Writing plain text for 150
ngb-pt-0150-bib.txt
here
Writing plain text for 151
ngb-pt-0151-bib.txt
here
Writing plain text for 152
ngb-pt-0152-bib.txt
here
Writing plain text for 153
ngb-pt-0153-bib.txt
here
Writing plain text for 154
ngb-pt-0154-bib.txt
here
Writing plain text for 155
ngb-pt-0155-bib.txt
here
Writing plain text for 156
ngb-pt-0156-bib.txt
here
Writing plain text for 157
ngb-pt-0157-bib.txt
here
Writing plain text for 158
ngb-pt-0158-bib.txt
here
Writing plain text for 159
ngb-pt-0159-bib.txt
here
Writing plain text for 160
ngb-pt-0160-bib.txt
here
Writing plain text for 161
ngb-pt-0161-bib.txt
here
Writing plain text for 162
ngb-pt-0162-bib.txt
here
Writing plain text for 163
ngb-pt-0163-bib.txt
here
Writing plain text for 164
ngb-pt-0164-bib.txt
here
Writing plain text for 165
ngb-pt-0165-bib.txt
here
Writing plain text for 166
ngb-pt-0166-bib.txt
here
Writing plain text for 167
ngb-pt-0167-bib.txt
here
Writing plain text for 168
ngb-pt-0168-bib.txt
here
Writing plain text for 169
ngb-pt-0169-bib.txt
here
Writing plain text for 170
ngb-pt-0170-bib.txt
here
Writing plain text for 171
ngb-pt-0171-bib.txt
here
Writing plain text for 172
ngb-pt-0172-bib.txt
here
Writing plain text for 173
ngb-pt-0173-bib.txt
here
Writing plain text for 174
ngb-pt-0174-bib.txt
here
Writing plain text for 175
ngb-pt-0175-bib.txt
here
Writing plain text for 176
ngb-pt-0176-bib.txt
here
Writing plain text for 177
ngb-pt-0177-bib.txt
here
Writing plain text for 178
ngb-pt-0178-bib.txt
here
Writing plain text for 179
ngb-pt-0179-bib.txt
here
Writing plain text for 180
ngb-pt-0180-bib.txt
here
Writing plain text for 181
ngb-pt-0181-bib.txt
here
Writing plain text for 182
ngb-pt-0182-bib.txt
here
Writing plain text for 183
ngb-pt-0183-bib.txt
here
Writing plain text for 184
ngb-pt-0184-bib.txt
here
Writing plain text for 185
ngb-pt-0185-bib.txt
here
Writing plain text for 186
ngb-pt-0186-bib.txt
here
Writing plain text for 187
ngb-pt-0187-bib.txt
here
Writing plain text for 188
ngb-pt-0188-bib.txt
here
Writing plain text for 189
ngb-pt-0189-bib.txt
here
Writing plain text for 190
ngb-pt-0190-bib.txt
here
Writing plain text for 191
ngb-pt-0191-bib.txt
here
Writing plain text for 192
ngb-pt-0192-bib.txt
here
Writing plain text for 193
ngb-pt-0193-bib.txt
here
Writing plain text for 194
ngb-pt-0194-bib.txt
here
Writing plain text for 195
ngb-pt-0195-bib.txt
here
Writing plain text for 196
ngb-pt-0196-bib.txt
here
Writing plain text for 197
ngb-pt-0197-bib.txt
here
Writing plain text for 198
ngb-pt-0198-bib.txt
here
Writing plain text for 199
ngb-pt-0199-bib.txt
here
Writing plain text for 200
ngb-pt-0200-bib.txt
here
Writing plain text for 201
ngb-pt-0201-bib.txt
here
Writing plain text for 202
ngb-pt-0202-bib.txt
here
Writing plain text for 203
ngb-pt-0203-bib.txt
here
Writing plain text for 204
ngb-pt-0204-bib.txt
here
Writing plain text for 205
ngb-pt-0205-bib.txt
here
Writing plain text for 206
ngb-pt-0206-bib.txt
here
Writing plain text for 207
ngb-pt-0207-bib.txt
here
Writing plain text for 208
ngb-pt-0208-bib.txt
here
Writing plain text for 209
ngb-pt-0209-bib.txt
here
Writing plain text for 210
ngb-pt-0210-bib.txt
here
Writing plain text for 211
ngb-pt-0211-bib.txt
here
Writing plain text for 212
ngb-pt-0212-bib.txt
here
Writing plain text for 213
ngb-pt-0213-bib.txt
here
Writing plain text for 214
ngb-pt-0214-bib.txt
here
Writing plain text for 215
ngb-pt-0215-bib.txt
here
Writing plain text for 216
ngb-pt-0216-bib.txt
here
Writing plain text for 217
ngb-pt-0217-bib.txt
here
Writing plain text for 218
ngb-pt-0218-bib.txt
here
Writing plain text for 219
ngb-pt-0219-bib.txt
here
Writing plain text for 220
ngb-pt-0220-bib.txt
here
Writing plain text for 221
ngb-pt-0221-bib.txt
here
Writing plain text for 222
ngb-pt-0222-bib.txt
here
Writing plain text for 223
ngb-pt-0223-bib.txt
here
Writing plain text for 224
ngb-pt-0224-bib.txt
here
Writing plain text for 225
ngb-pt-0225-bib.txt
here
Writing plain text for 226
ngb-pt-0226-bib.txt
here
Writing plain text for 227
ngb-pt-0227-bib.txt
here
Writing plain text for 228
ngb-pt-0228-bib.txt
here
Writing plain text for 229
ngb-pt-0229-bib.txt
here
Writing plain text for 230
ngb-pt-0230-bib.txt
here
Writing plain text for 231
ngb-pt-0231-bib.txt
here
Writing plain text for 232
ngb-pt-0232-bib.txt
here
Writing plain text for 233
ngb-pt-0233-bib.txt
here
Writing plain text for 234
ngb-pt-0234-bib.txt
here
Writing plain text for 235
ngb-pt-0235-bib.txt
here
Writing plain text for 236
ngb-pt-0236-bib.txt
here
Writing plain text for 237
ngb-pt-0237-bib.txt
here
Writing plain text for 238
ngb-pt-0238-bib.txt
here
Writing plain text for 239
ngb-pt-0239-bib.txt
here
Writing plain text for 240
ngb-pt-0240-bib.txt
here
Writing plain text for 241
ngb-pt-0241-bib.txt
here
Writing plain text for 242
ngb-pt-0242-bib.txt
here
Writing plain text for 243
ngb-pt-0243-bib.txt
here
Writing plain text for 244
ngb-pt-0244-bib.txt
here
Writing plain text for 245
ngb-pt-0245-bib.txt
here
Writing plain text for 246
ngb-pt-0246-bib.txt
here
Writing plain text for 247
ngb-pt-0247-bib.txt
here
Writing plain text for 248
ngb-pt-0248-bib.txt
here
Writing plain text for 249
ngb-pt-0249-bib.txt
here
Writing plain text for 250
ngb-pt-0250-bib.txt
here
Writing plain text for 251
ngb-pt-0251-bib.txt
here
Writing plain text for 252
ngb-pt-0252-bib.txt
here
Writing plain text for 253
ngb-pt-0253-bib.txt
here
Writing plain text for 254
ngb-pt-0254-bib.txt
here
Writing plain text for 255
ngb-pt-0255-bib.txt
here
Writing plain text for 256
ngb-pt-0256-bib.txt
here
Writing plain text for 257
ngb-pt-0257-bib.txt
here
Writing plain text for 258
ngb-pt-0258-bib.txt
here
Writing plain text for 259
ngb-pt-0259-bib.txt
here
Writing plain text for 260
ngb-pt-0260-bib.txt
here
Writing plain text for 261
ngb-pt-0261-bib.txt
here
Writing plain text for 262
ngb-pt-0262-bib.txt
here
Writing plain text for 263
ngb-pt-0263-bib.txt
here
Writing plain text for 264
ngb-pt-0264-bib.txt
here
Writing plain text for 265
ngb-pt-0265-bib.txt
here
Writing plain text for 266
ngb-pt-0266-bib.txt
here
Writing plain text for 267
ngb-pt-0267-bib.txt
here
Writing plain text for 268
ngb-pt-0268-bib.txt
here
Writing plain text for 269
ngb-pt-0269-bib.txt
here
Writing plain text for 270
ngb-pt-0270-bib.txt
here
Writing plain text for 271
ngb-pt-0271-bib.txt
here
Writing plain text for 272
ngb-pt-0272-bib.txt
here
Writing plain text for 273
ngb-pt-0273-bib.txt
here
Writing plain text for 274
ngb-pt-0274-bib.txt
here
Writing plain text for 275
ngb-pt-0275-bib.txt
here
Writing plain text for 276
ngb-pt-0276-bib.txt
here
Writing plain text for 277
ngb-pt-0277-bib.txt
here
Writing plain text for 278
ngb-pt-0278-bib.txt
here
Writing plain text for 279
ngb-pt-0279-bib.txt
here
Writing plain text for 280
ngb-pt-0280-bib.txt
here
Writing plain text for 281
ngb-pt-0281-bib.txt
here
Writing plain text for 282
ngb-pt-0282-bib.txt
here
Writing plain text for 283
ngb-pt-0283-bib.txt
here
Writing plain text for 284
ngb-pt-0284-bib.txt
here
Writing plain text for 285
ngb-pt-0285-bib.txt
here
Writing plain text for 286
ngb-pt-0286-bib.txt
here
Writing plain text for 287
ngb-pt-0287-bib.txt
here
Writing plain text for 288
ngb-pt-0288-bib.txt
here
Writing plain text for 289
ngb-pt-0289-bib.txt
here
Writing plain text for 290
ngb-pt-0290-bib.txt
here
Writing plain text for 291
ngb-pt-0291-bib.txt
here
Writing plain text for 292
ngb-pt-0292-bib.txt
here
Writing plain text for 293
ngb-pt-0293-bib.txt
here
Writing plain text for 294
ngb-pt-0294-bib.txt
here
Writing plain text for 295
ngb-pt-0295-bib.txt
here
Writing plain text for 296
ngb-pt-0296-bib.txt
here
Writing plain text for 297
ngb-pt-0297-bib.txt
here
Writing plain text for 298
ngb-pt-0298-bib.txt
here
Writing plain text for 299
ngb-pt-0299-bib.txt
here
Writing plain text for 300
ngb-pt-0300-bib.txt
here
Writing plain text for 301
ngb-pt-0301-bib.txt
here
Writing plain text for 302
ngb-pt-0302-bib.txt
here
Writing plain text for 303
ngb-pt-0303-bib.txt
here
Writing plain text for 304
ngb-pt-0304-bib.txt
here
Writing plain text for 305
ngb-pt-0305-bib.txt
here
Writing plain text for 306
ngb-pt-0306-bib.txt
here
Writing plain text for 307
ngb-pt-0307-bib.txt
here
Writing plain text for 308
ngb-pt-0308-bib.txt
here
Writing plain text for 309
ngb-pt-0309-bib.txt
here
Writing plain text for 310
ngb-pt-0310-bib.txt
here
Writing plain text for 311
ngb-pt-0311-bib.txt
here
Writing plain text for 312
ngb-pt-0312-bib.txt
here
Writing plain text for 313
ngb-pt-0313-bib.txt
here
Writing plain text for 314
ngb-pt-0314-bib.txt
here
Writing plain text for 315
ngb-pt-0315-bib.txt
here
Writing plain text for 316
ngb-pt-0316-bib.txt
here
Writing plain text for 317
ngb-pt-0317-bib.txt
here
Writing plain text for 318
ngb-pt-0318-bib.txt
here
Writing plain text for 319
ngb-pt-0319-bib.txt
here
Writing plain text for 320
ngb-pt-0320-bib.txt
here
Writing plain text for 321
ngb-pt-0321-bib.txt
here
Writing plain text for 322
ngb-pt-0322-bib.txt
here
Writing plain text for 323
ngb-pt-0323-bib.txt
here
Writing plain text for 324
ngb-pt-0324-bib.txt
here
Writing plain text for 325
ngb-pt-0325-bib.txt
here
Writing plain text for 326
ngb-pt-0326-bib.txt
here
Writing plain text for 327
ngb-pt-0327-bib.txt
here
Writing plain text for 328
ngb-pt-0328-bib.txt
here
Writing plain text for 329
ngb-pt-0329-bib.txt
here
Writing plain text for 330
ngb-pt-0330-bib.txt
here
Writing plain text for 331
ngb-pt-0331-bib.txt
here
Writing plain text for 332
ngb-pt-0332-bib.txt
here
Writing plain text for 333
ngb-pt-0333-bib.txt
here
Writing plain text for 334
ngb-pt-0334-bib.txt
here
Writing plain text for 335
ngb-pt-0335-bib.txt
here
Writing plain text for 336
ngb-pt-0336-bib.txt
here
Writing plain text for 337
ngb-pt-0337-bib.txt
here
Writing plain text for 338
ngb-pt-0338-bib.txt
here
Writing plain text for 339
ngb-pt-0339-bib.txt
here
Writing plain text for 340
ngb-pt-0340-bib.txt
here
Writing plain text for 341
ngb-pt-0341-bib.txt
here
Writing plain text for 342
ngb-pt-0342-bib.txt
here
Writing plain text for 343
ngb-pt-0343-bib.txt
here
Writing plain text for 344
ngb-pt-0344-bib.txt
here
Writing plain text for 345
ngb-pt-0345-bib.txt
here
Writing plain text for 346
ngb-pt-0346-bib.txt
here
Writing plain text for 347
ngb-pt-0347-bib.txt
here
Writing plain text for 348
ngb-pt-0348-bib.txt
here
Writing plain text for 349
ngb-pt-0349-bib.txt
here
Writing plain text for 350
ngb-pt-0350-bib.txt
here
Writing plain text for 351
ngb-pt-0351-bib.txt
here
Writing plain text for 352
ngb-pt-0352-bib.txt
here
Writing plain text for 353
ngb-pt-0353-bib.txt
here
Writing plain text for 354
ngb-pt-0354-bib.txt
here
Writing plain text for 355
ngb-pt-0355-bib.txt
here
Writing plain text for 356
ngb-pt-0356-bib.txt
here
Writing plain text for 357
ngb-pt-0357-bib.txt
here
Writing plain text for 358
ngb-pt-0358-bib.txt
here
Writing plain text for 359
ngb-pt-0359-bib.txt
here
Writing plain text for 360
ngb-pt-0360-bib.txt
here
Writing plain text for 361
ngb-pt-0361-bib.txt
here
Writing plain text for 362
ngb-pt-0362-bib.txt
here
Writing plain text for 363
ngb-pt-0363-bib.txt
here
Writing plain text for 364
ngb-pt-0364-bib.txt
here
Writing plain text for 365
ngb-pt-0365-bib.txt
here
Writing plain text for 366
ngb-pt-0366-bib.txt
here
Writing plain text for 367
ngb-pt-0367-bib.txt
here
Writing plain text for 368
ngb-pt-0368-bib.txt
here
Writing plain text for 369
ngb-pt-0369-bib.txt
here
Writing plain text for 370
ngb-pt-0370-bib.txt
here
Writing plain text for 371
ngb-pt-0371-bib.txt
here
Writing plain text for 372
ngb-pt-0372-bib.txt
here
Writing plain text for 373
ngb-pt-0373-bib.txt
here
Writing plain text for 374
ngb-pt-0374-bib.txt
here
Writing plain text for 375
ngb-pt-0375-bib.txt
here
Writing plain text for 376
ngb-pt-0376-bib.txt
here
Writing plain text for 377
ngb-pt-0377-bib.txt
here
Writing plain text for 378
ngb-pt-0378-bib.txt
here
Writing plain text for 379
ngb-pt-0379-bib.txt
here
Writing plain text for 380
ngb-pt-0380-bib.txt
here
Writing plain text for 381
ngb-pt-0381-bib.txt
here
Writing plain text for 382
ngb-pt-0382-bib.txt
here
Writing plain text for 383
ngb-pt-0383-bib.txt
here
Writing plain text for 384
ngb-pt-0384-bib.txt
here
Writing plain text for 385
ngb-pt-0385-bib.txt
here
Writing plain text for 386
ngb-pt-0386-bib.txt
here
Writing plain text for 387
ngb-pt-0387-bib.txt
here
Writing plain text for 388
ngb-pt-0388-bib.txt
here
Writing plain text for 389
ngb-pt-0389-bib.txt
here
Writing plain text for 390
ngb-pt-0390-bib.txt
here
Writing plain text for 391
ngb-pt-0391-bib.txt
here
Writing plain text for 392
ngb-pt-0392-bib.txt
Text 392: No OCR File for Volume 32
Writing plain text for 393
ngb-pt-0393-bib.txt
Text 393: No OCR File for Volume 32
Writing plain text for 394
ngb-pt-0394-bib.txt
Text 394: No OCR File for Volume 32
Writing plain text for 395
ngb-pt-0395-bib.txt
Text 395: No OCR File for Volume 32
Writing plain text for 396
ngb-pt-0396-bib.txt
Text 396: No OCR File for Volume 32
Writing plain text for 397
ngb-pt-0397-bib.txt
Text 397: No OCR File for Volume 32
Writing plain text for 398
ngb-pt-0398-bib.txt
Text 398: No OCR File for Volume 32
Writing plain text for 399
ngb-pt-0399-bib.txt
Text 399: No OCR File for Volume 32
Writing plain text for 400
ngb-pt-0400-bib.txt
Text 400: No OCR File for Volume 32
Writing plain text for 401
ngb-pt-0401-bib.txt
Text 401: No OCR File for Volume 32
Writing plain text for 402
ngb-pt-0402-bib.txt
Text 402: No OCR File for Volume 32
Writing plain text for 403
ngb-pt-0403-bib.txt
Text 403: No OCR File for Volume 32
Writing plain text for 404
ngb-pt-0404-bib.txt
Text 404: No OCR File for Volume 32
Writing plain text for 405
ngb-pt-0405-bib.txt
Text 405: No OCR File for Volume 32
Writing plain text for 406
ngb-pt-0406-bib.txt
Text 406: No OCR File for Volume 32
Writing plain text for 407
ngb-pt-0407-bib.txt
Text 407: No OCR File for Volume 32
Writing plain text for 408
ngb-pt-0408-bib.txt
Text 408: No OCR File for Volume 32
Writing plain text for 409
ngb-pt-0409-bib.txt
here
Writing plain text for 410
ngb-pt-0410-bib.txt
here
Writing plain text for 411
ngb-pt-0411-bib.txt
here
Writing plain text for 412
ngb-pt-0412-bib.txt
here
Writing plain text for 413
ngb-pt-0413-bib.txt
here
Writing plain text for 414
ngb-pt-0414-bib.txt
here
Writing plain text for 415
ngb-pt-0415-bib.txt
here
Writing plain text for 416
ngb-pt-0416-bib.txt
here
Writing plain text for 417
ngb-pt-0417-bib.txt
here
Writing plain text for 418
ngb-pt-0418-bib.txt
here
Writing plain text for 419
ngb-pt-0419-bib.txt
here
Writing plain text for 420
ngb-pt-0420-bib.txt
here
Writing plain text for 421
ngb-pt-0421-bib.txt
here
Writing plain text for 422
ngb-pt-0422-bib.txt
here
Writing plain text for 423
ngb-pt-0423-bib.txt
here
Writing plain text for 424
ngb-pt-0424-bib.txt
here
Writing plain text for 425
ngb-pt-0425-bib.txt
here
Writing plain text for 426
ngb-pt-0426-bib.txt
here
Writing plain text for 427
ngb-pt-0427-bib.txt
here
Writing plain text for 428
ngb-pt-0428-bib.txt
here
Writing plain text for 429
ngb-pt-0429-bib.txt
here
Writing plain text for 430
ngb-pt-0430-bib.txt
here
Writing plain text for 431
ngb-pt-0431-bib.txt
here
Writing plain text for 432
ngb-pt-0432-bib.txt
here
Writing plain text for 433
ngb-pt-0433-bib.txt
here
Writing plain text for 434
ngb-pt-0434-bib.txt
here
Writing plain text for 435
ngb-pt-0435-bib.txt
here
Writing plain text for 436
ngb-pt-0436-bib.txt
here
Writing plain text for 437
ngb-pt-0437-bib.txt
here
Writing plain text for 438
ngb-pt-0438-bib.txt
here
Writing plain text for 439
ngb-pt-0439-bib.txt
here
Writing plain text for 440
ngb-pt-0440-bib.txt
here
Writing plain text for 441
ngb-pt-0441-bib.txt
here
Writing plain text for 442
ngb-pt-0442-bib.txt
here
Writing plain text for 443
ngb-pt-0443-bib.txt
here
Writing plain text for 444
ngb-pt-0444-bib.txt
here
Writing plain text for 445
ngb-pt-0445-bib.txt
here
Writing plain text for 446
ngb-pt-0446-bib.txt
here
Writing plain text for 447
ngb-pt-0447-bib.txt
here
Writing plain text for 448
ngb-pt-0448-bib.txt
here
Writing plain text for 449
ngb-pt-0449-bib.txt
here
Writing plain text for 450
ngb-pt-0450-bib.txt
here
Writing plain text for 451
ngb-pt-0451-bib.txt
here
Writing plain text for 452
ngb-pt-0452-bib.txt
here
Writing plain text for 453
ngb-pt-0453-bib.txt
here
Writing plain text for 454
ngb-pt-0454-bib.txt
here
Writing plain text for 455
ngb-pt-0455-bib.txt
here
Writing plain text for 456
ngb-pt-0456-bib.txt
here
Writing plain text for 457
ngb-pt-0457-bib.txt
here
Writing plain text for 458
ngb-pt-0458-bib.txt
here
Writing plain text for 459
ngb-pt-0459-bib.txt
here
Writing plain text for 460
ngb-pt-0460-bib.txt
here
Writing plain text for 461
ngb-pt-0461-bib.txt
here
Writing plain text for 462
ngb-pt-0462-bib.txt
here
Writing plain text for 463
ngb-pt-0463-bib.txt
here
Writing plain text for 464
ngb-pt-0464-bib.txt
here
Writing plain text for 465
ngb-pt-0465-bib.txt
here
Writing plain text for 466
ngb-pt-0466-bib.txt
here
Writing plain text for 467
ngb-pt-0467-bib.txt
here
Writing plain text for 468
ngb-pt-0468-bib.txt
here
Writing plain text for 469
ngb-pt-0469-bib.txt
here
Writing plain text for 470
ngb-pt-0470-bib.txt
here
Writing plain text for 471
ngb-pt-0471-bib.txt
here
Writing plain text for 472
ngb-pt-0472-bib.txt
here
Writing plain text for 473
ngb-pt-0473-bib.txt
here
Writing plain text for 474
ngb-pt-0474-bib.txt
Text 474: No OCR File for Volume 36
Writing plain text for 475
ngb-pt-0475-bib.txt
Text 475: No OCR File for Volume 36
Writing plain text for 476
ngb-pt-0476-bib.txt
Text 476: No OCR File for Volume 36
Writing plain text for 477
ngb-pt-0477-bib.txt
Text 477: No OCR File for Volume 36
Writing plain text for 478
ngb-pt-0478-bib.txt
Text 478: No OCR File for Volume 36
Writing plain text for 479
ngb-pt-0479-bib.txt
Text 479: No OCR File for Volume 36
Writing plain text for 480
ngb-pt-0480-bib.txt
Text 480: No OCR File for Volume 36
Writing plain text for 481
ngb-pt-0481-bib.txt
Text 481: No OCR File for Volume 36
Writing plain text for 482
ngb-pt-0482-bib.txt
Text 482: No OCR File for Volume 36
Writing plain text for 483
ngb-pt-0483-bib.txt
Text 483: No OCR File for Volume 36
Writing plain text for 484
ngb-pt-0484-bib.txt
Text 484: No OCR File for Volume 36
Writing plain text for 485
ngb-pt-0485-bib.txt
Text 485: No OCR File for Volume 36
Writing plain text for 486
ngb-pt-0486-bib.txt
Text 486: No OCR File for Volume 36
Writing plain text for 487
ngb-pt-0487-bib.txt
Text 487: No OCR File for Volume 36
Writing plain text for 488
ngb-pt-0488-bib.txt
Text 488: No OCR File for Volume 36
Writing plain text for 489
ngb-pt-0489-bib.txt
Text 489: No OCR File for Volume 36
Writing plain text for 490
ngb-pt-0490-bib.txt
Text 490: No OCR File for Volume 36
Writing plain text for 491
ngb-pt-0491-bib.txt
Text 491: No OCR File for Volume 36
Writing plain text for 492
ngb-pt-0492-bib.txt
Text 492: No OCR File for Volume 36
Writing plain text for 493
ngb-pt-0493-bib.txt
Text 493: No OCR File for Volume 36
Writing plain text for 494
ngb-pt-0494-bib.txt
Text 494: No OCR File for Volume 36
Writing plain text for 495
ngb-pt-0495-bib.txt
Text 495: No OCR File for Volume 36
Writing plain text for 496
ngb-pt-0496-bib.txt
Text 496: No OCR File for Volume 36
Writing plain text for 497
ngb-pt-0497-bib.txt
Text 497: No OCR File for Volume 36
Writing plain text for 498
ngb-pt-0498-bib.txt
here
Writing plain text for 499
ngb-pt-0499-bib.txt
here
Writing plain text for 500
ngb-pt-0500-bib.txt
here
Writing plain text for 501
ngb-pt-0501-bib.txt
here
Writing plain text for 502
ngb-pt-0502-bib.txt
here
Writing plain text for 503
ngb-pt-0503-bib.txt
here
Writing plain text for 504
ngb-pt-0504-bib.txt
here
Writing plain text for 505
ngb-pt-0505-bib.txt
here
Writing plain text for 506
ngb-pt-0506-bib.txt
here
Writing plain text for 507
ngb-pt-0507-bib.txt
here
Writing plain text for 508
ngb-pt-0508-bib.txt
here
Writing plain text for 509
ngb-pt-0509-bib.txt
here
Writing plain text for 510
ngb-pt-0510-bib.txt
here
Writing plain text for 511
ngb-pt-0511-bib.txt
here
Writing plain text for 512
ngb-pt-0512-bib.txt
here
Writing plain text for 513
ngb-pt-0513-bib.txt
here
Writing plain text for 514
ngb-pt-0514-bib.txt
here
Writing plain text for 515
ngb-pt-0515-bib.txt
here
Writing plain text for 516
ngb-pt-0516-bib.txt
here
Writing plain text for 517
ngb-pt-0517-bib.txt
here
Writing plain text for 518
ngb-pt-0518-bib.txt
here
Writing plain text for 519
ngb-pt-0519-bib.txt
here
Writing plain text for 520
ngb-pt-0520-bib.txt
here
Writing plain text for 521
ngb-pt-0521-bib.txt
here
Writing plain text for 522
ngb-pt-0522-bib.txt
here
Writing plain text for 523
ngb-pt-0523-bib.txt
here
Writing plain text for 524
ngb-pt-0524-bib.txt
here
Writing plain text for 525
ngb-pt-0525-bib.txt
here
Writing plain text for 526
ngb-pt-0526-bib.txt
here
Writing plain text for 527
ngb-pt-0527-bib.txt
here
Writing plain text for 528
ngb-pt-0528-bib.txt
here
Writing plain text for 529
ngb-pt-0529-bib.txt
here
Writing plain text for 530
ngb-pt-0530-bib.txt
here
Writing plain text for 531
ngb-pt-0531-bib.txt
here
Writing plain text for 532
ngb-pt-0532-bib.txt
here
Writing plain text for 533
ngb-pt-0533-bib.txt
here
Writing plain text for 534
ngb-pt-0534-bib.txt
here
Writing plain text for 535
ngb-pt-0535-bib.txt
here
Writing plain text for 536
ngb-pt-0536-bib.txt
here
Writing plain text for 537
ngb-pt-0537-bib.txt
here
Writing plain text for 538
ngb-pt-0538-bib.txt
here
Writing plain text for 539
ngb-pt-0539-bib.txt
here
Writing plain text for 540
ngb-pt-0540-bib.txt
here
Writing plain text for 541
ngb-pt-0541-bib.txt
here
Writing plain text for 542
ngb-pt-0542-bib.txt
here
Writing plain text for 543
ngb-pt-0543-bib.txt
here
Writing plain text for 544
ngb-pt-0544-bib.txt
here
Writing plain text for 545
ngb-pt-0545-bib.txt
here
Writing plain text for 546
ngb-pt-0546-bib.txt
here
Writing plain text for 547
ngb-pt-0547-bib.txt
here
Writing plain text for 548
ngb-pt-0548-bib.txt
here
Writing plain text for 549
ngb-pt-0549-bib.txt
here
Writing plain text for 550
ngb-pt-0550-bib.txt
here
Writing plain text for 551
ngb-pt-0551-bib.txt
here
Writing plain text for 552
ngb-pt-0552-bib.txt
here
Writing plain text for 553
ngb-pt-0553-bib.txt
here
Writing plain text for 554
ngb-pt-0554-bib.txt
here
Writing plain text for 555
ngb-pt-0555-bib.txt
here
Writing plain text for 556
ngb-pt-0556-bib.txt
here
Writing plain text for 557
ngb-pt-0557-bib.txt
here
Writing plain text for 558
ngb-pt-0558-bib.txt
here
Writing plain text for 559
ngb-pt-0559-bib.txt
here
Writing plain text for 560
ngb-pt-0560-bib.txt
here
Writing plain text for 561
ngb-pt-0561-bib.txt
here
Writing plain text for 562
ngb-pt-0562-bib.txt
here
Writing plain text for 563
ngb-pt-0563-bib.txt
here
Writing plain text for 564
ngb-pt-0564-bib.txt
here
Writing plain text for 565
ngb-pt-0565-bib.txt
here
Writing plain text for 566
ngb-pt-0566-bib.txt
here
Writing plain text for 567
ngb-pt-0567-bib.txt
here
Writing plain text for 568
ngb-pt-0568-bib.txt
here
Writing plain text for 569
ngb-pt-0569-bib.txt
here
Writing plain text for 570
ngb-pt-0570-bib.txt
here
Writing plain text for 571
ngb-pt-0571-bib.txt
here
Writing plain text for 572
ngb-pt-0572-bib.txt
here
Writing plain text for 573
ngb-pt-0573-bib.txt
here
Writing plain text for 574
ngb-pt-0574-bib.txt
here
Writing plain text for 575
ngb-pt-0575-bib.txt
here
Writing plain text for 576
ngb-pt-0576-bib.txt
Text 576: No OCR File for Volume 39
Writing plain text for 577
ngb-pt-0577-bib.txt
Text 577: No OCR File for Volume 39
Writing plain text for 578
ngb-pt-0578-bib.txt
Text 578: No OCR File for Volume 39
Writing plain text for 579
ngb-pt-0579-bib.txt
Text 579: No OCR File for Volume 39
Writing plain text for 580
ngb-pt-0580-bib.txt
Text 580: No OCR File for Volume 39
Writing plain text for 581
ngb-pt-0581-bib.txt
Text 581: No OCR File for Volume 39
Writing plain text for 582
ngb-pt-0582-bib.txt
Text 582: No OCR File for Volume 39
Writing plain text for 583
ngb-pt-0583-bib.txt
Text 583: No OCR File for Volume 39
Writing plain text for 584
ngb-pt-0584-bib.txt
Text 584: No OCR File for Volume 39
Writing plain text for 585
ngb-pt-0585-bib.txt
Text 585: No OCR File for Volume 39
Writing plain text for 586
ngb-pt-0586-bib.txt
Text 586: No OCR File for Volume 39
Writing plain text for 587
ngb-pt-0587-bib.txt
Text 587: No OCR File for Volume 39
Writing plain text for 588
ngb-pt-0588-bib.txt
Text 588: No OCR File for Volume 39
Writing plain text for 589
ngb-pt-0589-bib.txt
Text 589: No OCR File for Volume 39
Writing plain text for 590
ngb-pt-0590-bib.txt
Text 590: No OCR File for Volume 39
Writing plain text for 591
ngb-pt-0591-bib.txt
Text 591: No OCR File for Volume 39
Writing plain text for 592
ngb-pt-0592-bib.txt
Text 592: No OCR File for Volume 39
Writing plain text for 593
ngb-pt-0593-bib.txt
Text 593: No OCR File for Volume 39
Writing plain text for 594
ngb-pt-0594-bib.txt
Text 594: No OCR File for Volume 39
Writing plain text for 595
ngb-pt-0595-bib.txt
Text 595: No OCR File for Volume 39
Writing plain text for 596
ngb-pt-0596-bib.txt
Text 596: No OCR File for Volume 39
Writing plain text for 597
ngb-pt-0597-bib.txt
Text 597: No OCR File for Volume 39
Writing plain text for 598
ngb-pt-0598-bib.txt
Text 598: No OCR File for Volume 39
Writing plain text for 599
ngb-pt-0599-bib.txt
Text 599: No OCR File for Volume 39
Writing plain text for 600
ngb-pt-0600-bib.txt
Text 600: No OCR File for Volume 39
Writing plain text for 601
ngb-pt-0601-bib.txt
Text 601: No OCR File for Volume 39
Writing plain text for 602
ngb-pt-0602-bib.txt
Text 602: No OCR File for Volume 39
Writing plain text for 603
ngb-pt-0603-bib.txt
Text 603: No OCR File for Volume 39
Writing plain text for 604
ngb-pt-0604-bib.txt
Text 604: No OCR File for Volume 39
Writing plain text for 605
ngb-pt-0605-bib.txt
Text 605: No OCR File for Volume 39
Writing plain text for 606
ngb-pt-0606-bib.txt
Text 606: No OCR File for Volume 39
Writing plain text for 607
ngb-pt-0607-bib.txt
Text 607: No OCR File for Volume 39
Writing plain text for 608
ngb-pt-0608-bib.txt
Text 608: No OCR File for Volume 39
Writing plain text for 609
ngb-pt-0609-bib.txt
Text 609: No OCR File for Volume 39
Writing plain text for 610
ngb-pt-0610-bib.txt
Text 610: No OCR File for Volume 39
Writing plain text for 611
ngb-pt-0611-bib.txt
Text 611: No OCR File for Volume 39
Writing plain text for 612
ngb-pt-0612-bib.txt
Text 612: No OCR File for Volume 40
Writing plain text for 613
ngb-pt-0613-bib.txt
Text 613: No OCR File for Volume 40
Writing plain text for 614
ngb-pt-0614-bib.txt
Text 614: No OCR File for Volume 40
Writing plain text for 615
ngb-pt-0615-bib.txt
Text 615: No OCR File for Volume 40
Writing plain text for 616
ngb-pt-0616-bib.txt
Text 616: No OCR File for Volume 40
Writing plain text for 617
ngb-pt-0617-bib.txt
Text 617: No OCR File for Volume 40
Writing plain text for 618
ngb-pt-0618-bib.txt
Text 618: No OCR File for Volume 40
Writing plain text for 619
ngb-pt-0619-bib.txt
Text 619: No OCR File for Volume 40
Writing plain text for 620
ngb-pt-0620-bib.txt
Text 620: No OCR File for Volume 40
Writing plain text for 621
ngb-pt-0621-bib.txt
Text 621: No OCR File for Volume 40
Writing plain text for 622
ngb-pt-0622-bib.txt
Text 622: No OCR File for Volume 40
Writing plain text for 623
ngb-pt-0623-bib.txt
Text 623: No OCR File for Volume 40
Writing plain text for 624
ngb-pt-0624-bib.txt
Text 624: No OCR File for Volume 41
Writing plain text for 625
ngb-pt-0625-bib.txt
Text 625: No OCR File for Volume 41
Writing plain text for 626
ngb-pt-0626-bib.txt
Text 626: No OCR File for Volume 41
Writing plain text for 627
ngb-pt-0627-bib.txt
Text 627: No OCR File for Volume 41
Writing plain text for 628
ngb-pt-0628-bib.txt
Text 628: No OCR File for Volume 41
Writing plain text for 629
ngb-pt-0629-bib.txt
Text 629: No OCR File for Volume 41
Writing plain text for 630
ngb-pt-0630-bib.txt
Text 630: No OCR File for Volume 41
Writing plain text for 631
ngb-pt-0631-bib.txt
Text 631: No OCR File for Volume 41
Writing plain text for 632
ngb-pt-0632-bib.txt
Text 632: No OCR File for Volume 41
Writing plain text for 633
ngb-pt-0633-bib.txt
Text 633: No OCR File for Volume 41
Writing plain text for 634
ngb-pt-0634-bib.txt
Text 634: No OCR File for Volume 41
Writing plain text for 635
ngb-pt-0635-bib.txt
Text 635: No OCR File for Volume 41
Writing plain text for 636
ngb-pt-0636-bib.txt
Text 636: No OCR File for Volume 41
Writing plain text for 637
ngb-pt-0637-bib.txt
Text 637: No OCR File for Volume 41
Writing plain text for 638
ngb-pt-0638-bib.txt
here
Writing plain text for 639
ngb-pt-0639-bib.txt
here
Writing plain text for 640
ngb-pt-0640-bib.txt
here
Writing plain text for 641
ngb-pt-0641-bib.txt
here
Writing plain text for 642
ngb-pt-0642-bib.txt
here
Writing plain text for 643
ngb-pt-0643-bib.txt
here
Writing plain text for 644
ngb-pt-0644-bib.txt
here
Writing plain text for 645
ngb-pt-0645-bib.txt
here
Writing plain text for 646
ngb-pt-0646-bib.txt
here
Writing plain text for 647
ngb-pt-0647-bib.txt
here
Writing plain text for 648
ngb-pt-0648-bib.txt
here
Writing plain text for 649
ngb-pt-0649-bib.txt
Text 649: No OCR File for Volume 43
Writing plain text for 650
ngb-pt-0650-bib.txt
Text 650: No OCR File for Volume 43
Writing plain text for 651
ngb-pt-0651-bib.txt
Text 651: No OCR File for Volume 43
Writing plain text for 652
ngb-pt-0652-bib.txt
Text 652: No OCR File for Volume 43
Writing plain text for 653
ngb-pt-0653-bib.txt
Text 653: No OCR File for Volume 43
Writing plain text for 654
ngb-pt-0654-bib.txt
Text 654: No OCR File for Volume 43
Writing plain text for 655
ngb-pt-0655-bib.txt
Text 655: No OCR File for Volume 43
Writing plain text for 656
ngb-pt-0656-bib.txt
Text 656: No OCR File for Volume 43
Writing plain text for 657
ngb-pt-0657-bib.txt
Text 657: No OCR File for Volume 43
Writing plain text for 658
ngb-pt-0658-bib.txt
Text 658: No OCR File for Volume 43
Writing plain text for 659
ngb-pt-0659-bib.txt
Text 659: No OCR File for Volume 43
Writing plain text for 660
ngb-pt-0660-bib.txt
Text 660: No OCR File for Volume 43
Writing plain text for 661
ngb-pt-0661-bib.txt
Text 661: No OCR File for Volume 43
Writing plain text for 662
ngb-pt-0662-bib.txt
Text 662: No OCR File for Volume 43
Writing plain text for 663
ngb-pt-0663-bib.txt
Text 663: No OCR File for Volume 43
Writing plain text for 664
ngb-pt-0664-bib.txt
Text 664: No OCR File for Volume 43
Writing plain text for 665
ngb-pt-0665-bib.txt
Text 665: No OCR File for Volume 43
Writing plain text for 666
ngb-pt-0666-bib.txt
Text 666: No OCR File for Volume 43
Writing plain text for 667
ngb-pt-0667-bib.txt
Text 667: No OCR File for Volume 43
Writing plain text for 668
ngb-pt-0668-bib.txt
Text 668: No OCR File for Volume 43
Writing plain text for 669
ngb-pt-0669-bib.txt
Text 669: No OCR File for Volume 43
Writing plain text for 670
ngb-pt-0670-bib.txt
Text 670: No OCR File for Volume 43
Writing plain text for 671
ngb-pt-0671-bib.txt
Text 671: No OCR File for Volume 43
Writing plain text for 672
ngb-pt-0672-bib.txt
Text 672: No OCR File for Volume 43
Writing plain text for 673
ngb-pt-0673-bib.txt
Text 673: No OCR File for Volume 43
Writing plain text for 674
ngb-pt-0674-bib.txt
Text 674: No OCR File for Volume 43
Writing plain text for 675
ngb-pt-0675-bib.txt
Text 675: No OCR File for Volume 43
Writing plain text for 676
ngb-pt-0676-bib.txt
Text 676: No OCR File for Volume 43
Writing plain text for 677
ngb-pt-0677-bib.txt
here
Writing plain text for 678
ngb-pt-0678-bib.txt
here
Writing plain text for 679
ngb-pt-0679-bib.txt
here
Writing plain text for 680
ngb-pt-0680-bib.txt
here
Writing plain text for 681
ngb-pt-0681-bib.txt
here
Writing plain text for 682
ngb-pt-0682-bib.txt
here
Writing plain text for 683
ngb-pt-0683-bib.txt
here
Writing plain text for 684
ngb-pt-0684-bib.txt
here
Writing plain text for 685
ngb-pt-0685-bib.txt
here
Writing plain text for 686
ngb-pt-0686-bib.txt
here
Writing plain text for 687
ngb-pt-0687-bib.txt
here
Writing plain text for 688
ngb-pt-0688-bib.txt
here
Writing plain text for 689
ngb-pt-0689-bib.txt
here
Writing plain text for 690
ngb-pt-0690-bib.txt
here
Writing plain text for 691
ngb-pt-0691-bib.txt
here
Writing plain text for 692
ngb-pt-0692-bib.txt
here
Writing plain text for 693
ngb-pt-0693-bib.txt
here
Writing plain text for 694
ngb-pt-0694-bib.txt
here
Writing plain text for 695
ngb-pt-0695-bib.txt
here
Writing plain text for 696
ngb-pt-0696-bib.txt
here
Writing plain text for 697
ngb-pt-0697-bib.txt
here
Writing plain text for 698
ngb-pt-0698-bib.txt
Text 698: No OCR File for Volume 45
Writing plain text for 699
ngb-pt-0699-bib.txt
Text 699: No OCR File for Volume 45
Writing plain text for 700
ngb-pt-0700-bib.txt
Text 700: No OCR File for Volume 45
Writing plain text for 701
ngb-pt-0701-bib.txt
Text 701: No OCR File for Volume 45
Writing plain text for 702
ngb-pt-0702-bib.txt
Text 702: No OCR File for Volume 45
Writing plain text for 703
ngb-pt-0703-bib.txt
Text 703: No OCR File for Volume 45
Writing plain text for 704
ngb-pt-0704-bib.txt
Text 704: No OCR File for Volume 45
Writing plain text for 705
ngb-pt-0705-bib.txt
Text 705: No OCR File for Volume 45
Writing plain text for 706
ngb-pt-0706-bib.txt
Text 706: No OCR File for Volume 45
Writing plain text for 707
ngb-pt-0707-bib.txt
Text 707: No OCR File for Volume 45
Writing plain text for 708
ngb-pt-0708-bib.txt
Text 708: No OCR File for Volume 45
Writing plain text for 709
ngb-pt-0709-bib.txt
Text 709: No OCR File for Volume 45
Writing plain text for 710
ngb-pt-0710-bib.txt
Text 710: No OCR File for Volume 45
Writing plain text for 711
ngb-pt-0711-bib.txt
Text 711: No OCR File for Volume 45
Writing plain text for 712
ngb-pt-0712-bib.txt
Text 712: No OCR File for Volume 45
Writing plain text for 713
ngb-pt-0713-bib.txt
Text 713: No OCR File for Volume 45
Writing plain text for 714
ngb-pt-0714-bib.txt
Text 714: No OCR File for Volume 45
Writing plain text for 715
ngb-pt-0715-bib.txt
Text 715: No OCR File for Volume 45
Writing plain text for 716
ngb-pt-0716-bib.txt
Text 716: No OCR File for Volume 45
Writing plain text for 717
ngb-pt-0717-bib.txt
Text 717: No OCR File for Volume 45
Writing plain text for 718
ngb-pt-0718-bib.txt
Text 718: No OCR File for Volume 45
Writing plain text for 719
ngb-pt-0719-bib.txt
Text 719: No OCR File for Volume 45
Writing plain text for 720
ngb-pt-0720-bib.txt
Text 720: No OCR File for Volume 45
Writing plain text for 721
ngb-pt-0721-bib.txt
Text 721: No OCR File for Volume 45
Writing plain text for 722
ngb-pt-0722-bib.txt
here
Writing plain text for 723
ngb-pt-0723-bib.txt
here
Writing plain text for 724
ngb-pt-0724-bib.txt
here
Writing plain text for 725
ngb-pt-0725-bib.txt
here
Writing plain text for 726
ngb-pt-0726-bib.txt
here
Writing plain text for 727
ngb-pt-0727-bib.txt
here
Writing plain text for 728
ngb-pt-0728-bib.txt
here
Writing plain text for 729
ngb-pt-0729-bib.txt
here
Writing plain text for 730
ngb-pt-0730-bib.txt
here
Writing plain text for 731
ngb-pt-0731-bib.txt
here
Writing plain text for 732
ngb-pt-0732-bib.txt
here
Writing plain text for 733
ngb-pt-0733-bib.txt
here
Writing plain text for 734
ngb-pt-0734-bib.txt
here
Writing plain text for 735
ngb-pt-0735-bib.txt
here
Writing plain text for 736
ngb-pt-0736-bib.txt
here
Writing plain text for 737
ngb-pt-0737-bib.txt
here
Writing plain text for 738
ngb-pt-0738-bib.txt
here
Writing plain text for 739
ngb-pt-0739-bib.txt
here
Writing plain text for 740
ngb-pt-0740-bib.txt
here
Writing plain text for 741
ngb-pt-0741-bib.txt
here
Writing plain text for 742
ngb-pt-0742-bib.txt
here
Writing plain text for 743
ngb-pt-0743-bib.txt
here
Writing plain text for 744
ngb-pt-0744-bib.txt
here
Writing plain text for 745
ngb-pt-0745-bib.txt
here
Writing plain text for 746
ngb-pt-0746-bib.txt
here
Writing plain text for 747
ngb-pt-0747-bib.txt
here
Writing plain text for 748
ngb-pt-0748-bib.txt
here
Writing plain text for 749
ngb-pt-0749-bib.txt
here
Writing plain text for 750
ngb-pt-0750-bib.txt
here
Writing plain text for 751
ngb-pt-0751-bib.txt
here
Writing plain text for 752
ngb-pt-0752-bib.txt
here
Writing plain text for 753
ngb-pt-0753-bib.txt
here
Writing plain text for 754
ngb-pt-0754-bib.txt
here
Writing plain text for 755
ngb-pt-0755-bib.txt
here
Writing plain text for 756
ngb-pt-0756-bib.txt
here
Writing plain text for 757
ngb-pt-0757-bib.txt
here
Writing plain text for 758
ngb-pt-0758-bib.txt
here
Writing plain text for 759
ngb-pt-0759-bib.txt
here
Writing plain text for 760
ngb-pt-0760-bib.txt
here
Writing plain text for 761
ngb-pt-0761-bib.txt
here
Writing plain text for 762
ngb-pt-0762-bib.txt
here
Writing plain text for 763
ngb-pt-0763-bib.txt
here
Writing plain text for 764
ngb-pt-0764-bib.txt
here
Writing plain text for 765
ngb-pt-0765-bib.txt
here
Writing plain text for 766
ngb-pt-0766-bib.txt
here
Writing plain text for 767
ngb-pt-0767-bib.txt
here
Writing plain text for 768
ngb-pt-0768-bib.txt
here
Writing plain text for 769
ngb-pt-0769-bib.txt
here
Writing plain text for 770
ngb-pt-0770-bib.txt
here
Writing plain text for 771
ngb-pt-0771-bib.txt
here
Writing plain text for 772
ngb-pt-0772-bib.txt
here
Writing plain text for 773
ngb-pt-0773-bib.txt
here
Writing plain text for 774
ngb-pt-0774-bib.txt
here
Writing plain text for 775
ngb-pt-0775-bib.txt
here
Writing plain text for 776
ngb-pt-0776-bib.txt
here
Writing plain text for 777
ngb-pt-0777-bib.txt
here
Writing plain text for 778
ngb-pt-0778-bib.txt
here
Writing plain text for 779
ngb-pt-0779-bib.txt
here
Writing plain text for 780
ngb-pt-0780-bib.txt
here
Writing plain text for 781
ngb-pt-0781-bib.txt
here
Writing plain text for 782
ngb-pt-0782-bib.txt
here
Writing plain text for 783
ngb-pt-0783-bib.txt
here
Writing plain text for 784
ngb-pt-0784-bib.txt
here
Writing plain text for 785
ngb-pt-0785-bib.txt
here
Writing plain text for 786
ngb-pt-0786-bib.txt
here
Writing plain text for 787
ngb-pt-0787-bib.txt
here
Writing plain text for 788
ngb-pt-0788-bib.txt
here
Writing plain text for 789
ngb-pt-0789-bib.txt
here
Writing plain text for 790
ngb-pt-0790-bib.txt
here
Writing plain text for 791
ngb-pt-0791-bib.txt
here
Writing plain text for 792
ngb-pt-0792-bib.txt
here
Writing plain text for 793
ngb-pt-0793-bib.txt
here
Writing plain text for 794
ngb-pt-0794-bib.txt
here
Writing plain text for 795
ngb-pt-0795-bib.txt
here
Writing plain text for 796
ngb-pt-0796-bib.txt
here
Writing plain text for 797
ngb-pt-0797-bib.txt
here
Writing plain text for 798
ngb-pt-0798-bib.txt
here
Writing plain text for 799
ngb-pt-0799-bib.txt
here
Writing plain text for 800
ngb-pt-0800-bib.txt
here
Writing plain text for 801
ngb-pt-0801-bib.txt
here
Writing plain text for 802
ngb-pt-0802-bib.txt
here
Writing plain text for 803
ngb-pt-0803-bib.txt
here
Writing plain text for 804
ngb-pt-0804-bib.txt
here
Writing plain text for 805
ngb-pt-0805-bib.txt
here
Writing plain text for 806
ngb-pt-0806-bib.txt
here
Writing plain text for 807
ngb-pt-0807-bib.txt
here
Writing plain text for 808
ngb-pt-0808-bib.txt
here
Writing plain text for 809
ngb-pt-0809-bib.txt
here
Writing plain text for 810
ngb-pt-0810-bib.txt
here
Writing plain text for 811
ngb-pt-0811-bib.txt
Text 811: No OCR File for Volume 50
Writing plain text for 812
ngb-pt-0812-bib.txt
Text 812: No OCR File for Volume 50
Writing plain text for 813
ngb-pt-0813-bib.txt
Text 813: No OCR File for Volume 50
Writing plain text for 814
ngb-pt-0814-bib.txt
Text 814: No OCR File for Volume 50
Writing plain text for 815
ngb-pt-0815-bib.txt
Text 815: No OCR File for Volume 50
Writing plain text for 816
ngb-pt-0816-bib.txt
Text 816: No OCR File for Volume 50
Writing plain text for 817
ngb-pt-0817-bib.txt
Text 817: No OCR File for Volume 50
Writing plain text for 818
ngb-pt-0818-bib.txt
Text 818: No OCR File for Volume 50
Writing plain text for 819
ngb-pt-0819-bib.txt
Text 819: No OCR File for Volume 50
Writing plain text for 820
ngb-pt-0820-bib.txt
Text 820: No OCR File for Volume 50
Writing plain text for 821
ngb-pt-0821-bib.txt
Text 821: No OCR File for Volume 50
Writing plain text for 822
ngb-pt-0822-bib.txt
Text 822: No OCR File for Volume 50
Writing plain text for 823
ngb-pt-0823-bib.txt
Text 823: No OCR File for Volume 50
Writing plain text for 824
ngb-pt-0824-bib.txt
Text 824: No OCR File for Volume 50
Writing plain text for 825
ngb-pt-0825-bib.txt
Text 825: No OCR File for Volume 50
Writing plain text for 826
ngb-pt-0826-bib.txt
Text 826: No OCR File for Volume 50
Writing plain text for 827
ngb-pt-0827-bib.txt
Text 827: No OCR File for Volume 50
Writing plain text for 828
ngb-pt-0828-bib.txt
Text 828: No OCR File for Volume 50
Writing plain text for 829
ngb-pt-0829-bib.txt
Text 829: No OCR File for Volume 50
Writing plain text for 830
ngb-pt-0830-bib.txt
Text 830: No OCR File for Volume 50
Writing plain text for 831
ngb-pt-0831-bib.txt
Text 831: No OCR File for Volume 50
Writing plain text for 832
ngb-pt-0832-bib.txt
Text 832: No OCR File for Volume 50
Writing plain text for 833
ngb-pt-0833-bib.txt
Text 833: No OCR File for Volume 50
Writing plain text for 834
ngb-pt-0834-bib.txt
Text 834: No OCR File for Volume 50
Writing plain text for 835
ngb-pt-0835-bib.txt
Text 835: No OCR File for Volume 50
Writing plain text for 836
ngb-pt-0836-bib.txt
Text 836: No OCR File for Volume 50
Writing plain text for 837
ngb-pt-0837-bib.txt
Text 837: No OCR File for Volume 50
Writing plain text for 838
ngb-pt-0838-bib.txt
Text 838: No OCR File for Volume 50
Writing plain text for 839
ngb-pt-0839-bib.txt
Text 839: No OCR File for Volume 50
Writing plain text for 840
ngb-pt-0840-bib.txt
Text 840: No OCR File for Volume 50
Writing plain text for 841
ngb-pt-0841-bib.txt
Text 841: No OCR File for Volume 50
Writing plain text for 842
ngb-pt-0842-bib.txt
Text 842: No OCR File for Volume 50
Writing plain text for 843
ngb-pt-0843-bib.txt
Text 843: No OCR File for Volume 50
Writing plain text for 844
ngb-pt-0844-bib.txt
Text 844: No OCR File for Volume 50
Writing plain text for 845
ngb-pt-0845-bib.txt
Text 845: No OCR File for Volume 50
Writing plain text for 846
ngb-pt-0846-bib.txt
Text 846: No OCR File for Volume 50
Writing plain text for 847
ngb-pt-0847-bib.txt
Text 847: No OCR File for Volume 50
Writing plain text for 848
ngb-pt-0848-bib.txt
Text 848: No OCR File for Volume 50
Writing plain text for 849
ngb-pt-0849-bib.txt
Text 849: No OCR File for Volume 50
Writing plain text for 850
ngb-pt-0850-bib.txt
Text 850: No OCR File for Volume 50
Writing plain text for 851
ngb-pt-0851-bib.txt
Text 851: No OCR File for Volume 50
Writing plain text for 852
ngb-pt-0852-bib.txt
Text 852: No OCR File for Volume 50
Writing plain text for 853
ngb-pt-0853-bib.txt
Text 853: No OCR File for Volume 50
Writing plain text for 854
ngb-pt-0854-bib.txt
Text 854: No OCR File for Volume 50
Writing plain text for 855
ngb-pt-0855-bib.txt
Text 855: No OCR File for Volume 50
Writing plain text for 856
ngb-pt-0856-bib.txt
Text 856: No OCR File for Volume 50
Writing plain text for 857
ngb-pt-0857-bib.txt
here
Writing plain text for 858
ngb-pt-0858-bib.txt
here
Writing plain text for 859
ngb-pt-0859-bib.txt
here
Writing plain text for 860
ngb-pt-0860-bib.txt
here
Writing plain text for 861
ngb-pt-0861-bib.txt
here
Writing plain text for 862
ngb-pt-0862-bib.txt
here
Writing plain text for 863
ngb-pt-0863-bib.txt
here
Writing plain text for 864
ngb-pt-0864-bib.txt
here
Writing plain text for 865
ngb-pt-0865-bib.txt
here
Writing plain text for 866
ngb-pt-0866-bib.txt
here
Writing plain text for 867
ngb-pt-0867-bib.txt
here
Writing plain text for 868
ngb-pt-0868-bib.txt
here
Writing plain text for 869
ngb-pt-0869-bib.txt
here
Writing plain text for 870
ngb-pt-0870-bib.txt
here
Writing plain text for 871
ngb-pt-0871-bib.txt
here
Writing plain text for 872
ngb-pt-0872-bib.txt
here
Writing plain text for 873
ngb-pt-0873-bib.txt
here
Writing plain text for 874
ngb-pt-0874-bib.txt
here
Writing plain text for 875
ngb-pt-0875-bib.txt
here
Writing plain text for 876
ngb-pt-0876-bib.txt
here
Writing plain text for 877
ngb-pt-0877-bib.txt
here
Writing plain text for 878
ngb-pt-0878-bib.txt
here
Writing plain text for 879
ngb-pt-0879-bib.txt
here
Writing plain text for 880
ngb-pt-0880-bib.txt
here
Writing plain text for 881
ngb-pt-0881-bib.txt
here
Writing plain text for 882
ngb-pt-0882-bib.txt
here
Writing plain text for 883
ngb-pt-0883-bib.txt
here
Writing plain text for 884
ngb-pt-0884-bib.txt
here
Writing plain text for 885
ngb-pt-0885-bib.txt
here
Writing plain text for 886
ngb-pt-0886-bib.txt
here
Writing plain text for 887
ngb-pt-0887-bib.txt
here
Writing plain text for 888
ngb-pt-0888-bib.txt
here
Writing plain text for 889
ngb-pt-0889-bib.txt
here
Writing plain text for 890
ngb-pt-0890-bib.txt
here
Writing plain text for 891
ngb-pt-0891-bib.txt
here
Writing plain text for 892
ngb-pt-0892-bib.txt
here
Writing plain text for 893
ngb-pt-0893-bib.txt
here
Writing plain text for 894
ngb-pt-0894-bib.txt
here
Writing plain text for 895
ngb-pt-0895-bib.txt
here
Writing plain text for 896
ngb-pt-0896-bib.txt
here
Writing plain text for 897
ngb-pt-0897-bib.txt
here
Writing plain text for 898
ngb-pt-0898-bib.txt
here
Writing plain text for 899
ngb-pt-0899-bib.txt
here
Writing plain text for 900
ngb-pt-0900-bib.txt
here
Writing plain text for 901
ngb-pt-0901-bib.txt
here
Writing plain text for 902
ngb-pt-0902-bib.txt
here
Writing plain text for 903
ngb-pt-0903-bib.txt
here
Writing plain text for 904
ngb-pt-0904-bib.txt
here
Writing plain text for 905
ngb-pt-0905-bib.txt
here
Writing plain text for 906
ngb-pt-0906-bib.txt
here
Writing plain text for 907
ngb-pt-0907-bib.txt
here
Writing plain text for 908
ngb-pt-0908-bib.txt
here
Writing plain text for 909
ngb-pt-0909-bib.txt
here
Writing plain text for 910
ngb-pt-0910-bib.txt
here
Writing plain text for 911
ngb-pt-0911-bib.txt
here
Writing plain text for 912
ngb-pt-0912-bib.txt
here
Writing plain text for 913
ngb-pt-0913-bib.txt
here
Writing plain text for 914
ngb-pt-0914-bib.txt
here
Writing plain text for 915
ngb-pt-0915-bib.txt
here
Writing plain text for 916
ngb-pt-0916-bib.txt
here
Writing plain text for 917
ngb-pt-0917-bib.txt
here
Writing plain text for 918
ngb-pt-0918-bib.txt
here
Writing plain text for 919
ngb-pt-0919-bib.txt
here
Writing plain text for 920
ngb-pt-0920-bib.txt
here
Writing plain text for 921
ngb-pt-0921-bib.txt
here
Writing plain text for 922
ngb-pt-0922-bib.txt
here
Writing plain text for 923
ngb-pt-0923-bib.txt
here
Writing plain text for 924
ngb-pt-0924-bib.txt
here
Writing plain text for 925
ngb-pt-0925-bib.txt
here
Writing plain text for 926
ngb-pt-0926-bib.txt
here
Writing plain text for 927
ngb-pt-0927-bib.txt
here
Writing plain text for 928
ngb-pt-0928-bib.txt
here
Writing plain text for 929
ngb-pt-0929-bib.txt
here
Writing plain text for 930
ngb-pt-0930-bib.txt
here
Writing plain text for 931
ngb-pt-0931-bib.txt
here
Writing plain text for 932
ngb-pt-0932-bib.txt
here
Writing plain text for 933
ngb-pt-0933-bib.txt
here
Writing plain text for 934
ngb-pt-0934-bib.txt
here
Writing plain text for 935
ngb-pt-0935-bib.txt
here
Writing plain text for 936
ngb-pt-0936-bib.txt
here
Writing plain text for 937
ngb-pt-0937-bib.txt
here
Writing plain text for 938
ngb-pt-0938-bib.txt
here
Writing plain text for 939
ngb-pt-0939-bib.txt
here
Writing plain text for 940
ngb-pt-0940-bib.txt
here
Writing plain text for 941
ngb-pt-0941-bib.txt
here
Writing plain text for 942
ngb-pt-0942-bib.txt
here
Writing plain text for 943
ngb-pt-0943-bib.txt
here
Writing plain text for 944
ngb-pt-0944-bib.txt
here
Writing plain text for 945
ngb-pt-0945-bib.txt
here
Writing plain text for 946
ngb-pt-0946-bib.txt
here
Writing plain text for 947
ngb-pt-0947-bib.txt
here
Writing plain text for 948
ngb-pt-0948-bib.txt
here
