Log file for Peltsek conversion
arguments: {'path': 'plaintexts', 'type': 'plain'}
Automatically fixing missing paginations and line numbers.
To disable this comment out Catalog.py line 92.
Writing plain text for 1
ngb-pt-0001-bib.txt
Can't find page 1, trying next page
Writing plain text for 2
ngb-pt-0002-bib.txt
Writing plain text for 3
ngb-pt-0003-bib.txt
Writing plain text for 4
ngb-pt-0004-bib.txt
Writing plain text for 5
ngb-pt-0005-bib.txt
Writing plain text for 6
ngb-pt-0006-bib.txt
Writing plain text for 7
ngb-pt-0007-bib.txt
Writing plain text for 8
ngb-pt-0008-bib.txt
Writing plain text for 9
ngb-pt-0009-bib.txt
Writing plain text for 10
ngb-pt-0010-bib.txt
Writing plain text for 11
ngb-pt-0011-bib.txt
Writing plain text for 12
ngb-pt-0012-bib.txt
Writing plain text for 13
ngb-pt-0013-bib.txt
Writing plain text for 14
ngb-pt-0014-bib.txt
Writing plain text for 15
ngb-pt-0015-bib.txt
Writing plain text for 16
ngb-pt-0016-bib.txt
Writing plain text for 17
ngb-pt-0017-bib.txt
Writing plain text for 18
ngb-pt-0018-bib.txt
Writing plain text for 19
ngb-pt-0019-bib.txt
None numeric n value: tbocrtifs/ngb_vol01/out_0697.tif
Writing plain text for 20
ngb-pt-0020-bib.txt
Can't find page 1, trying next page
Writing plain text for 21
ngb-pt-0021-bib.txt
Writing plain text for 22
ngb-pt-0022-bib.txt
Writing plain text for 23
ngb-pt-0023-bib.txt
Writing plain text for 24
ngb-pt-0024-bib.txt
Writing plain text for 25
ngb-pt-0025-bib.txt
Writing plain text for 26
ngb-pt-0026-bib.txt
Writing plain text for 27
ngb-pt-0027-bib.txt
Writing plain text for 28
ngb-pt-0028-bib.txt
Writing plain text for 29
ngb-pt-0029-bib.txt
Writing plain text for 30
ngb-pt-0030-bib.txt
Writing plain text for 31
ngb-pt-0031-bib.txt
Writing plain text for 32
ngb-pt-0032-bib.txt
Writing plain text for 33
ngb-pt-0033-bib.txt
Writing plain text for 34
ngb-pt-0034-bib.txt
Writing plain text for 35
ngb-pt-0035-bib.txt
Writing plain text for 36
ngb-pt-0036-bib.txt
Writing plain text for 37
ngb-pt-0037-bib.txt
Writing plain text for 38
ngb-pt-0038-bib.txt
Writing plain text for 39
ngb-pt-0039-bib.txt
Writing plain text for 40
ngb-pt-0040-bib.txt
Writing plain text for 41
ngb-pt-0041-bib.txt
Writing plain text for 42
ngb-pt-0042-bib.txt
Writing plain text for 43
ngb-pt-0043-bib.txt
Writing plain text for 44
ngb-pt-0044-bib.txt
Writing plain text for 45
ngb-pt-0045-bib.txt
Writing plain text for 46
ngb-pt-0046-bib.txt
Writing plain text for 47
ngb-pt-0047-bib.txt
Writing plain text for 48
ngb-pt-0048-bib.txt
Writing plain text for 49
ngb-pt-0049-bib.txt
Writing plain text for 50
ngb-pt-0050-bib.txt
Can't find page 1, trying next page
Writing plain text for 51
ngb-pt-0051-bib.txt
Writing plain text for 52
ngb-pt-0052-bib.txt
Writing plain text for 53
ngb-pt-0053-bib.txt
Writing plain text for 54
ngb-pt-0054-bib.txt
Writing plain text for 55
ngb-pt-0055-bib.txt
Can't find page 1, trying next page
Writing plain text for 56
ngb-pt-0056-bib.txt
Writing plain text for 57
ngb-pt-0057-bib.txt
Writing plain text for 58
ngb-pt-0058-bib.txt
Writing plain text for 59
ngb-pt-0059-bib.txt
Writing plain text for 60
ngb-pt-0060-bib.txt
Writing plain text for 61
ngb-pt-0061-bib.txt
Writing plain text for 62
ngb-pt-0062-bib.txt
Writing plain text for 63
ngb-pt-0063-bib.txt
Writing plain text for 64
ngb-pt-0064-bib.txt
Writing plain text for 65
ngb-pt-0065-bib.txt
Writing plain text for 66
ngb-pt-0066-bib.txt
Can't find page 1, trying next page
Writing plain text for 67
ngb-pt-0067-bib.txt
Writing plain text for 68
ngb-pt-0068-bib.txt
Writing plain text for 69
ngb-pt-0069-bib.txt
Writing plain text for 70
ngb-pt-0070-bib.txt
Writing plain text for 71
ngb-pt-0071-bib.txt
Writing plain text for 72
ngb-pt-0072-bib.txt
Writing plain text for 73
ngb-pt-0073-bib.txt
Writing plain text for 74
ngb-pt-0074-bib.txt
Writing plain text for 75
ngb-pt-0075-bib.txt
Writing plain text for 76
ngb-pt-0076-bib.txt
Writing plain text for 77
ngb-pt-0077-bib.txt
Writing plain text for 78
ngb-pt-0078-bib.txt
Writing plain text for 79
ngb-pt-0079-bib.txt
Writing plain text for 80
ngb-pt-0080-bib.txt
